Log file open, 01/16/19 13:28:09
LogWindows: Failed to load 'aqProf.dll' (GetLastError=126)
LogWindows: File 'aqProf.dll' does not exist
LogWindows: Failed to load 'VtuneApi.dll' (GetLastError=126)
LogWindows: File 'VtuneApi.dll' does not exist
LogWindows: Failed to load 'VtuneApi32e.dll' (GetLastError=126)
LogWindows: File 'VtuneApi32e.dll' does not exist
LogInit: Display: Running engine for game: JRH_WhiteBoxSc01
LogPlatformFile: Not using cached read wrapper
LogTaskGraph: Started task graph with 5 named threads and 23 total threads with 3 sets of task threads.
LogStats: Stats thread started at 0.277507
LogD3D11RHI: Loaded GFSDK_Aftermath_Lib.x64.dll
LogICUInternationalization: Display: ICU TimeZone Detection - Raw Offset: -7:00, Platform Override: ''
LogPluginManager: Mounting plugin Paper2D
LogPluginManager: Mounting plugin AISupport
LogPluginManager: Mounting plugin LightPropagationVolume
LogPluginManager: Mounting plugin CLionSourceCodeAccess
LogPluginManager: Mounting plugin CodeLiteSourceCodeAccess
LogPluginManager: Mounting plugin GitSourceControl
LogPluginManager: Mounting plugin KDevelopSourceCodeAccess
LogPluginManager: Mounting plugin NullSourceCodeAccess
LogPluginManager: Mounting plugin PerforceSourceControl
LogPluginManager: Mounting plugin SubversionSourceControl
LogPluginManager: Mounting plugin UObjectPlugin
LogPluginManager: Mounting plugin VisualStudioCodeSourceCodeAccess
LogPluginManager: Mounting plugin VisualStudioSourceCodeAccess
LogPluginManager: Mounting plugin XCodeSourceCodeAccess
LogPluginManager: Mounting plugin AssetManagerEditor
LogPluginManager: Mounting plugin CryptoKeys
LogPluginManager: Mounting plugin DataValidation
LogPluginManager: Mounting plugin FacialAnimation
LogPluginManager: Mounting plugin GameplayTagsEditor
LogPluginManager: Mounting plugin MacGraphicsSwitching
LogPluginManager: Mounting plugin MeshEditor
LogPluginManager: Mounting plugin MobileLauncherProfileWizard
LogPluginManager: Mounting plugin PluginBrowser
LogPluginManager: Mounting plugin SpeedTreeImporter
LogPluginManager: Mounting plugin DatasmithContent
LogPluginManager: Mounting plugin AlembicImporter
LogPluginManager: Mounting plugin AppleImageUtils
LogPluginManager: Mounting plugin AppleVision
LogPluginManager: Mounting plugin BackChannel
LogPluginManager: Mounting plugin CharacterAI
LogPluginManager: Mounting plugin GeometryCache
LogPluginManager: Mounting plugin HTML5Networking
LogPluginManager: Mounting plugin ProxyLODPlugin
LogPluginManager: Mounting plugin MagicLeap
LogPluginManager: Mounting plugin MagicLeapEmulator
LogPluginManager: Mounting plugin MagicLeapMedia
LogPluginManager: Mounting plugin AndroidMedia
LogPluginManager: Mounting plugin AvfMedia
LogPluginManager: Mounting plugin ImgMedia
LogPluginManager: Mounting plugin LinearTimecode
LogPluginManager: Mounting plugin MediaCompositing
LogPluginManager: Mounting plugin MediaPlayerEditor
LogPluginManager: Mounting plugin WmfMedia
LogPluginManager: Mounting plugin TcpMessaging
LogPluginManager: Mounting plugin UdpMessaging
LogPluginManager: Mounting plugin ActorSequence
LogPluginManager: Mounting plugin LevelSequenceEditor
LogPluginManager: Mounting plugin MatineeToLevelSequence
LogPluginManager: Mounting plugin NetcodeUnitTest
LogPluginManager: Mounting plugin NUTUnrealEngine4
LogPluginManager: Mounting plugin OnlineSubsystemGooglePlay
LogPluginManager: Mounting plugin OnlineSubsystemIOS
LogPluginManager: Mounting plugin OnlineSubsystem
LogPluginManager: Mounting plugin OnlineSubsystemNull
LogPluginManager: Mounting plugin OnlineSubsystemUtils
LogPluginManager: Mounting plugin LauncherChunkInstaller
LogPluginManager: Mounting plugin AndroidDeviceProfileSelector
LogPluginManager: Mounting plugin AndroidMoviePlayer
LogPluginManager: Mounting plugin AndroidPermission
LogPluginManager: Mounting plugin AppleMoviePlayer
LogPluginManager: Mounting plugin ArchVisCharacter
LogPluginManager: Mounting plugin AudioCapture
LogPluginManager: Mounting plugin CableComponent
LogPluginManager: Mounting plugin CustomMeshComponent
LogPluginManager: Mounting plugin EditableMesh
LogPluginManager: Mounting plugin ExampleDeviceProfileSelector
LogPluginManager: Mounting plugin GoogleCloudMessaging
LogPluginManager: Mounting plugin ImmediatePhysics
LogPluginManager: Mounting plugin IOSDeviceProfileSelector
LogPluginManager: Mounting plugin LinuxDeviceProfileSelector
LogPluginManager: Mounting plugin LocationServicesBPLibrary
LogPluginManager: Mounting plugin MobilePatchingUtils
LogPluginManager: Mounting plugin OculusVR
LogPluginManager: Plugin shader directory ../../../Engine/Plugins/Runtime/Oculus/OculusVR/Shaders found
LogPluginManager: Mapping shader source directory ../../../Engine/Plugins/Runtime/Oculus/OculusVR/Shaders to virtual directory /Plugin/OculusVR
LogPluginManager: Mounting plugin PhysXVehicles
LogPluginManager: Mounting plugin ProceduralMeshComponent
LogPluginManager: Mounting plugin RuntimePhysXCooking
LogPluginManager: Mounting plugin SteamVR
LogPluginManager: Mounting plugin WindowsMoviePlayer
LogStreaming: Display: Took  0.100s to configure plugins.
LogInit: Using libcurl 7.55.1-DEV
LogInit:  - built for x86_64-pc-win32
LogInit:  - supports SSL with OpenSSL/1.0.2h
LogInit:  - supports HTTP deflate (compression) using libz 1.2.8
LogInit:  - other features:
LogInit:      CURL_VERSION_SSL
LogInit:      CURL_VERSION_LIBZ
LogInit:      CURL_VERSION_IPV6
LogInit:      CURL_VERSION_ASYNCHDNS
LogInit:      CURL_VERSION_LARGEFILE
LogInit:      CURL_VERSION_IDN
LogInit:  CurlRequestOptions (configurable via config and command line):
LogInit:  - bVerifyPeer = false  - Libcurl will NOT verify peer certificate
LogInit:  - bUseHttpProxy = false  - Libcurl will NOT use HTTP proxy
LogInit:  - bDontReuseConnections = false  - Libcurl will reuse connections
LogInit:  - CertBundlePath = nullptr  - Libcurl will use whatever was configured at build time.
LogInit:  - MaxHostConnections = 16  - Libcurl will limit the number of connections to a host
LogInit:  - LocalHostAddr = Default
LogInit:  - BufferSize = 65536
LogInit: WinSock: version 1.1 (2.2), MaxSocks=32767, MaxUdp=65467
LogInit: Build: ++UE4+Release-4.20-CL-4369336
LogInit: Engine Version: 4.20.3-4369336+++UE4+Release-4.20
LogInit: Compatible Engine Version: 4.20.0-4212847+++UE4+Release-4.20
LogInit: Net CL: 4212847
LogInit: OS: Windows 10 (), CPU: Intel(R) Core(TM) i7-8809G CPU @ 3.10GHz, GPU: Radeon RX Vega M GH Graphics
LogInit: Compiled (64-bit): Sep 17 2018 12:26:19
LogInit: Compiled with Visual C++: 19.13.26129.00
LogInit: Build Configuration: Development
LogInit: Branch Name: ++UE4+Release-4.20
LogInit: Command Line:  
LogInit: Base Directory: C:/Program Files/Epic Games/UE_4.20/Engine/Binaries/Win64/
LogInit: Installed Engine Build: 1
LogDevObjectVersion: Number of dev versions registered: 20
LogDevObjectVersion:   Dev-Blueprints (B0D832E4-1F89-4F0D-ACCF-7EB736FD4AA2): 10
LogDevObjectVersion:   Dev-Build (E1C64328-A22C-4D53-A36C-8E866417BD8C): 0
LogDevObjectVersion:   Dev-Core (375EC13C-06E4-48FB-B500-84F0262A717E): 2
LogDevObjectVersion:   Dev-Editor (E4B068ED-F494-42E9-A231-DA0B2E46BB41): 24
LogDevObjectVersion:   Dev-Framework (CFFC743F-43B0-4480-9391-14DF171D2073): 34
LogDevObjectVersion:   Dev-Mobile (B02B49B5-BB20-44E9-A304-32B752E40360): 2
LogDevObjectVersion:   Dev-Networking (A4E4105C-59A1-49B5-A7C5-40C4547EDFEE): 0
LogDevObjectVersion:   Dev-Online (39C831C9-5AE6-47DC-9A44-9C173E1C8E7C): 0
LogDevObjectVersion:   Dev-Physics (78F01B33-EBEA-4F98-B9B4-84EACCB95AA2): 0
LogDevObjectVersion:   Dev-Platform (6631380F-2D4D-43E0-8009-CF276956A95A): 0
LogDevObjectVersion:   Dev-Rendering (12F88B9F-8875-4AFC-A67C-D90C383ABD29): 26
LogDevObjectVersion:   Dev-Sequencer (7B5AE74C-D270-4C10-A958-57980B212A5A): 9
LogDevObjectVersion:   Dev-VR (D7296918-1DD6-4BDD-9DE2-64A83CC13884): 2
LogDevObjectVersion:   Dev-LoadTimes (C2A15278-BFE7-4AFE-6C17-90FF531DF755): 1
LogDevObjectVersion:   Private-Geometry (6EACA3D4-40EC-4CC1-B786-8BED09428FC5): 3
LogDevObjectVersion:   Dev-AnimPhys (29E575DD-E0A3-4627-9D10-D276232CDCEA): 17
LogDevObjectVersion:   Dev-ReflectionCapture (6B266CEC-1EC7-4B8F-A30B-E4D90942FC07): 1
LogDevObjectVersion:   Dev-Automation (0DF73D61-A23F-47EA-B727-89E90C41499A): 1
LogDevObjectVersion:   FortniteMain (601D1886-AC64-4F84-AA16-D3DE0DEAC7D6): 12
LogDevObjectVersion:   Dev-Enterprise (9DFFBCD6-494F-0158-E221-12823C92A888): 1
LogStreaming: Display: Took  0.000s to delete old logs.
LogInit: Presizing for max 8388607 objects, including 0 objects not considered by GC, pre-allocating 0 bytes for permanent pool.
LogInit: Object subsystem initialized
[2019.01.16-20.28.10:128][  0]LogInit: Selected Device Profile: [Windows]
[2019.01.16-20.28.10:128][  0]LogInit: Applying CVar settings loaded from the selected device profile: [Windows]
[2019.01.16-20.28.10:141][  0]LogHAL: Display: Platform has ~ 16 GB [17095323648 / 17179869184 / 16], which maps to Larger [LargestMinGB=32, LargerMinGB=12, DefaultMinGB=8, SmallerMinGB=6, SmallestMinGB=0)
[2019.01.16-20.28.10:141][  0]LogInit: Setting Device Profile CVar: [[r.Vulkan.UseRealUBs:1]]
[2019.01.16-20.28.10:141][  0]LogInit: Going up to parent DeviceProfile []
[2019.01.16-20.28.10:141][  0]LogInit: Computer: eae-n-003
[2019.01.16-20.28.10:141][  0]LogInit: User: u1127436
[2019.01.16-20.28.10:141][  0]LogInit: CPU Page size=4096, Cores=4
[2019.01.16-20.28.10:141][  0]LogInit: High frequency timer resolution =3.023436 MHz
[2019.01.16-20.28.10:142][  0]LogMemory: Memory total: Physical=15.9GB (16GB approx)
[2019.01.16-20.28.10:142][  0]LogMemory: Platform Memory Stats for Windows
[2019.01.16-20.28.10:142][  0]LogMemory: Process Physical Memory: 99.71 MB used, 99.71 MB peak
[2019.01.16-20.28.10:142][  0]LogMemory: Process Virtual Memory: 91.12 MB used, 91.12 MB peak
[2019.01.16-20.28.10:142][  0]LogMemory: Physical Memory: 5563.16 MB used,  10740.21 MB free, 16303.37 MB total
[2019.01.16-20.28.10:142][  0]LogMemory: Virtual Memory: 4640.71 MB used,  10740.21 MB free, 134217728.00 MB total
[2019.01.16-20.28.10:156][  0]LogInit: Using OS detected language (en-US).
[2019.01.16-20.28.10:156][  0]LogInit: Using OS detected locale (en-US).
[2019.01.16-20.28.10:157][  0]LogTextLocalizationManager: No specific localization for 'en-US' exists, so the 'en' localization will be used.
[2019.01.16-20.28.10:467][  0]LogStreaming: Display: Took  0.311s to InitEngineTextLocalization.
[2019.01.16-20.28.10:467][  0]LogInit: Setting process to per monitor DPI aware
[2019.01.16-20.28.10:501][  0]LogSlate: New Slate User Created.  User Index 0, Is Virtual User: 0
[2019.01.16-20.28.10:501][  0]LogSlate: Slate User Registered.  User Index 0, Is Virtual User: 0
[2019.01.16-20.28.10:665][  0]LogHMD: Failed to initialize OpenVR with code 110
[2019.01.16-20.28.10:665][  0]LogD3D11RHI: D3D11 adapters:
[2019.01.16-20.28.10:701][  0]LogD3D11RHI:    0. 'Radeon RX Vega M GH Graphics' (Feature Level 11_0)
[2019.01.16-20.28.10:701][  0]LogD3D11RHI:       4042/0/8151 MB DedicatedVideo/DedicatedSystem/SharedSystem, Outputs:1, VendorId:0x1002
[2019.01.16-20.28.10:712][  0]LogD3D11RHI:    1. 'Intel(R) HD Graphics 630' (Feature Level 11_0)
[2019.01.16-20.28.10:712][  0]LogD3D11RHI:       128/0/8151 MB DedicatedVideo/DedicatedSystem/SharedSystem, Outputs:0, VendorId:0x8086
[2019.01.16-20.28.10:714][  0]LogD3D11RHI:    2. 'Microsoft Basic Render Driver' (Feature Level 11_0)
[2019.01.16-20.28.10:714][  0]LogD3D11RHI:       0/0/8151 MB DedicatedVideo/DedicatedSystem/SharedSystem, Outputs:0, VendorId:0x1414
[2019.01.16-20.28.10:714][  0]LogD3D11RHI: Chosen D3D11 Adapter: 0
[2019.01.16-20.28.10:722][  0]LogD3D11RHI: Creating new Direct3DDevice
[2019.01.16-20.28.10:722][  0]LogD3D11RHI:     GPU DeviceId: 0x694c (for the marketing name, search the web for "GPU Device Id")
[2019.01.16-20.28.10:722][  0]LogWindows: EnumDisplayDevices:
[2019.01.16-20.28.10:722][  0]LogWindows:    0. 'Radeon RX Vega M GH Graphics' (P:1 D:1)
[2019.01.16-20.28.10:722][  0]LogWindows:    1. 'Radeon RX Vega M GH Graphics' (P:0 D:0)
[2019.01.16-20.28.10:722][  0]LogWindows:    2. 'Radeon RX Vega M GH Graphics' (P:0 D:0)
[2019.01.16-20.28.10:722][  0]LogWindows:    3. 'Radeon RX Vega M GH Graphics' (P:0 D:0)
[2019.01.16-20.28.10:723][  0]LogWindows:    4. 'Radeon RX Vega M GH Graphics' (P:0 D:0)
[2019.01.16-20.28.10:723][  0]LogWindows:    5. 'Radeon RX Vega M GH Graphics' (P:0 D:0)
[2019.01.16-20.28.10:723][  0]LogWindows:    6. 'Radeon RX Vega M GH Graphics' (P:0 D:0)
[2019.01.16-20.28.10:723][  0]LogWindows:    7. 'Intel(R) HD Graphics 630' (P:0 D:0)
[2019.01.16-20.28.10:723][  0]LogWindows:    8. 'Intel(R) HD Graphics 630' (P:0 D:0)
[2019.01.16-20.28.10:724][  0]LogWindows: DebugString: PrimaryIsNotTheChoosenAdapter PrimaryIsNotTheChoosenAdapter FoundDriverCount:7 
[2019.01.16-20.28.10:724][  0]LogD3D11RHI:     Adapter Name: Radeon RX Vega M GH Graphics
[2019.01.16-20.28.10:724][  0]LogD3D11RHI:   Driver Version: Adrenalin 18.9.1 (internal:24.20.11026.2001, unified:24.20.11026.2001)
[2019.01.16-20.28.10:724][  0]LogD3D11RHI:      Driver Date: 8-30-2018
[2019.01.16-20.28.10:724][  0]LogRHI: Texture pool is 2829 MB (70% of 4042 MB)
[2019.01.16-20.28.10:786][  0]LogD3D11RHI: Async texture creation enabled
[2019.01.16-20.28.10:797][  0]LogD3D11RHI: GPU Timing Frequency: 25.000000 (Debug: 2 1)
[2019.01.16-20.28.10:799][  0]LogShaderCompilers: Guid format shader working directory is -35 characters bigger than the processId version (../../../../../../Users/u1127436/Documents/GitHub/JRH_AssertPipline/JRH_WhiteBoxSc01/Intermediate/Shaders/WorkingDirectory/9232/).
[2019.01.16-20.28.10:799][  0]LogShaderCompilers: Cleaned the shader compiler working directory 'C:/Users/u1127436/AppData/Local/Temp/UnrealShaderWorkingDir/29B99FE14B1E4C4FDBAF509C96D18B12/'.
[2019.01.16-20.28.11:023][  0]LogTemp: Display: Loaded TP AllDesktopTargetPlatform
[2019.01.16-20.28.11:035][  0]LogTemp: Display: Loaded TP MacClientTargetPlatform
[2019.01.16-20.28.11:046][  0]LogTemp: Display: Loaded TP MacNoEditorTargetPlatform
[2019.01.16-20.28.11:056][  0]LogTemp: Display: Loaded TP MacServerTargetPlatform
[2019.01.16-20.28.11:070][  0]LogTemp: Display: Loaded TP MacTargetPlatform
[2019.01.16-20.28.11:082][  0]LogTemp: Display: Loaded TP WindowsClientTargetPlatform
[2019.01.16-20.28.11:094][  0]LogTemp: Display: Loaded TP WindowsNoEditorTargetPlatform
[2019.01.16-20.28.11:107][  0]LogTemp: Display: Loaded TP WindowsServerTargetPlatform
[2019.01.16-20.28.11:113][  0]LogTemp: Display: Loaded TP WindowsTargetPlatform
[2019.01.16-20.28.11:195][  0]LogTemp: Display: Loaded TP AndroidTargetPlatform
[2019.01.16-20.28.11:195][  0]LogTemp: Display: Loaded TP AndroidTargetPlatform
[2019.01.16-20.28.11:195][  0]LogTemp: Display: Loaded TP AndroidTargetPlatform
[2019.01.16-20.28.11:195][  0]LogTemp: Display: Loaded TP AndroidTargetPlatform
[2019.01.16-20.28.11:195][  0]LogTemp: Display: Loaded TP AndroidTargetPlatform
[2019.01.16-20.28.11:195][  0]LogTemp: Display: Loaded TP AndroidTargetPlatform
[2019.01.16-20.28.11:195][  0]LogTemp: Display: Loaded TP AndroidTargetPlatform
[2019.01.16-20.28.11:195][  0]LogTemp: Display: Loaded TP AndroidTargetPlatform
[2019.01.16-20.28.11:195][  0]LogTemp: Display: Loaded TP AndroidTargetPlatform
[2019.01.16-20.28.11:195][  0]LogTemp: Display: Loaded TP AndroidTargetPlatform
[2019.01.16-20.28.11:195][  0]LogTemp: Display: Loaded TP AndroidTargetPlatform
[2019.01.16-20.28.11:195][  0]LogTemp: Display: Loaded TP AndroidTargetPlatform
[2019.01.16-20.28.11:195][  0]LogTemp: Display: Loaded TP AndroidTargetPlatform
[2019.01.16-20.28.11:195][  0]LogTemp: Display: Loaded TP AndroidTargetPlatform
[2019.01.16-20.28.11:195][  0]LogTemp: Display: Loaded TP AndroidTargetPlatform
[2019.01.16-20.28.11:195][  0]LogTemp: Display: Loaded TP AndroidTargetPlatform
[2019.01.16-20.28.11:195][  0]LogTemp: Display: Loaded TP AndroidTargetPlatform
[2019.01.16-20.28.11:195][  0]LogTemp: Display: Loaded TP AndroidTargetPlatform
[2019.01.16-20.28.11:196][  0]LogTemp: Display: Loaded TP HTML5TargetPlatform
[2019.01.16-20.28.11:255][  0]LogTemp: Display: Loaded TP IOSTargetPlatform
[2019.01.16-20.28.11:255][  0]LogTemp: Display: Loaded TP IOSTargetPlatform
[2019.01.16-20.28.11:275][  0]LogTemp: Display: Loaded TP TVOSTargetPlatform
[2019.01.16-20.28.11:275][  0]LogTemp: Display: Loaded TP TVOSTargetPlatform
[2019.01.16-20.28.11:286][  0]LogTemp: Display: Loaded TP LinuxClientTargetPlatform
[2019.01.16-20.28.11:297][  0]LogTemp: Display: Loaded TP LinuxNoEditorTargetPlatform
[2019.01.16-20.28.11:308][  0]LogTemp: Display: Loaded TP LinuxServerTargetPlatform
[2019.01.16-20.28.11:319][  0]LogTemp: Display: Loaded TP LinuxTargetPlatform
[2019.01.16-20.28.11:328][  0]LogTemp: Display: Loaded TP LuminTargetPlatform
[2019.01.16-20.28.11:328][  0]LogTargetPlatformManager: Display: Building Assets For Windows
[2019.01.16-20.28.11:383][  0]LogXGEController: Cleaning working directory: C:/Users/u1127436/AppData/Local/Temp/UnrealXGEWorkingDir/
[2019.01.16-20.28.11:383][  0]LogXGEController: Cannot use XGE Controller as Incredibuild is not installed on this machine.
[2019.01.16-20.28.11:383][  0]LogShaderCompilers: Cannot use XGE Shader Compiler as Incredibuild is not installed on this machine.
[2019.01.16-20.28.11:383][  0]LogShaderCompilers: Display: Using Local Shader Compiler.
[2019.01.16-20.28.12:022][  0]LogDerivedDataCache: Display: Max Cache Size: 512 MB
[2019.01.16-20.28.12:098][  0]LogDerivedDataCache: Loaded boot cache 0.08s 87MB C:/Users/u1127436/AppData/Local/UnrealEngine/4.20/DerivedDataCache/Boot.ddc.
[2019.01.16-20.28.12:099][  0]LogDerivedDataCache: Display: Loaded Boot cache: C:/Users/u1127436/AppData/Local/UnrealEngine/4.20/DerivedDataCache/Boot.ddc
[2019.01.16-20.28.12:099][  0]LogDerivedDataCache: FDerivedDataBackendGraph:  Pak pak cache file ../../../../../../Users/u1127436/Documents/GitHub/JRH_AssertPipline/JRH_WhiteBoxSc01/DerivedDataCache/DDC.ddp not found, will not use a pak cache.
[2019.01.16-20.28.12:099][  0]LogDerivedDataCache: Unable to find inner node Pak for hierarchical cache Hierarchy.
[2019.01.16-20.28.12:099][  0]LogDerivedDataCache: FDerivedDataBackendGraph:  CompressedPak pak cache file ../../../../../../Users/u1127436/Documents/GitHub/JRH_AssertPipline/JRH_WhiteBoxSc01/DerivedDataCache/Compressed.ddp not found, will not use a pak cache.
[2019.01.16-20.28.12:099][  0]LogDerivedDataCache: Unable to find inner node CompressedPak for hierarchical cache Hierarchy.
[2019.01.16-20.28.12:110][  0]LogDerivedDataCache: Display: Pak cache opened for reading ../../../Engine/DerivedDataCache/Compressed.ddp.
[2019.01.16-20.28.12:123][  0]LogDerivedDataCache: Using Local data cache path C:/Users/u1127436/AppData/Local/UnrealEngine/Common/DerivedDataCache: Writable
[2019.01.16-20.28.12:123][  0]LogDerivedDataCache: Shared data cache path not found in *engine.ini, will not use an Shared cache.
[2019.01.16-20.28.12:123][  0]LogDerivedDataCache: Unable to find inner node Shared for hierarchical cache Hierarchy.
[2019.01.16-20.28.12:141][  0]LogMaterial: Verifying Global Shaders for PCD3D_SM5
[2019.01.16-20.28.12:142][  0]LogSlate: Using FreeType 2.6.0
[2019.01.16-20.28.12:143][  0]LogSlate: SlateFontServices - WITH_FREETYPE: 1, WITH_HARFBUZZ: 1
[2019.01.16-20.28.12:208][  0]LogAssetRegistry: FAssetRegistry took 0.0258 seconds to start up
[2019.01.16-20.28.12:490][  0]LogInit: Selected Device Profile: [Windows]
[2019.01.16-20.28.12:605][  0]LogSimplygon: Simplygon DLL not present - disabling.
[2019.01.16-20.28.12:609][  0]LogMeshReduction: Using SimplygonSwarm for distributed automatic mesh merging
[2019.01.16-20.28.12:609][  0]LogMeshReduction: Using ProxyLODMeshReduction for automatic mesh merging
[2019.01.16-20.28.12:609][  0]LogMeshReduction: Using QuadricMeshReduction for automatic static mesh reduction
[2019.01.16-20.28.12:609][  0]LogMeshReduction: No automatic skeletal mesh reduction module available
[2019.01.16-20.28.12:621][  0]LogNetVersion: JRH_WhiteBoxSc01 1.0.0, NetCL: 4212847, EngineNetVer: 5, GameNetVer: 0 (Checksum: 3664498742)
[2019.01.16-20.28.13:064][  0]LogPackageLocalizationCache: Processed 11 localized package path(s) for 2 prioritized culture(s) in 0.086917 seconds
[2019.01.16-20.28.13:070][  0]LogUObjectArray: 38425 objects as part of root set at end of initial load.
[2019.01.16-20.28.13:070][  0]LogUObjectAllocator: 6690864 out of 0 bytes used by permanent object pool.
[2019.01.16-20.28.13:070][  0]LogUObjectArray: CloseDisregardForGC: 0/0 objects in disregard for GC pool
[2019.01.16-20.28.13:803][  0]LogTcpMessaging: Initializing TcpMessaging bridge
[2019.01.16-20.28.13:816][  0]LogUdpMessaging: Initializing bridge on interface 0.0.0.0:0 to multicast group 230.0.0.1:6666.
[2019.01.16-20.28.13:946][  0]SourceControl: Source control is disabled
[2019.01.16-20.28.13:946][  0]SourceControl: Source control is disabled
[2019.01.16-20.28.13:948][  0]SourceControl: Source control is disabled
[2019.01.16-20.28.13:949][  0]SourceControl: Source control is disabled
[2019.01.16-20.28.14:104][  0]LogAndroidPermission: UAndroidPermissionCallbackProxy::GetInstance
[2019.01.16-20.28.14:174][  0]LogOcInput: OculusInput pre-init called
[2019.01.16-20.28.14:228][  0]LogEngine: Initializing Engine...
[2019.01.16-20.28.14:229][  0]LogHMD: Failed to initialize OpenVR with code 110
[2019.01.16-20.28.14:230][  0]LogStats: UGameplayTagsManager::ConstructGameplayTagTree: ImportINI prefixes -  0.000 s
[2019.01.16-20.28.14:230][  0]LogStats: UGameplayTagsManager::ConstructGameplayTagTree: Construct from data asset -  0.000 s
[2019.01.16-20.28.14:230][  0]LogStats: UGameplayTagsManager::ConstructGameplayTagTree: ImportINI -  0.000 s
[2019.01.16-20.28.14:230][  0]LogStats: UGameplayTagsManager::ConstructGameplayTagTree: GameplayTagTreeChangedEvent.Broadcast -  0.000 s
[2019.01.16-20.28.14:418][  0]LogInit: Initializing FReadOnlyCVARCache
[2019.01.16-20.28.14:431][  0]LogAIModule: Creating AISystem for world Untitled
[2019.01.16-20.28.14:464][  0]LogInit: XAudio2 using '1 - CintiqPro24P (AMD High Definition Audio Device)' : 2 channels at 48 kHz using 16 bits per sample (channel mask 0x3)
[2019.01.16-20.28.14:476][  0]LogInit: FAudioDevice initialized.
[2019.01.16-20.28.14:476][  0]LogNetVersion: Set ProjectVersion to 1.0.0.0. Version Checksum will be recalculated on next use.
[2019.01.16-20.28.14:562][  0]LogDerivedDataCache: Saved boot cache 0.09s 87MB C:/Users/u1127436/AppData/Local/UnrealEngine/4.20/DerivedDataCache/Boot.ddc.
[2019.01.16-20.28.14:576][  0]LogInit: Texture streaming: Enabled
[2019.01.16-20.28.14:592][  0]LogEngineSessionManager: EngineSessionManager initialized
[2019.01.16-20.28.14:605][  0]LogInit: Transaction tracking system initialized
[2019.01.16-20.28.14:626][  0]BlueprintLog: New page: Editor Load
[2019.01.16-20.28.14:709][  0]LocalizationService: Localization service is disabled
[2019.01.16-20.28.14:937][  0]LogCook: Display: Max memory allowance for cook 16384mb min free memory 0mb
[2019.01.16-20.28.14:937][  0]LogCook: Display: Mobile HDR setting 1
[2019.01.16-20.28.14:937][  0]LogGameplayTags: Display: UGameplayTagsManager::DoneAddingNativeTags. DelegateIsBound: 0
[2019.01.16-20.28.14:937][  0]LogStats: UGameplayTagsManager::ConstructGameplayTagTree: ImportINI prefixes -  0.000 s
[2019.01.16-20.28.14:937][  0]LogStats: UGameplayTagsManager::ConstructGameplayTagTree: Construct from data asset -  0.000 s
[2019.01.16-20.28.14:937][  0]LogStats: UGameplayTagsManager::ConstructGameplayTagTree: ImportINI -  0.000 s
[2019.01.16-20.28.14:937][  0]LogFileCache: Scanning file cache for directory 'C:/Users/u1127436/Documents/GitHub/JRH_AssertPipline/JRH_WhiteBoxSc01/Content/' took 0.01s
[2019.01.16-20.28.14:937][  0]LogStats: UGameplayTagsManager::ConstructGameplayTagTree: GameplayTagTreeChangedEvent.Broadcast -  0.000 s
[2019.01.16-20.28.15:046][  0]SourceControl: Source control is disabled
[2019.01.16-20.28.15:046][  0]Cmd: MAP LOAD FILE="../../../Engine/Content/Maps/Templates/Template_Default.umap" TEMPLATE=1 SHOWPROGRESS=1 FEATURELEVEL=3
[2019.01.16-20.28.15:047][  0]LightingResults: New page: Lighting Build
[2019.01.16-20.28.15:049][  0]MapCheck: New page: Map Check
[2019.01.16-20.28.15:049][  0]LightingResults: New page: Lighting Build
[2019.01.16-20.28.15:227][  0]LogAIModule: Creating AISystem for world Untitled_1
[2019.01.16-20.28.15:233][  0]LogEditorServer: Finished looking for orphan Actors (0.000 secs)
[2019.01.16-20.28.15:255][  0]Cmd: MAP CHECKDEP NOCLEARLOG
[2019.01.16-20.28.15:314][  0]MapCheck: Map check complete: 0 Error(s), 0 Warning(s), took 58.509ms to complete.
[2019.01.16-20.28.15:314][  0]LogFileHelpers: Loading map 'Template_Default' took 0.268
[2019.01.16-20.28.15:396][  0]LogSlate: Updating window title bar state: overlay mode, drag disabled, window buttons hidden, title bar hidden
[2019.01.16-20.28.15:402][  0]LogSlate: Updating window title bar state: overlay mode, drag disabled, window buttons hidden, title bar hidden
[2019.01.16-20.28.15:408][  0]LogSlate: Updating window title bar state: overlay mode, drag disabled, window buttons hidden, title bar hidden
[2019.01.16-20.28.15:415][  0]LogSlate: Updating window title bar state: overlay mode, drag disabled, window buttons hidden, title bar hidden
[2019.01.16-20.28.15:422][  0]LogCollectionManager: Loaded 0 collections in 0.001771 seconds
[2019.01.16-20.28.15:462][  0]LogFileCache: Scanning file cache for directory 'C:/Users/u1127436/Documents/GitHub/JRH_AssertPipline/JRH_WhiteBoxSc01/Saved/Collections/' took 0.01s
[2019.01.16-20.28.15:462][  0]LogFileCache: Scanning file cache for directory 'C:/Users/u1127436/Documents/GitHub/JRH_AssertPipline/JRH_WhiteBoxSc01/Content/Developers/u1127436/Collections/' took 0.01s
[2019.01.16-20.28.15:462][  0]LogFileCache: Scanning file cache for directory 'C:/Users/u1127436/Documents/GitHub/JRH_AssertPipline/JRH_WhiteBoxSc01/Content/Collections/' took 0.01s
[2019.01.16-20.28.15:462][  0]LogCollectionManager: Rebuilt the GUID cache for 0 collections in 0.000000 seconds
[2019.01.16-20.28.15:470][  0]LogContentBrowser: Native class hierarchy populated in 0.0076 seconds. Added 2572 classes and 603 folders.
[2019.01.16-20.28.15:476][  0]LogContentBrowser: Native class hierarchy updated for 'WidgetCarousel' in 0.0002 seconds. Added 0 classes and 0 folders.
[2019.01.16-20.28.15:521][  0]LogContentBrowser: Native class hierarchy updated for 'AddContentDialog' in 0.0002 seconds. Added 0 classes and 0 folders.
[2019.01.16-20.28.15:525][  0]LogContentBrowser: Native class hierarchy updated for 'SceneOutliner' in 0.0002 seconds. Added 1 classes and 2 folders.
[2019.01.16-20.28.15:537][  0]LogSlate: Took 0.000155 seconds to synchronously load lazily loaded font '../../../Engine/Content/Slate/Fonts/Roboto-Regular.ttf' (155K)
[2019.01.16-20.28.15:539][  0]LogSlate: Took 0.000193 seconds to synchronously load lazily loaded font '../../../Engine/Content/Slate/Fonts/Roboto-Bold.ttf' (160K)
[2019.01.16-20.28.15:544][  0]LogSlate: Took 0.000267 seconds to synchronously load lazily loaded font '../../../Engine/Content/Editor/Slate/Fonts/FontAwesome.ttf' (139K)
[2019.01.16-20.28.15:611][  0]LogRenderer: Reallocating scene render targets to support 1208x576 Format 10 NumSamples 1 (Frame:1).
[2019.01.16-20.28.15:748][  0]LogSlate: FSceneViewport::OnFocusLost() reason 2
[2019.01.16-20.28.15:759][  0]LogSlate: Window 'Tutorials' being destroyed
[2019.01.16-20.28.15:790][  0]LogContentBrowser: Native class hierarchy updated for 'HierarchicalLODOutliner' in 0.0002 seconds. Added 0 classes and 0 folders.
[2019.01.16-20.28.15:790][  0]LogLoad: (Engine Initialization) Total time: 7.42 seconds
[2019.01.16-20.28.15:790][  0]LogLoad: (Engine Initialization) Total Blueprint compile time: 0.00 seconds
[2019.01.16-20.28.15:800][  0]LogWindowsTextInputMethodSystem: Display: IME system now deactivated.
[2019.01.16-20.28.15:820][  0]LogContentStreaming: Texture pool size now 1000 MB
[2019.01.16-20.28.15:854][  1]LogAssetRegistry: Asset discovery search completed in 3.6686 seconds
[2019.01.16-20.28.15:855][  1]LogCollectionManager: Rebuilt the object cache for 0 collections in 0.000000 seconds (found 0 objects)
[2019.01.16-20.28.15:855][  1]LogCollectionManager: Fixed up redirectors for 0 collections in 0.000034 seconds (updated 0 objects)
[2019.01.16-20.28.58:873][153]LogSlate: FSceneViewport::OnFocusLost() reason 0
[2019.01.16-20.28.59:022][170]LogSlate: Took 0.004250 seconds to synchronously load lazily loaded font '../../../Engine/Content/Slate/Fonts/Roboto-Light.ttf' (167K)
[2019.01.16-20.28.59:193][170]LogMaterial: Display: Missing cached shader map for material M_Wbox_MCV, compiling. 
[2019.01.16-20.28.59:241][170]LogAIModule: Creating AISystem for world JRH_WBStreet
[2019.01.16-20.28.59:258][170]LogShaderCompilers: Display: Shaders left to compile 22
[2019.01.16-20.28.59:258][170]LogShaderCompilers: Display: Shaders left to compile 12
[2019.01.16-20.28.59:258][170]LogShaderCompilers: Display: Shaders left to compile 2
[2019.01.16-20.28.59:310][170]LogAssetEditorManager: Opening Asset editor for World /Game/JRH_WBStreet.JRH_WBStreet
[2019.01.16-20.28.59:333][170]Cmd: MAP LOAD FILE="../../../../../../Users/u1127436/Documents/GitHub/JRH_AssertPipline/JRH_WhiteBoxSc01/Content/JRH_WBStreet.umap" TEMPLATE=0 SHOWPROGRESS=1 FEATURELEVEL=3
[2019.01.16-20.28.59:333][170]LightingResults: New page: Lighting Build
[2019.01.16-20.28.59:334][170]LoadErrors: New page: Loading map: JRH_WBStreet.umap
[2019.01.16-20.28.59:334][170]MapCheck: New page: Map Check
[2019.01.16-20.28.59:334][170]LightingResults: New page: Lighting Build
[2019.01.16-20.28.59:367][170]LogEditorServer: Finished looking for orphan Actors (0.000 secs)
[2019.01.16-20.28.59:443][170]Cmd: MAP CHECKDEP NOCLEARLOG
[2019.01.16-20.28.59:507][170]MapCheck: Map check complete: 0 Error(s), 0 Warning(s), took 63.124ms to complete.
[2019.01.16-20.28.59:507][170]LogFileHelpers: Loading map 'JRH_WBStreet' took 0.175
[2019.01.16-20.29.06:596][983]Cmd: TRANSACTION UNDO
[2019.01.16-20.29.06:596][983]LogEditorTransaction: Undo Apply Material to Surface
[2019.01.16-20.29.07:045][ 29]Cmd: TRANSACTION UNDO
[2019.01.16-20.29.07:046][ 29]LogEditorTransaction: Undo Apply Material to Surface
[2019.01.16-20.29.07:548][ 83]LogEditorViewport: Clicking on Actor (LMB): BP_Sky_Sphere_C (Sky Sphere2)
[2019.01.16-20.29.13:810][660]LogSlate: FSceneViewport::OnFocusLost() reason 0
[2019.01.16-20.29.15:372][824]LogEditorActor: Deleted Actor: BP_Sky_Sphere_C
[2019.01.16-20.29.15:392][824]LogEditorActor: Deleted 1 Actors (0.031 secs)
[2019.01.16-20.33.15:592][351]LogSlate: FSceneViewport::OnFocusLost() reason 0
[2019.01.16-20.33.44:340][320]LogSlate: FSceneViewport::OnFocusLost() reason 0
[2019.01.16-20.33.49:408][887]LogSlate: FSceneViewport::OnFocusLost() reason 0
[2019.01.16-20.33.51:709][138]LogEditorViewport: Clicking on Actor (LMB): Brush (Brush_SW_48)
[2019.01.16-20.33.52:603][239]LogSlate: FSceneViewport::OnFocusLost() reason 0
[2019.01.16-20.34.42:521][704]LogEditorViewport: Clicking on Actor (CTRL LMB): BP_Sky_Sphere_C (Sky Sphere)
[2019.01.16-20.34.48:382][370]Cmd: DELETE
[2019.01.16-20.34.48:382][370]Cmd: ACTOR DELETE
[2019.01.16-20.34.48:405][370]LogEditorActor: Deleted Actor: Brush
[2019.01.16-20.34.48:406][370]LogEditorActor: Deleted Actor: Brush
[2019.01.16-20.34.48:406][370]LogEditorActor: Deleted Actor: Brush
[2019.01.16-20.34.48:406][370]LogEditorActor: Deleted Actor: Brush
[2019.01.16-20.34.48:406][370]LogEditorActor: Deleted Actor: Brush
[2019.01.16-20.34.48:407][370]LogEditorActor: Deleted Actor: Brush
[2019.01.16-20.34.48:407][370]LogEditorActor: Deleted Actor: Brush
[2019.01.16-20.34.48:407][370]LogEditorActor: Deleted Actor: Brush
[2019.01.16-20.34.48:408][370]LogEditorActor: Deleted Actor: Brush
[2019.01.16-20.34.48:408][370]LogEditorActor: Deleted Actor: Brush
[2019.01.16-20.34.48:408][370]LogEditorActor: Deleted Actor: Brush
[2019.01.16-20.34.48:409][370]LogEditorActor: Deleted Actor: Brush
[2019.01.16-20.34.48:409][370]LogEditorActor: Deleted Actor: Brush
[2019.01.16-20.34.48:409][370]LogEditorActor: Deleted Actor: BP_Sky_Sphere_C
[2019.01.16-20.34.48:410][370]LogEditorActor: Deleted Actor: Brush
[2019.01.16-20.34.48:410][370]LogEditorActor: Deleted Actor: Brush
[2019.01.16-20.34.48:410][370]LogEditorActor: Deleted Actor: Brush
[2019.01.16-20.34.48:410][370]LogEditorActor: Deleted Actor: Brush
[2019.01.16-20.34.48:411][370]LogEditorActor: Deleted Actor: Brush
[2019.01.16-20.34.48:606][370]LogEditorActor: Deleted 19 Actors (0.223 secs)
[2019.01.16-20.34.49:755][490]Cmd: TRANSACTION UNDO
[2019.01.16-20.34.49:755][490]LogEditorTransaction: Undo Delete Actors
[2019.01.16-20.34.49:906][490]LogActorComponent: ~FComponentReregisterContext: (/Game/JRH_WBStreet.JRH_WBStreet:PersistentLevel.Brush_St_138.BrushComponent0) Component already registered.
[2019.01.16-20.34.49:907][490]LogActorComponent: ~FComponentReregisterContext: (/Game/JRH_WBStreet.JRH_WBStreet:PersistentLevel.Brush_St_128.BrushComponent0) Component already registered.
[2019.01.16-20.34.49:908][490]LogActorComponent: ~FComponentReregisterContext: (/Game/JRH_WBStreet.JRH_WBStreet:PersistentLevel.Brush_St_85.BrushComponent0) Component already registered.
[2019.01.16-20.34.49:908][490]LogActorComponent: ~FComponentReregisterContext: (/Game/JRH_WBStreet.JRH_WBStreet:PersistentLevel.Brush_St_139.BrushComponent0) Component already registered.
[2019.01.16-20.34.49:909][490]LogActorComponent: ~FComponentReregisterContext: (/Game/JRH_WBStreet.JRH_WBStreet:PersistentLevel.Brush_St_99.BrushComponent0) Component already registered.
[2019.01.16-20.34.49:909][490]LogActorComponent: ~FComponentReregisterContext: (/Game/JRH_WBStreet.JRH_WBStreet:PersistentLevel.Brush_SW_36.BrushComponent0) Component already registered.
[2019.01.16-20.34.49:910][490]LogActorComponent: ~FComponentReregisterContext: (/Game/JRH_WBStreet.JRH_WBStreet:PersistentLevel.Brush_SW_51.BrushComponent0) Component already registered.
[2019.01.16-20.34.49:910][490]LogActorComponent: ~FComponentReregisterContext: (/Game/JRH_WBStreet.JRH_WBStreet:PersistentLevel.Brush_St_185.BrushComponent0) Component already registered.
[2019.01.16-20.34.49:911][490]LogActorComponent: ~FComponentReregisterContext: (/Game/JRH_WBStreet.JRH_WBStreet:PersistentLevel.Brush_SW_13.BrushComponent0) Component already registered.
[2019.01.16-20.34.49:952][490]LogActorComponent: ~FComponentReregisterContext: (/Game/JRH_WBStreet.JRH_WBStreet:PersistentLevel.Brush_St_56.BrushComponent0) Component already registered.
[2019.01.16-20.34.49:953][490]LogActorComponent: ~FComponentReregisterContext: (/Game/JRH_WBStreet.JRH_WBStreet:PersistentLevel.Brush_St_70.BrushComponent0) Component already registered.
[2019.01.16-20.34.49:955][490]LogActorComponent: ~FComponentReregisterContext: (/Game/JRH_WBStreet.JRH_WBStreet:PersistentLevel.Brush_St_190.BrushComponent0) Component already registered.
[2019.01.16-20.34.49:956][490]LogActorComponent: ~FComponentReregisterContext: (/Game/JRH_WBStreet.JRH_WBStreet:PersistentLevel.Brush_St_177.BrushComponent0) Component already registered.
[2019.01.16-20.34.49:956][490]LogActorComponent: ~FComponentReregisterContext: (/Game/JRH_WBStreet.JRH_WBStreet:PersistentLevel.Brush_St_194.BrushComponent0) Component already registered.
[2019.01.16-20.34.49:957][490]LogActorComponent: ~FComponentReregisterContext: (/Game/JRH_WBStreet.JRH_WBStreet:PersistentLevel.Brush_SW_186.BrushComponent0) Component already registered.
[2019.01.16-20.34.49:957][490]LogActorComponent: ~FComponentReregisterContext: (/Game/JRH_WBStreet.JRH_WBStreet:PersistentLevel.Brush_SW_174.BrushComponent0) Component already registered.
[2019.01.16-20.34.49:958][490]LogActorComponent: ~FComponentReregisterContext: (/Game/JRH_WBStreet.JRH_WBStreet:PersistentLevel.Brush_SW_190.BrushComponent0) Component already registered.
[2019.01.16-20.34.49:958][490]LogActorComponent: ~FComponentReregisterContext: (/Game/JRH_WBStreet.JRH_WBStreet:PersistentLevel.Brush_SW_218.BrushComponent0) Component already registered.
[2019.01.16-20.34.49:959][490]LogActorComponent: ~FComponentReregisterContext: (/Game/JRH_WBStreet.JRH_WBStreet:PersistentLevel.Brush_St_225.BrushComponent0) Component already registered.
[2019.01.16-20.34.49:960][490]LogActorComponent: ~FComponentReregisterContext: (/Game/JRH_WBStreet.JRH_WBStreet:PersistentLevel.Brush_St_215.BrushComponent0) Component already registered.
[2019.01.16-20.34.49:961][490]LogActorComponent: ~FComponentReregisterContext: (/Game/JRH_WBStreet.JRH_WBStreet:PersistentLevel.Brush_SW_202.BrushComponent0) Component already registered.
[2019.01.16-20.34.49:961][490]LogActorComponent: ~FComponentReregisterContext: (/Game/JRH_WBStreet.JRH_WBStreet:PersistentLevel.Brush_SW_94.BrushComponent0) Component already registered.
[2019.01.16-20.34.49:963][490]LogActorComponent: ~FComponentReregisterContext: (/Game/JRH_WBStreet.JRH_WBStreet:PersistentLevel.Brush_SW_65.BrushComponent0) Component already registered.
[2019.01.16-20.34.49:964][490]LogActorComponent: ~FComponentReregisterContext: (/Game/JRH_WBStreet.JRH_WBStreet:PersistentLevel.Brush_SW_156.BrushComponent0) Component already registered.
[2019.01.16-20.34.49:965][490]LogActorComponent: ~FComponentReregisterContext: (/Game/JRH_WBStreet.JRH_WBStreet:PersistentLevel.Brush_SW_145.BrushComponent0) Component already registered.
[2019.01.16-20.34.49:965][490]LogActorComponent: ~FComponentReregisterContext: (/Game/JRH_WBStreet.JRH_WBStreet:PersistentLevel.Brush_SW_160.BrushComponent0) Component already registered.
[2019.01.16-20.34.49:966][490]LogActorComponent: ~FComponentReregisterContext: (/Game/JRH_WBStreet.JRH_WBStreet:PersistentLevel.Brush_SW_127.BrushComponent0) Component already registered.
[2019.01.16-20.34.49:966][490]LogActorComponent: ~FComponentReregisterContext: (/Game/JRH_WBStreet.JRH_WBStreet:PersistentLevel.Brush_SW_116.BrushComponent0) Component already registered.
[2019.01.16-20.34.49:967][490]LogActorComponent: ~FComponentReregisterContext: (/Game/JRH_WBStreet.JRH_WBStreet:PersistentLevel.Brush_SW_131.BrushComponent0) Component already registered.
[2019.01.16-20.34.52:576][740]LogSlate: FSceneViewport::OnFocusLost() reason 0
[2019.01.16-20.34.53:248][816]Cmd: TRANSACTION UNDO
[2019.01.16-20.34.53:248][816]LogEditorTransaction: Undo Clicking on Actors
[2019.01.16-20.34.55:627][ 61]LogEditorActor: Deleted Actor: Brush
[2019.01.16-20.34.55:628][ 61]LogEditorActor: Deleted Actor: Brush
[2019.01.16-20.34.55:628][ 61]LogEditorActor: Deleted Actor: Brush
[2019.01.16-20.34.55:628][ 61]LogEditorActor: Deleted Actor: Brush
[2019.01.16-20.34.55:629][ 61]LogEditorActor: Deleted Actor: Brush
[2019.01.16-20.34.55:629][ 61]LogEditorActor: Deleted Actor: Brush
[2019.01.16-20.34.55:629][ 61]LogEditorActor: Deleted Actor: Brush
[2019.01.16-20.34.55:630][ 61]LogEditorActor: Deleted Actor: Brush
[2019.01.16-20.34.55:630][ 61]LogEditorActor: Deleted Actor: Brush
[2019.01.16-20.34.55:630][ 61]LogEditorActor: Deleted Actor: Brush
[2019.01.16-20.34.55:630][ 61]LogEditorActor: Deleted Actor: Brush
[2019.01.16-20.34.55:631][ 61]LogEditorActor: Deleted Actor: Brush
[2019.01.16-20.34.55:631][ 61]LogEditorActor: Deleted Actor: Brush
[2019.01.16-20.34.55:631][ 61]LogEditorActor: Deleted Actor: Brush
[2019.01.16-20.34.55:632][ 61]LogEditorActor: Deleted Actor: Brush
[2019.01.16-20.34.55:632][ 61]LogEditorActor: Deleted Actor: Brush
[2019.01.16-20.34.55:632][ 61]LogEditorActor: Deleted Actor: Brush
[2019.01.16-20.34.55:633][ 61]LogEditorActor: Deleted Actor: Brush
[2019.01.16-20.34.55:815][ 61]LogEditorActor: Deleted 18 Actors (0.207 secs)
[2019.01.16-20.34.58:887][402]Cmd: DELETE
[2019.01.16-20.34.58:887][402]Cmd: ACTOR DELETE
[2019.01.16-20.34.58:902][402]LogEditorActor: Deleted Actor: Brush
[2019.01.16-20.34.59:092][402]LogEditorActor: Deleted 1 Actors (0.204 secs)
[2019.01.16-20.35.11:896][909]LogSlate: FSceneViewport::OnFocusLost() reason 0
[2019.01.16-20.35.29:709][821]LogSlate: Window 'Delete Assets' being destroyed
[2019.01.16-20.35.34:624][348]LogAIModule: Creating AISystem for world My_city
[2019.01.16-20.35.35:767][460]LogAssetEditorManager: Opening Asset editor for World /Game/My_city.My_city
[2019.01.16-20.35.39:167][460]LogSlate: Window 'Save Content' being destroyed
[2019.01.16-20.35.41:252][460]LogSavePackage: Moving '../../../../../../Users/u1127436/Documents/GitHub/JRH_AssertPipline/JRH_WhiteBoxSc01/Saved/JRH_WBStreet656E5C4045B6F3C9C7920BB90589FE1F.tmp' to '../../../../../../Users/u1127436/Documents/GitHub/JRH_AssertPipline/JRH_WhiteBoxSc01/Content/JRH_WBStreet.umap'
[2019.01.16-20.35.41:287][460]LogFileHelpers: Saving map 'JRH_WBStreet' took 2.112
[2019.01.16-20.35.41:349][460]Cmd: OBJ SAVEPACKAGE PACKAGE="/Game/My_city" FILE="../../../../../../Users/u1127436/Documents/GitHub/JRH_AssertPipline/JRH_WhiteBoxSc01/Content/My_city.umap" SILENT=true AUTOSAVING=false KEEPDIRTY=false
[2019.01.16-20.35.42:164][460]LogSavePackage: Moving '../../../../../../Users/u1127436/Documents/GitHub/JRH_AssertPipline/JRH_WhiteBoxSc01/Saved/My_city2A8802044F532CF7A707758E64053B22.tmp' to '../../../../../../Users/u1127436/Documents/GitHub/JRH_AssertPipline/JRH_WhiteBoxSc01/Content/My_city.umap'
[2019.01.16-20.35.42:179][460]LogFileHelpers: Saving map 'My_city' took 0.891
[2019.01.16-20.35.42:180][460]Cmd: OBJ SAVEPACKAGE PACKAGE="/Game/My_city_BuiltData" FILE="../../../../../../Users/u1127436/Documents/GitHub/JRH_AssertPipline/JRH_WhiteBoxSc01/Content/My_city_BuiltData.uasset" SILENT=true
[2019.01.16-20.35.42:194][460]LogSavePackage: Moving '../../../../../../Users/u1127436/Documents/GitHub/JRH_AssertPipline/JRH_WhiteBoxSc01/Saved/My_city_BuiltDataB4FF4E65403A25C753D4619DD73DDD33.tmp' to '../../../../../../Users/u1127436/Documents/GitHub/JRH_AssertPipline/JRH_WhiteBoxSc01/Content/My_city_BuiltData.uasset'
[2019.01.16-20.35.42:237][460]Cmd: MAP LOAD FILE="../../../../../../Users/u1127436/Documents/GitHub/JRH_AssertPipline/JRH_WhiteBoxSc01/Content/My_city.umap" TEMPLATE=0 SHOWPROGRESS=1 FEATURELEVEL=3
[2019.01.16-20.35.42:237][460]LightingResults: New page: Lighting Build
[2019.01.16-20.35.42:238][460]LoadErrors: New page: Loading map: My_city.umap
[2019.01.16-20.35.42:241][460]MapCheck: New page: Map Check
[2019.01.16-20.35.42:241][460]LightingResults: New page: Lighting Build
[2019.01.16-20.35.42:278][460]LogEditorServer: Finished looking for orphan Actors (0.000 secs)
[2019.01.16-20.35.42:352][460]Cmd: MAP CHECKDEP NOCLEARLOG
[2019.01.16-20.35.42:414][460]MapCheck: Map check complete: 0 Error(s), 0 Warning(s), took 62.288ms to complete.
[2019.01.16-20.35.42:417][460]LogFileHelpers: Loading map 'My_city' took 0.181
[2019.01.16-20.38.30:685][669]Cmd: BRUSH ADD SELECTNEWBRUSH
[2019.01.16-20.38.33:379][966]LogSlate: FSceneViewport::OnFocusLost() reason 0
[2019.01.16-20.38.39:833][645]LogSlate: FSceneViewport::OnFocusLost() reason 0
[2019.01.16-20.38.48:103][403]LogSlate: Window 'New Level' being destroyed
[2019.01.16-20.41.29:739][198]Cmd: TRANSACTION UNDO
[2019.01.16-20.41.29:739][198]LogEditorTransaction: Undo Move Actors
[2019.01.16-20.41.29:886][198]LogActorComponent: ~FComponentReregisterContext: (/Game/My_city.My_city:PersistentLevel.Brush_St_143.BrushComponent0) Component already registered.
[2019.01.16-20.41.29:887][198]LogActorComponent: ~FComponentReregisterContext: (/Game/My_city.My_city:PersistentLevel.Brush_St_104.BrushComponent0) Component already registered.
[2019.01.16-20.41.29:888][198]LogActorComponent: ~FComponentReregisterContext: (/Game/My_city.My_city:PersistentLevel.Brush_St_111.BrushComponent0) Component already registered.
[2019.01.16-20.41.29:889][198]LogActorComponent: ~FComponentReregisterContext: (/Game/My_city.My_city:PersistentLevel.Brush_SW_46.BrushComponent0) Component already registered.
[2019.01.16-20.41.29:890][198]LogActorComponent: ~FComponentReregisterContext: (/Game/My_city.My_city:PersistentLevel.Brush_SW_53.BrushComponent0) Component already registered.
[2019.01.16-20.41.29:891][198]LogActorComponent: ~FComponentReregisterContext: (/Game/My_city.My_city:PersistentLevel.Brush_St_185.BrushComponent0) Component already registered.
[2019.01.16-20.41.29:892][198]LogActorComponent: ~FComponentReregisterContext: (/Game/My_city.My_city:PersistentLevel.Brush_St_35.BrushComponent0) Component already registered.
[2019.01.16-20.41.29:893][198]LogActorComponent: ~FComponentReregisterContext: (/Game/My_city.My_city:PersistentLevel.Brush_St_38.BrushComponent0) Component already registered.
[2019.01.16-20.41.29:902][198]LogActorComponent: ~FComponentReregisterContext: (/Game/My_city.My_city:PersistentLevel.Brush_St_65.BrushComponent0) Component already registered.
[2019.01.16-20.41.29:903][198]LogActorComponent: ~FComponentReregisterContext: (/Game/My_city.My_city:PersistentLevel.Brush_St_58.BrushComponent0) Component already registered.
[2019.01.16-20.41.29:905][198]LogActorComponent: ~FComponentReregisterContext: (/Game/My_city.My_city:PersistentLevel.Brush_St_420.BrushComponent0) Component already registered.
[2019.01.16-20.41.29:908][198]LogActorComponent: ~FComponentReregisterContext: (/Game/My_city.My_city:PersistentLevel.Brush_St_217.BrushComponent0) Component already registered.
[2019.01.16-20.41.29:910][198]LogActorComponent: ~FComponentReregisterContext: (/Game/My_city.My_city:PersistentLevel.Brush_SW_197.BrushComponent0) Component already registered.
[2019.01.16-20.41.29:912][198]LogActorComponent: ~FComponentReregisterContext: (/Game/My_city.My_city:PersistentLevel.Brush_SW_71.BrushComponent0) Component already registered.
[2019.01.16-20.41.29:914][198]LogActorComponent: ~FComponentReregisterContext: (/Game/My_city.My_city:PersistentLevel.Brush_SW_117.BrushComponent0) Component already registered.
[2019.01.16-20.41.29:914][198]LogActorComponent: ~FComponentReregisterContext: (/Game/My_city.My_city:PersistentLevel.Brush_SW_78.BrushComponent0) Component already registered.
[2019.01.16-20.41.29:914][198]LogActorComponent: ~FComponentReregisterContext: (/Game/My_city.My_city:PersistentLevel.Brush_SW_156.BrushComponent0) Component already registered.
[2019.01.16-20.41.29:915][198]LogActorComponent: ~FComponentReregisterContext: (/Game/My_city.My_city:PersistentLevel.Brush_SW_163.BrushComponent0) Component already registered.
[2019.01.16-20.41.29:916][198]LogActorComponent: ~FComponentReregisterContext: (/Game/My_city.My_city:PersistentLevel.Brush_SW_124.BrushComponent0) Component already registered.
[2019.01.16-20.41.45:185][715]Cmd: DELETE
[2019.01.16-20.41.45:185][715]Cmd: ACTOR DELETE
[2019.01.16-20.41.45:206][715]LogEditorActor: Deleted Actor: Brush
[2019.01.16-20.41.45:409][715]LogEditorActor: Deleted 1 Actors (0.224 secs)
[2019.01.16-20.41.45:986][759]Cmd: DELETE
[2019.01.16-20.41.45:986][759]Cmd: ACTOR DELETE
[2019.01.16-20.41.46:004][759]LogEditorActor: Deleted Actor: Brush
[2019.01.16-20.41.46:195][759]LogEditorActor: Deleted 1 Actors (0.208 secs)
[2019.01.16-20.42.04:387][919]LogSlate: FSceneViewport::OnFocusLost() reason 0
[2019.01.16-20.42.05:364][ 23]Cmd: BRUSH ADD SELECTNEWBRUSH
[2019.01.16-20.42.06:493][140]LogSlate: FSceneViewport::OnFocusLost() reason 0
[2019.01.16-20.42.12:017][784]Cmd: CAMERA ALIGN ACTIVEVIEWPORTONLY
[2019.01.16-20.42.31:743][ 88]LogEditorViewport: Clicking Background
[2019.01.16-20.42.32:235][145]LogEditorViewport: Clicking Background
[2019.01.16-20.42.32:311][152]LogEditorViewport: Clicking Background
[2019.01.16-20.42.33:064][240]Cmd: TRANSACTION UNDO
[2019.01.16-20.42.33:064][240]LogEditorTransaction: Undo Clicking Background
[2019.01.16-20.42.33:485][288]Cmd: TRANSACTION UNDO
[2019.01.16-20.42.33:485][288]LogEditorTransaction: Undo Clicking Background
[2019.01.16-20.42.33:873][332]Cmd: TRANSACTION UNDO
[2019.01.16-20.42.33:873][332]LogEditorTransaction: Undo Clicking Background
[2019.01.16-20.42.34:189][365]Cmd: TRANSACTION UNDO
[2019.01.16-20.42.34:189][365]LogEditorTransaction: Undo Marquee Select
[2019.01.16-20.42.35:992][568]LogEditorViewport: Clicking Background
[2019.01.16-20.42.36:516][629]Cmd: TRANSACTION UNDO
[2019.01.16-20.42.36:516][629]LogEditorTransaction: Undo Clicking Background
[2019.01.16-20.42.38:724][883]Cmd: TRANSACTION UNDO
[2019.01.16-20.42.38:724][883]LogEditorTransaction: Undo Marquee Select
[2019.01.16-20.42.40:021][ 25]LogEditorViewport: Clicking Background
[2019.01.16-20.42.40:677][101]LogSlate: FSceneViewport::OnFocusLost() reason 0
[2019.01.16-20.42.47:744][897]LogEditorViewport: Clicking Background
[2019.01.16-20.42.50:451][211]LogSlate: FSceneViewport::OnFocusLost() reason 0
[2019.01.16-20.43.05:653][ 21]LogEditorViewport: Clicking on Actor (LMB): Brush (Box Brush5)
[2019.01.16-20.43.08:504][354]LogSlate: FSceneViewport::OnFocusLost() reason 0
[2019.01.16-20.43.08:954][408]LogEditorViewport: Clicking Background
[2019.01.16-20.43.09:546][477]LogEditorViewport: Clicking Background
[2019.01.16-20.43.10:252][560]LogEditorViewport: Clicking Background
[2019.01.16-20.43.10:953][638]LogEditorViewport: Clicking Background
[2019.01.16-20.43.11:347][683]LogEditorViewport: Clicking on Actor (LMB): Brush (Box Brush5)
[2019.01.16-20.43.12:947][870]LogSlate: FSceneViewport::OnFocusLost() reason 0
[2019.01.16-20.43.18:016][458]LogEditorViewport: Clicking Background
[2019.01.16-20.43.18:867][557]LogEditorViewport: Clicking Background
[2019.01.16-20.43.19:179][593]LogEditorViewport: Clicking on Actor (LMB): Brush (Box Brush5)
[2019.01.16-20.45.21:749][276]LogEditorViewport: Clicking Background
[2019.01.16-20.45.31:273][398]LogSlate: FSceneViewport::OnFocusLost() reason 2
[2019.01.16-20.45.32:397][532]LogEditorViewport: Clicking Background
[2019.01.16-20.45.39:595][377]LogSlate: FSceneViewport::OnFocusLost() reason 0
[2019.01.16-20.45.51:419][771]LogSlate: FSceneViewport::OnFocusLost() reason 2
[2019.01.16-20.45.53:851][ 46]LogSlate: FSceneViewport::OnFocusLost() reason 0
[2019.01.16-20.46.00:045][723]LogEditorViewport: Clicking on Actor (LMB): BP_Sky_Sphere_C (Sky Sphere)
[2019.01.16-20.46.03:185][ 83]LogSlate: FSceneViewport::OnFocusLost() reason 2
[2019.01.16-20.46.05:886][387]LogSlate: FSceneViewport::OnFocusLost() reason 2
[2019.01.16-20.46.14:495][320]LogSlate: FSceneViewport::OnFocusLost() reason 0
[2019.01.16-20.46.19:450][884]LogEditorViewport: Clicking on Actor (LMB): BP_Sky_Sphere_C (Sky Sphere)
[2019.01.16-20.46.19:699][907]LogSlate: FSceneViewport::OnFocusLost() reason 2
[2019.01.16-20.46.21:290][ 95]LogSlate: FSceneViewport::OnFocusLost() reason 2
[2019.01.16-20.46.25:757][623]LogSlate: FSceneViewport::OnFocusLost() reason 0
[2019.01.16-20.46.28:707][959]LogEditorViewport: Clicking on Actor (LMB): Brush (Box Brush6)
[2019.01.16-20.46.31:474][273]LogSlate: FSceneViewport::OnFocusLost() reason 0
[2019.01.16-20.46.41:438][409]LogSlate: FSceneViewport::OnFocusLost() reason 2
[2019.01.16-20.46.44:322][751]LogSlate: FSceneViewport::OnFocusLost() reason 2
[2019.01.16-20.46.49:250][325]LogSlate: FSceneViewport::OnFocusLost() reason 0
[2019.01.16-20.46.52:976][713]LogSlate: FSceneViewport::OnFocusLost() reason 2
[2019.01.16-20.46.53:070][723]LogSlate: FSceneViewport::OnFocusLost() reason 2
[2019.01.16-20.46.58:284][333]LogEditorViewport: Clicking Background
[2019.01.16-20.46.59:559][483]LogEditorViewport: Clicking on Actor (LMB): Brush (Box Brush8)
[2019.01.16-20.47.00:651][608]LogSlate: FSceneViewport::OnFocusLost() reason 0
[2019.01.16-20.47.08:195][476]Cmd: DELETE
[2019.01.16-20.47.08:481][476]Cmd: ACTOR DELETE
[2019.01.16-20.47.08:503][476]LogEditorActor: Deleted Actor: Brush
[2019.01.16-20.47.08:701][476]LogEditorActor: Deleted 1 Actors (0.220 secs)
[2019.01.16-20.47.09:139][505]Cmd: DELETE
[2019.01.16-20.47.09:433][505]Cmd: ACTOR DELETE
[2019.01.16-20.47.09:453][505]LogEditorActor: Deleted Actor: Brush
[2019.01.16-20.47.09:645][505]LogEditorActor: Deleted 1 Actors (0.212 secs)
[2019.01.16-20.47.11:442][689]Cmd: TRANSACTION UNDO
[2019.01.16-20.47.11:442][689]LogEditorTransaction: Undo Select Brush Surface
[2019.01.16-20.47.11:791][720]Cmd: TRANSACTION UNDO
[2019.01.16-20.47.11:791][720]LogEditorTransaction: Undo Select Brush Surface
[2019.01.16-20.47.12:143][757]Cmd: TRANSACTION UNDO
[2019.01.16-20.47.12:143][757]LogEditorTransaction: Undo Delete Actors
[2019.01.16-20.47.12:291][757]LogActorComponent: ~FComponentReregisterContext: (/Game/My_city.My_city:PersistentLevel.Brush_St_142.BrushComponent0) Component already registered.
[2019.01.16-20.47.12:292][757]LogActorComponent: ~FComponentReregisterContext: (/Game/My_city.My_city:PersistentLevel.Brush_St_135.BrushComponent0) Component already registered.
[2019.01.16-20.47.12:307][757]LogActorComponent: ~FComponentReregisterContext: (/Game/My_city.My_city:PersistentLevel.Brush_St_17.BrushComponent0) Component already registered.
[2019.01.16-20.47.12:307][757]LogActorComponent: ~FComponentReregisterContext: (/Game/My_city.My_city:PersistentLevel.Brush_St_10.BrushComponent0) Component already registered.
[2019.01.16-20.47.12:308][757]LogActorComponent: ~FComponentReregisterContext: (/Game/My_city.My_city:PersistentLevel.Brush_St_89.BrushComponent0) Component already registered.
[2019.01.16-20.47.12:309][757]LogActorComponent: ~FComponentReregisterContext: (/Game/My_city.My_city:PersistentLevel.Brush_SW_59.BrushComponent0) Component already registered.
[2019.01.16-20.47.12:311][757]LogActorComponent: ~FComponentReregisterContext: (/Game/My_city.My_city:PersistentLevel.Brush_St_191.BrushComponent0) Component already registered.
[2019.01.16-20.47.12:313][757]LogActorComponent: ~FComponentReregisterContext: (/Game/My_city.My_city:PersistentLevel.Brush_SW_218.BrushComponent0) Component already registered.
[2019.01.16-20.47.12:314][757]LogActorComponent: ~FComponentReregisterContext: (/Game/My_city.My_city:PersistentLevel.Brush_SW_210.BrushComponent0) Component already registered.
[2019.01.16-20.47.12:315][757]LogActorComponent: ~FComponentReregisterContext: (/Game/My_city.My_city:PersistentLevel.Brush_SW_203.BrushComponent0) Component already registered.
[2019.01.16-20.47.12:316][757]LogActorComponent: ~FComponentReregisterContext: (/Game/My_city.My_city:PersistentLevel.Brush_SW_196.BrushComponent0) Component already registered.
[2019.01.16-20.47.12:319][757]LogActorComponent: ~FComponentReregisterContext: (/Game/My_city.My_city:PersistentLevel.Brush_SW_74.BrushComponent0) Component already registered.
[2019.01.16-20.47.12:321][757]LogActorComponent: ~FComponentReregisterContext: (/Game/My_city.My_city:PersistentLevel.Brush_SW_127.BrushComponent0) Component already registered.
[2019.01.16-20.47.12:322][757]LogActorComponent: ~FComponentReregisterContext: (/Game/My_city.My_city:PersistentLevel.Brush_SW_120.BrushComponent0) Component already registered.
[2019.01.16-20.47.12:546][763]Cmd: TRANSACTION UNDO
[2019.01.16-20.47.12:546][763]LogEditorTransaction: Undo Modifier [Delete]
[2019.01.16-20.47.12:703][763]LogActorComponent: ~FComponentReregisterContext: (/Game/My_city.My_city:PersistentLevel.Brush_St_100.BrushComponent0) Component already registered.
[2019.01.16-20.47.12:703][763]LogActorComponent: ~FComponentReregisterContext: (/Game/My_city.My_city:PersistentLevel.Brush_St_93.BrushComponent0) Component already registered.
[2019.01.16-20.47.12:710][763]LogActorComponent: ~FComponentReregisterContext: (/Game/My_city.My_city:PersistentLevel.Brush_St_3.BrushComponent0) Component already registered.
[2019.01.16-20.47.12:723][763]LogActorComponent: ~FComponentReregisterContext: (/Game/My_city.My_city:PersistentLevel.Brush_SW_188.BrushComponent0) Component already registered.
[2019.01.16-20.47.12:725][763]LogActorComponent: ~FComponentReregisterContext: (/Game/My_city.My_city:PersistentLevel.Brush_St_216.BrushComponent0) Component already registered.
[2019.01.16-20.47.12:726][763]LogActorComponent: ~FComponentReregisterContext: (/Game/My_city.My_city:PersistentLevel.Brush_St_209.BrushComponent0) Component already registered.
[2019.01.16-20.47.12:729][763]LogActorComponent: ~FComponentReregisterContext: (/Game/My_city.My_city:PersistentLevel.Brush_SW_74.BrushComponent0) Component already registered.
[2019.01.16-20.47.12:732][763]LogActorComponent: ~FComponentReregisterContext: (/Game/My_city.My_city:PersistentLevel.Brush_SW_127.BrushComponent0) Component already registered.
[2019.01.16-20.47.12:732][763]LogActorComponent: ~FComponentReregisterContext: (/Game/My_city.My_city:PersistentLevel.Brush_SW_120.BrushComponent0) Component already registered.
[2019.01.16-20.47.13:152][787]LogEditorViewport: Clicking on Actor (LMB): BP_Sky_Sphere_C (Sky Sphere)
[2019.01.16-20.47.40:114][838]LogSlate: FSceneViewport::OnFocusLost() reason 2
[2019.01.16-20.47.40:851][838]LogSavePackage: Moving '../../../../../../Users/u1127436/Documents/GitHub/JRH_AssertPipline/JRH_WhiteBoxSc01/Saved/My_city_Auto1AC838CCC4627AA6D450A34AB7EA16039.tmp' to '../../../../../../Users/u1127436/Documents/GitHub/JRH_AssertPipline/JRH_WhiteBoxSc01/Saved/Autosaves/Game/My_city_Auto1.umap'
[2019.01.16-20.47.40:858][838]LogFileHelpers: Editor autosave (incl. sublevels) for '/Game/My_city' took 0.718
[2019.01.16-20.47.40:858][838]LogFileHelpers: Editor autosave (incl. sublevels) for all levels took 0.718
[2019.01.16-20.53.51:807][216]LogEditorViewport: Clicking on Actor (LMB): BP_Sky_Sphere_C (Sky Sphere)
[2019.01.16-20.54.03:764][640]LogEditorViewport: Clicking on Actor (LMB): BP_Sky_Sphere_C (Sky Sphere)
[2019.01.16-20.54.03:782][640]LogEditorViewport: Clicking on Component (LMB): StaticMeshComponent (Sky Sphere mesh)
[2019.01.16-20.55.25:124][325]LogSlate: FSceneViewport::OnFocusLost() reason 0
[2019.01.16-20.55.29:265][792]Cmd: BRUSH ADD SELECTNEWBRUSH
[2019.01.16-20.55.32:119][120]LogSlate: FSceneViewport::OnFocusLost() reason 0
[2019.01.16-20.55.43:916][373]LogEditorViewport: Clicking on Actor (LMB): BP_Sky_Sphere_C (Sky Sphere)
[2019.01.16-20.55.48:765][928]LogSlate: FSceneViewport::OnFocusLost() reason 0
[2019.01.16-20.55.59:442][169]LogSlate: FSceneViewport::OnFocusLost() reason 0
[2019.01.16-20.56.06:683][951]LogEditorViewport: Clicking on Actor (LMB): BP_Sky_Sphere_C (Sky Sphere)
[2019.01.16-20.56.09:069][222]LogSlate: FSceneViewport::OnFocusLost() reason 0
[2019.01.16-20.56.28:698][432]LogSlate: FSceneViewport::OnFocusLost() reason 0
[2019.01.16-20.57.41:837][727]LogSavePackage: Moving '../../../../../../Users/u1127436/Documents/GitHub/JRH_AssertPipline/JRH_WhiteBoxSc01/Saved/My_city_Auto247F29C204EC48E51F5E5D4A3E7796E69.tmp' to '../../../../../../Users/u1127436/Documents/GitHub/JRH_AssertPipline/JRH_WhiteBoxSc01/Saved/Autosaves/Game/My_city_Auto2.umap'
[2019.01.16-20.57.41:840][727]LogFileHelpers: Editor autosave (incl. sublevels) for '/Game/My_city' took 0.710
[2019.01.16-20.57.41:840][727]LogFileHelpers: Editor autosave (incl. sublevels) for all levels took 0.710
[2019.01.16-20.59.58:043][442]LogSlate: FSceneViewport::OnFocusLost() reason 0
[2019.01.16-21.00.12:949][119]LogSlate: FSceneViewport::OnFocusLost() reason 0
[2019.01.16-21.01.25:527][792]LogSlate: FSceneViewport::OnFocusLost() reason 0
[2019.01.16-21.02.13:849][329]LogEditorViewport: Clicking on Actor (LMB): BP_Sky_Sphere_C (Sky Sphere)
[2019.01.16-21.02.23:272][383]LogEditorViewport: Clicking on Actor (LMB): BP_Sky_Sphere_C (Sky Sphere)
[2019.01.16-21.02.24:417][513]Cmd: TRANSACTION UNDO
[2019.01.16-21.02.24:417][513]LogEditorTransaction: Undo Clicking on Actors
[2019.01.16-21.02.24:689][541]Cmd: TRANSACTION UNDO
[2019.01.16-21.02.24:689][541]LogEditorTransaction: Undo Move Actors
[2019.01.16-21.02.24:848][541]LogActorComponent: ~FComponentReregisterContext: (/Game/My_city.My_city:PersistentLevel.Brush_SW_56.BrushComponent0) Component already registered.
[2019.01.16-21.02.24:851][541]LogActorComponent: ~FComponentReregisterContext: (/Game/My_city.My_city:PersistentLevel.Brush_SW_113.BrushComponent0) Component already registered.
[2019.01.16-21.02.24:852][541]LogActorComponent: ~FComponentReregisterContext: (/Game/My_city.My_city:PersistentLevel.Brush_SW_132.BrushComponent0) Component already registered.
[2019.01.16-21.02.24:853][541]LogActorComponent: ~FComponentReregisterContext: (/Game/My_city.My_city:PersistentLevel.Brush_SW_75.BrushComponent0) Component already registered.
[2019.01.16-21.02.24:854][541]LogActorComponent: ~FComponentReregisterContext: (/Game/My_city.My_city:PersistentLevel.Brush_SW_94.BrushComponent0) Component already registered.
[2019.01.16-21.02.24:863][541]LogActorComponent: ~FComponentReregisterContext: (/Game/My_city.My_city:PersistentLevel.Brush_St_10.BrushComponent0) Component already registered.
[2019.01.16-21.02.24:864][541]LogActorComponent: ~FComponentReregisterContext: (/Game/My_city.My_city:PersistentLevel.Brush_St_29.BrushComponent0) Component already registered.
[2019.01.16-21.02.24:865][541]LogActorComponent: ~FComponentReregisterContext: (/Game/My_city.My_city:PersistentLevel.Brush_St_94.BrushComponent0) Component already registered.
[2019.01.16-21.02.24:867][541]LogActorComponent: ~FComponentReregisterContext: (/Game/My_city.My_city:PersistentLevel.Brush_St_113.BrushComponent0) Component already registered.
[2019.01.16-21.02.24:870][541]LogActorComponent: ~FComponentReregisterContext: (/Game/My_city.My_city:PersistentLevel.Brush_St_168.BrushComponent0) Component already registered.
[2019.01.16-21.02.24:872][541]LogActorComponent: ~FComponentReregisterContext: (/Game/My_city.My_city:PersistentLevel.Brush_St_189.BrushComponent0) Component already registered.
[2019.01.16-21.02.24:872][541]LogActorComponent: ~FComponentReregisterContext: (/Game/My_city.My_city:PersistentLevel.Brush_SW_151.BrushComponent0) Component already registered.
[2019.01.16-21.02.24:873][541]LogActorComponent: ~FComponentReregisterContext: (/Game/My_city.My_city:PersistentLevel.Brush_SW_170.BrushComponent0) Component already registered.
[2019.01.16-21.02.24:874][541]LogActorComponent: ~FComponentReregisterContext: (/Game/My_city.My_city:PersistentLevel.Brush_SW_205.BrushComponent0) Component already registered.
[2019.01.16-21.02.24:875][541]LogActorComponent: ~FComponentReregisterContext: (/Game/My_city.My_city:PersistentLevel.Brush_SW_225.BrushComponent0) Component already registered.
[2019.01.16-21.02.25:134][551]Cmd: TRANSACTION UNDO
[2019.01.16-21.02.25:134][551]LogEditorTransaction: Undo Select Brush Surface
[2019.01.16-21.02.25:832][618]LogEditorViewport: Clicking on Actor (LMB): BP_Sky_Sphere_C (Sky Sphere)
[2019.01.16-21.02.54:349][974]LogSlate: FSceneViewport::OnFocusLost() reason 0
[2019.01.16-21.03.00:043][616]LogSlate: FSceneViewport::OnFocusLost() reason 0
[2019.01.16-21.03.06:218][315]LogSlate: FSceneViewport::OnFocusLost() reason 0
[2019.01.16-21.03.37:877][776]LogEditorViewport: Clicking on Actor (LMB): BP_Sky_Sphere_C (Sky Sphere)
[2019.01.16-21.03.44:506][550]LogSlate: FSceneViewport::OnFocusLost() reason 0
[2019.01.16-21.04.29:502][771]LogSlate: FSceneViewport::OnFocusLost() reason 0
[2019.01.16-21.04.41:053][ 73]Cmd: DELETE
[2019.01.16-21.04.41:053][ 73]Cmd: ACTOR DELETE
[2019.01.16-21.04.41:078][ 73]LogEditorActor: Deleted Actor: Brush
[2019.01.16-21.04.41:281][ 73]LogEditorActor: Deleted 1 Actors (0.226 secs)
[2019.01.16-21.04.41:790][108]Cmd: DELETE
[2019.01.16-21.04.41:790][108]Cmd: ACTOR DELETE
[2019.01.16-21.04.41:809][108]LogEditorActor: Deleted Actor: Brush
[2019.01.16-21.04.42:005][108]LogEditorActor: Deleted 1 Actors (0.215 secs)
[2019.01.16-21.04.42:350][122]Cmd: DELETE
[2019.01.16-21.04.42:350][122]Cmd: ACTOR DELETE
[2019.01.16-21.04.42:369][122]LogEditorActor: Deleted Actor: Brush
[2019.01.16-21.04.42:567][122]LogEditorActor: Deleted 1 Actors (0.216 secs)
[2019.01.16-21.04.43:077][158]Cmd: DELETE
[2019.01.16-21.04.43:077][158]Cmd: ACTOR DELETE
[2019.01.16-21.04.43:095][158]LogEditorActor: Deleted Actor: Brush
[2019.01.16-21.04.43:290][158]LogEditorActor: Deleted 1 Actors (0.214 secs)
[2019.01.16-21.07.41:694][472]LogSlate: FSceneViewport::OnFocusLost() reason 2
[2019.01.16-21.07.42:457][472]LogSavePackage: Moving '../../../../../../Users/u1127436/Documents/GitHub/JRH_AssertPipline/JRH_WhiteBoxSc01/Saved/My_city_Auto31F594595441032EA7BD4239B8F4571D5.tmp' to '../../../../../../Users/u1127436/Documents/GitHub/JRH_AssertPipline/JRH_WhiteBoxSc01/Saved/Autosaves/Game/My_city_Auto3.umap'
[2019.01.16-21.07.42:461][472]LogFileHelpers: Editor autosave (incl. sublevels) for '/Game/My_city' took 0.756
[2019.01.16-21.07.42:461][472]LogFileHelpers: Editor autosave (incl. sublevels) for all levels took 0.756
[2019.01.16-21.10.08:368][ 98]LogSlate: FSceneViewport::OnFocusLost() reason 0
[2019.01.16-21.10.11:174][139]LogSlate: Window 'Save Content' being destroyed
[2019.01.16-21.10.11:261][139]Cmd: OBJ SAVEPACKAGE PACKAGE="/Game/My_city" FILE="../../../../../../Users/u1127436/Documents/GitHub/JRH_AssertPipline/JRH_WhiteBoxSc01/Content/My_city.umap" SILENT=true AUTOSAVING=false KEEPDIRTY=false
[2019.01.16-21.10.11:988][139]LogSavePackage: Moving '../../../../../../Users/u1127436/Documents/GitHub/JRH_AssertPipline/JRH_WhiteBoxSc01/Saved/My_cityB0B06BBD442E2C7F57B858BCEF306D30.tmp' to '../../../../../../Users/u1127436/Documents/GitHub/JRH_AssertPipline/JRH_WhiteBoxSc01/Content/My_city.umap'
[2019.01.16-21.10.12:053][139]LogFileHelpers: Saving map 'My_city' took 0.858
[2019.01.16-21.10.12:116][139]LogSlate: Window 'JRH_WhiteBoxSc01 - Unreal Editor' being destroyed
[2019.01.16-21.10.12:335][140]Cmd: QUIT_EDITOR
[2019.01.16-21.10.12:364][140]LogWindowsTextInputMethodSystem: Display: IME system now deactivated.
[2019.01.16-21.10.12:379][140]LogExit: Preparing to exit.
[2019.01.16-21.10.13:101][140]LogDirectoryWatcher: A directory notification failed for 'C:/Users/u1127436/Documents/GitHub/JRH_AssertPipline/JRH_WhiteBoxSc01/Content/', and we were unable to create a new request.
[2019.01.16-21.10.13:122][140]LogExit: Editor shut down
[2019.01.16-21.10.13:123][140]LogExit: Transaction tracking system shut down
[2019.01.16-21.10.13:823][140]LogExit: Object subsystem successfully closed.
[2019.01.16-21.10.13:844][140]LogShaderCompilers: Display: Shaders left to compile 0
[2019.01.16-21.10.13:846][140]LogD3D11RHI: Shutdown
[2019.01.16-21.10.13:846][140]LogD3D11RHI: CleanupD3DDevice
[2019.01.16-21.10.13:851][140]LogD3D11RHI: ~FD3D11DynamicRHI
[2019.01.16-21.10.13:873][140]LogModuleManager: Shutting down and abandoning module NewLevelDialog (614)
[2019.01.16-21.10.13:873][140]LogModuleManager: Shutting down and abandoning module HierarchicalLODOutliner (612)
[2019.01.16-21.10.13:873][140]LogModuleManager: Shutting down and abandoning module SceneOutliner (610)
[2019.01.16-21.10.13:873][140]LogModuleManager: Shutting down and abandoning module AddContentDialog (608)
[2019.01.16-21.10.13:873][140]LogModuleManager: Shutting down and abandoning module WidgetCarousel (607)
[2019.01.16-21.10.13:873][140]LogModuleManager: Shutting down and abandoning module EditorWidgets (604)
[2019.01.16-21.10.13:873][140]LogModuleManager: Shutting down and abandoning module CollectionManager (602)
[2019.01.16-21.10.13:873][140]LogModuleManager: Shutting down and abandoning module HierarchicalLODUtilities (600)
[2019.01.16-21.10.13:873][140]LogModuleManager: Shutting down and abandoning module StatsViewer (598)
[2019.01.16-21.10.13:873][140]LogModuleManager: Shutting down and abandoning module FoliageEdit (596)
[2019.01.16-21.10.13:873][140]LogModuleManager: Shutting down and abandoning module LandscapeEditor (594)
[2019.01.16-21.10.13:873][140]LogModuleManager: Shutting down and abandoning module MeshPaintMode (592)
[2019.01.16-21.10.13:873][140]LogModuleManager: Shutting down and abandoning module SceneDepthPickerMode (590)
[2019.01.16-21.10.13:873][140]LogModuleManager: Shutting down and abandoning module ActorPickerMode (588)
[2019.01.16-21.10.13:873][140]LogModuleManager: Shutting down and abandoning module GeometryMode (586)
[2019.01.16-21.10.13:873][140]LogModuleManager: Shutting down and abandoning module TextureAlignMode (584)
[2019.01.16-21.10.13:873][140]LogModuleManager: Shutting down and abandoning module BspMode (582)
[2019.01.16-21.10.13:873][140]LogModuleManager: Shutting down and abandoning module PIEPreviewDeviceProfileSelector (580)
[2019.01.16-21.10.13:873][140]LogModuleManager: Shutting down and abandoning module SequenceRecorderSections (578)
[2019.01.16-21.10.13:874][140]LogModuleManager: Shutting down and abandoning module AutomationWorker (576)
[2019.01.16-21.10.13:874][140]LogModuleManager: Shutting down and abandoning module AudioCaptureEditor (574)
[2019.01.16-21.10.13:874][140]LogModuleManager: Shutting down and abandoning module SequenceRecorder (573)
[2019.01.16-21.10.13:874][140]LogModuleManager: Shutting down and abandoning module MatineeToLevelSequence (570)
[2019.01.16-21.10.13:874][140]LogModuleManager: Shutting down and abandoning module LevelSequenceEditor (568)
[2019.01.16-21.10.13:874][140]LogModuleManager: Shutting down and abandoning module PlacementMode (567)
[2019.01.16-21.10.13:874][140]LogModuleManager: Shutting down and abandoning module MaterialEditor (566)
[2019.01.16-21.10.13:874][140]LogModuleManager: Shutting down and abandoning module WmfMediaFactory (562)
[2019.01.16-21.10.13:874][140]LogModuleManager: Shutting down and abandoning module WmfMediaEditor (560)
[2019.01.16-21.10.13:874][140]LogModuleManager: Shutting down and abandoning module MediaPlayerEditor (558)
[2019.01.16-21.10.13:874][140]LogModuleManager: Shutting down and abandoning module OpenExrWrapper (556)
[2019.01.16-21.10.13:874][140]LogModuleManager: Shutting down and abandoning module ImgMediaFactory (554)
[2019.01.16-21.10.13:874][140]LogModuleManager: Shutting down and abandoning module ImgMediaEditor (552)
[2019.01.16-21.10.13:874][140]LogModuleManager: Shutting down and abandoning module AvfMediaFactory (550)
[2019.01.16-21.10.13:874][140]LogModuleManager: Shutting down and abandoning module AvfMediaEditor (548)
[2019.01.16-21.10.13:874][140]LogModuleManager: Shutting down and abandoning module AndroidMediaFactory (546)
[2019.01.16-21.10.13:874][140]LogModuleManager: Shutting down and abandoning module AndroidMediaEditor (544)
[2019.01.16-21.10.13:874][140]LogModuleManager: Shutting down and abandoning module MagicLeapCameraPreviewFactory (542)
[2019.01.16-21.10.13:874][140]LogModuleManager: Shutting down and abandoning module MagicLeapMediaFactory (540)
[2019.01.16-21.10.13:874][140]LogModuleManager: Shutting down and abandoning module MagicLeapMediaEditor (538)
[2019.01.16-21.10.13:874][140]LogModuleManager: Shutting down and abandoning module CharacterAI (536)
[2019.01.16-21.10.13:874][140]LogModuleManager: Shutting down and abandoning module SmartSnapping (534)
[2019.01.16-21.10.13:874][140]LogModuleManager: Shutting down and abandoning module SessionServices (532)
[2019.01.16-21.10.13:874][140]LogModuleManager: Shutting down and abandoning module ViewportSnapping (530)
[2019.01.16-21.10.13:874][140]LogModuleManager: Shutting down and abandoning module ViewportInteraction (528)
[2019.01.16-21.10.13:874][140]LogModuleManager: Shutting down and abandoning module ClothPainter (526)
[2019.01.16-21.10.13:874][140]LogModuleManager: Shutting down and abandoning module SkeletalMeshEditor (525)
[2019.01.16-21.10.13:874][140]LogModuleManager: Shutting down and abandoning module LogVisualizer (522)
[2019.01.16-21.10.13:874][140]LogModuleManager: Shutting down and abandoning module IntroTutorials (520)
[2019.01.16-21.10.13:874][140]LogModuleManager: Shutting down and abandoning module GameProjectGeneration (519)
[2019.01.16-21.10.13:874][140]LogModuleManager: Shutting down and abandoning module LuminPlatformEditor (516)
[2019.01.16-21.10.13:874][140]LogModuleManager: Shutting down and abandoning module IOSPlatformEditor (514)
[2019.01.16-21.10.13:874][140]LogModuleManager: Shutting down and abandoning module HTML5PlatformEditor (512)
[2019.01.16-21.10.13:874][140]LogModuleManager: Shutting down and abandoning module AndroidPlatformEditor (510)
[2019.01.16-21.10.13:874][140]LogModuleManager: Shutting down and abandoning module AndroidDeviceDetection (509)
[2019.01.16-21.10.14:121][140]LogModuleManager: Shutting down and abandoning module WindowsPlatformEditor (506)
[2019.01.16-21.10.14:121][140]LogModuleManager: Shutting down and abandoning module LuminRuntimeSettings (504)
[2019.01.16-21.10.14:121][140]LogModuleManager: Shutting down and abandoning module IOSRuntimeSettings (502)
[2019.01.16-21.10.14:121][140]LogModuleManager: Shutting down and abandoning module AndroidRuntimeSettings (500)
[2019.01.16-21.10.14:121][140]LogModuleManager: Shutting down and abandoning module InputBindingEditor (498)
[2019.01.16-21.10.14:121][140]LogModuleManager: Shutting down and abandoning module MergeActors (496)
[2019.01.16-21.10.14:121][140]LogModuleManager: Shutting down and abandoning module LocalizationDashboard (494)
[2019.01.16-21.10.14:121][140]LogModuleManager: Shutting down and abandoning module LocalizationService (493)
[2019.01.16-21.10.14:122][140]LogModuleManager: Shutting down and abandoning module HardwareTargeting (490)
[2019.01.16-21.10.14:122][140]LogModuleManager: Shutting down and abandoning module DeviceProfileEditor (488)
[2019.01.16-21.10.14:122][140]LogModuleManager: Shutting down and abandoning module UndoHistory (486)
[2019.01.16-21.10.14:122][140]LogModuleManager: Shutting down and abandoning module XmlParser (484)
[2019.01.16-21.10.14:122][140]LogModuleManager: Shutting down and abandoning module Blutility (482)
[2019.01.16-21.10.14:122][140]LogModuleManager: Shutting down and abandoning module ProjectSettingsViewer (480)
[2019.01.16-21.10.14:122][140]LogModuleManager: Shutting down and abandoning module ProjectTargetPlatformEditor (479)
[2019.01.16-21.10.14:122][140]LogModuleManager: Shutting down and abandoning module EditorSettingsViewer (476)
[2019.01.16-21.10.14:122][140]LogModuleManager: Shutting down and abandoning module SettingsEditor (474)
[2019.01.16-21.10.14:122][140]LogModuleManager: Shutting down and abandoning module ProjectLauncher (472)
[2019.01.16-21.10.14:122][140]LogModuleManager: Shutting down and abandoning module SessionFrontend (470)
[2019.01.16-21.10.14:122][140]LogModuleManager: Shutting down and abandoning module ProfilerClient (468)
[2019.01.16-21.10.14:122][140]LogModuleManager: Shutting down and abandoning module DeviceManager (466)
[2019.01.16-21.10.14:122][140]LogModuleManager: Shutting down and abandoning module TargetDeviceServices (465)
[2019.01.16-21.10.14:188][140]LogModuleManager: Shutting down and abandoning module AutomationController (462)
[2019.01.16-21.10.14:188][140]LogModuleManager: Shutting down and abandoning module AutomationWindow (460)
[2019.01.16-21.10.14:188][140]LogModuleManager: Shutting down and abandoning module Layers (458)
[2019.01.16-21.10.14:188][140]LogModuleManager: Shutting down and abandoning module ComponentVisualizers (456)
[2019.01.16-21.10.14:188][140]LogModuleManager: Shutting down and abandoning module DetailCustomizations (454)
[2019.01.16-21.10.14:188][140]LogModuleManager: Shutting down and abandoning module PackagesDialog (452)
[2019.01.16-21.10.14:188][140]LogModuleManager: Shutting down and abandoning module Persona (450)
[2019.01.16-21.10.14:188][140]LogModuleManager: Shutting down and abandoning module AdvancedPreviewScene (449)
[2019.01.16-21.10.14:188][140]LogModuleManager: Shutting down and abandoning module AnimGraph (447)
[2019.01.16-21.10.14:188][140]LogModuleManager: Shutting down and abandoning module Kismet (444)
[2019.01.16-21.10.14:188][140]LogModuleManager: Shutting down and abandoning module GraphEditor (442)
[2019.01.16-21.10.14:188][140]LogModuleManager: Shutting down and abandoning module ClassViewer (440)
[2019.01.16-21.10.14:188][140]LogModuleManager: Shutting down and abandoning module Toolbox (438)
[2019.01.16-21.10.14:188][140]LogModuleManager: Shutting down and abandoning module ModuleUI (436)
[2019.01.16-21.10.14:188][140]LogModuleManager: Shutting down and abandoning module MovieSceneTools (434)
[2019.01.16-21.10.14:188][140]LogModuleManager: Shutting down and abandoning module OutputLog (432)
[2019.01.16-21.10.14:188][140]LogModuleManager: Shutting down and abandoning module GammaUI (430)
[2019.01.16-21.10.14:188][140]LogModuleManager: Shutting down and abandoning module Documentation (428)
[2019.01.16-21.10.14:188][140]LogModuleManager: Shutting down and abandoning module MovieSceneTracks (426)
[2019.01.16-21.10.14:188][140]LogModuleManager: Shutting down and abandoning module MovieScene (424)
[2019.01.16-21.10.14:188][140]LogModuleManager: Shutting down and abandoning module StreamingPauseRendering (422)
[2019.01.16-21.10.14:188][140]LogModuleManager: Shutting down and abandoning module LauncherPlatform (420)
[2019.01.16-21.10.14:188][140]LogModuleManager: Shutting down and abandoning module AnalyticsET (418)
[2019.01.16-21.10.14:189][140]LogModuleManager: Shutting down and abandoning module PortalServices (416)
[2019.01.16-21.10.14:189][140]LogModuleManager: Shutting down and abandoning module PortalRpc (414)
[2019.01.16-21.10.14:189][140]LogModuleManager: Shutting down and abandoning module MessagingRpc (412)
[2019.01.16-21.10.14:189][140]LogModuleManager: Shutting down and abandoning module AIModule (410)
[2019.01.16-21.10.14:189][140]LogModuleManager: Shutting down and abandoning module GameplayDebugger (409)
[2019.01.16-21.10.14:189][140]LogModuleManager: Shutting down and abandoning module AITestSuite (407)
[2019.01.16-21.10.14:189][140]LogModuleManager: Shutting down and abandoning module NavigationSystem (405)
[2019.01.16-21.10.14:189][140]LogModuleManager: Shutting down and abandoning module DesktopPlatform (402)
[2019.01.16-21.10.14:189][140]LogModuleManager: Shutting down and abandoning module ProfilerService (400)
[2019.01.16-21.10.14:271][140]LogModuleManager: Shutting down and abandoning module TaskGraph (398)
[2019.01.16-21.10.14:271][140]LogModuleManager: Shutting down and abandoning module SteamVRController (396)
[2019.01.16-21.10.14:271][140]LogModuleManager: Shutting down and abandoning module ProceduralMeshComponentEditor (394)
[2019.01.16-21.10.14:271][140]LogModuleManager: Shutting down and abandoning module ProceduralMeshComponent (392)
[2019.01.16-21.10.14:271][140]LogModuleManager: Shutting down and abandoning module OculusInput (390)
[2019.01.16-21.10.14:271][140]LogModuleManager: Shutting down and abandoning module MobilePatchingUtils (388)
[2019.01.16-21.10.14:271][140]LogModuleManager: Shutting down and abandoning module EditableMesh (386)
[2019.01.16-21.10.14:271][140]LogModuleManager: Shutting down and abandoning module CustomMeshComponent (384)
[2019.01.16-21.10.14:271][140]LogModuleManager: Shutting down and abandoning module CableComponent (382)
[2019.01.16-21.10.14:271][140]LogModuleManager: Shutting down and abandoning module AudioCapture (380)
[2019.01.16-21.10.14:271][140]LogModuleManager: Shutting down and abandoning module ArchVisCharacter (378)
[2019.01.16-21.10.14:271][140]LogModuleManager: Shutting down and abandoning module AndroidPermission (376)
[2019.01.16-21.10.14:271][140]LogModuleManager: Shutting down and abandoning module NUTUnrealEngine4 (374)
[2019.01.16-21.10.14:271][140]LogModuleManager: Shutting down and abandoning module NetcodeUnitTest (372)
[2019.01.16-21.10.14:271][140]LogModuleManager: Shutting down and abandoning module MediaCompositingEditor (370)
[2019.01.16-21.10.14:271][140]LogModuleManager: Shutting down and abandoning module MediaCompositing (368)
[2019.01.16-21.10.14:271][140]LogModuleManager: Shutting down and abandoning module LinearTimecode (366)
[2019.01.16-21.10.14:271][140]LogModuleManager: Shutting down and abandoning module ImgMedia (364)
[2019.01.16-21.10.14:274][140]LogModuleManager: Shutting down and abandoning module HTML5Networking (362)
[2019.01.16-21.10.14:274][140]LogModuleManager: Shutting down and abandoning module GeometryCacheTracks (360)
[2019.01.16-21.10.14:274][140]LogModuleManager: Shutting down and abandoning module GeometryCacheSequencer (358)
[2019.01.16-21.10.14:274][140]LogModuleManager: Shutting down and abandoning module BackChannel (356)
[2019.01.16-21.10.14:274][140]LogModuleManager: Shutting down and abandoning module AppleVision (354)
[2019.01.16-21.10.14:274][140]LogModuleManager: Shutting down and abandoning module AppleImageUtils (352)
[2019.01.16-21.10.14:274][140]LogModuleManager: Shutting down and abandoning module AlembicImporter (350)
[2019.01.16-21.10.14:274][140]LogModuleManager: Shutting down and abandoning module AlembicLibrary (349)
[2019.01.16-21.10.14:274][140]LogModuleManager: Shutting down and abandoning module GeometryCache (348)
[2019.01.16-21.10.14:274][140]LogModuleManager: Shutting down and abandoning module GeometryCacheEd (347)
[2019.01.16-21.10.14:274][140]LogModuleManager: Shutting down and abandoning module DatasmithContentEditor (342)
[2019.01.16-21.10.14:274][140]LogModuleManager: Shutting down and abandoning module DatasmithContent (340)
[2019.01.16-21.10.14:275][140]LogModuleManager: Shutting down and abandoning module SpeedTreeImporter (338)
[2019.01.16-21.10.14:275][140]LogModuleManager: Shutting down and abandoning module PluginBrowser (336)
[2019.01.16-21.10.14:275][140]LogModuleManager: Shutting down and abandoning module MobileLauncherProfileWizard (334)
[2019.01.16-21.10.14:275][140]LogModuleManager: Shutting down and abandoning module PolygonModeling (332)
[2019.01.16-21.10.14:275][140]LogModuleManager: Shutting down and abandoning module MeshEditor (330)
[2019.01.16-21.10.14:275][140]LogModuleManager: Shutting down and abandoning module CryptoKeysOpenSSL (328)
[2019.01.16-21.10.14:275][140]LogModuleManager: Shutting down and abandoning module CryptoKeys (326)
[2019.01.16-21.10.14:275][140]LogModuleManager: Shutting down and abandoning module VisualStudioSourceCodeAccess (324)
[2019.01.16-21.10.14:275][140]LogModuleManager: Shutting down and abandoning module VisualStudioCodeSourceCodeAccess (322)
[2019.01.16-21.10.14:275][140]LogModuleManager: Shutting down and abandoning module UObjectPlugin (320)
[2019.01.16-21.10.14:275][140]LogModuleManager: Shutting down and abandoning module SubversionSourceControl (318)
[2019.01.16-21.10.14:275][140]LogModuleManager: Shutting down and abandoning module PerforceSourceControl (316)
[2019.01.16-21.10.14:275][140]LogModuleManager: Shutting down and abandoning module GitSourceControl (314)
[2019.01.16-21.10.14:275][140]LogModuleManager: Shutting down and abandoning module SourceControl (313)
[2019.01.16-21.10.14:275][140]LogModuleManager: Shutting down and abandoning module CLionSourceCodeAccess (310)
[2019.01.16-21.10.14:275][140]LogModuleManager: Shutting down and abandoning module LightPropagationVolumeEditor (308)
[2019.01.16-21.10.14:275][140]LogModuleManager: Shutting down and abandoning module PaperTiledImporter (306)
[2019.01.16-21.10.14:275][140]LogModuleManager: Shutting down and abandoning module PaperSpriteSheetImporter (304)
[2019.01.16-21.10.14:275][140]LogModuleManager: Shutting down and abandoning module Paper2DEditor (302)
[2019.01.16-21.10.14:275][140]LogModuleManager: Shutting down and abandoning module MeshPaint (301)
[2019.01.16-21.10.14:275][140]LogModuleManager: Shutting down and abandoning module RuntimePhysXCooking (298)
[2019.01.16-21.10.14:275][140]LogModuleManager: Shutting down and abandoning module PhysXVehiclesEditor (296)
[2019.01.16-21.10.14:275][140]LogModuleManager: Shutting down and abandoning module PhysXVehicles (294)
[2019.01.16-21.10.14:276][140]LogModuleManager: Shutting down and abandoning module OculusEditor (292)
[2019.01.16-21.10.14:276][140]LogModuleManager: Shutting down and abandoning module LocationServicesBPLibrary (290)
[2019.01.16-21.10.14:276][140]LogModuleManager: Shutting down and abandoning module ImmediatePhysicsEditor (288)
[2019.01.16-21.10.14:276][140]LogModuleManager: Shutting down and abandoning module ImmediatePhysics (286)
[2019.01.16-21.10.14:276][140]LogModuleManager: Shutting down and abandoning module ActorSequence (284)
[2019.01.16-21.10.14:276][140]LogModuleManager: Shutting down and abandoning module UdpMessaging (282)
[2019.01.16-21.10.14:377][140]LogModuleManager: Shutting down and abandoning module TcpMessaging (280)
[2019.01.16-21.10.14:477][140]LogModuleManager: Shutting down and abandoning module MagicLeapAudio (278)
[2019.01.16-21.10.14:477][140]LogModuleManager: Shutting down and abandoning module GameplayTagsEditor (276)
[2019.01.16-21.10.14:477][140]LogModuleManager: Shutting down and abandoning module FacialAnimationEditor (274)
[2019.01.16-21.10.14:477][140]LogModuleManager: Shutting down and abandoning module FacialAnimation (272)
[2019.01.16-21.10.14:477][140]LogModuleManager: Shutting down and abandoning module DataValidation (270)
[2019.01.16-21.10.14:477][140]LogModuleManager: Shutting down and abandoning module AssetManagerEditor (268)
[2019.01.16-21.10.14:477][140]LogModuleManager: Shutting down and abandoning module LevelEditor (267)
[2019.01.16-21.10.14:477][140]LogModuleManager: Shutting down and abandoning module PixelInspectorModule (266)
[2019.01.16-21.10.14:478][140]LogModuleManager: Shutting down and abandoning module CommonMenuExtensions (264)
[2019.01.16-21.10.14:478][140]LogModuleManager: Shutting down and abandoning module MainFrame (262)
[2019.01.16-21.10.14:478][140]LogModuleManager: Shutting down and abandoning module HotReload (261)
[2019.01.16-21.10.14:478][140]LogModuleManager: Shutting down and abandoning module ContentBrowser (257)
[2019.01.16-21.10.14:479][140]LogModuleManager: Shutting down and abandoning module TreeMap (255)
[2019.01.16-21.10.14:480][140]LogModuleManager: Shutting down and abandoning module LightPropagationVolumeRuntime (252)
[2019.01.16-21.10.14:480][140]LogModuleManager: Shutting down and abandoning module AISupportModule (250)
[2019.01.16-21.10.14:480][140]LogModuleManager: Shutting down and abandoning module Paper2D (248)
[2019.01.16-21.10.14:480][140]LogModuleManager: Shutting down and abandoning module WindowsMoviePlayer (246)
[2019.01.16-21.10.14:480][140]LogModuleManager: Shutting down and abandoning module WmfMedia (244)
[2019.01.16-21.10.14:481][140]LogModuleManager: Shutting down and abandoning module Media (243)
[2019.01.16-21.10.14:488][140]LogModuleManager: Shutting down and abandoning module PacketHandler (240)
[2019.01.16-21.10.14:488][140]LogModuleManager: Shutting down and abandoning module ClothingSystemEditor (238)
[2019.01.16-21.10.14:488][140]LogModuleManager: Shutting down and abandoning module ClothingSystemRuntime (236)
[2019.01.16-21.10.14:488][140]LogModuleManager: Shutting down and abandoning module MediaAssets (234)
[2019.01.16-21.10.14:488][140]LogModuleManager: Shutting down and abandoning module Overlay (232)
[2019.01.16-21.10.14:488][140]LogModuleManager: Shutting down and abandoning module OverlayEditor (231)
[2019.01.16-21.10.14:488][140]LogModuleManager: Shutting down and abandoning module VREditor (228)
[2019.01.16-21.10.14:488][140]LogModuleManager: Shutting down and abandoning module StringTableEditor (226)
[2019.01.16-21.10.14:489][140]LogModuleManager: Shutting down and abandoning module GameplayTasksEditor (224)
[2019.01.16-21.10.14:489][140]LogModuleManager: Shutting down and abandoning module BehaviorTreeEditor (222)
[2019.01.16-21.10.14:489][140]LogModuleManager: Shutting down and abandoning module FunctionalTesting (220)
[2019.01.16-21.10.14:489][140]LogModuleManager: Shutting down and abandoning module CollisionAnalyzer (218)
[2019.01.16-21.10.14:489][140]LogModuleManager: Shutting down and abandoning module WorkspaceMenuStructure (217)
[2019.01.16-21.10.14:489][140]LogModuleManager: Shutting down and abandoning module UMG (214)
[2019.01.16-21.10.14:489][140]LogModuleManager: Shutting down and abandoning module UMGEditor (213)
[2019.01.16-21.10.14:489][140]LogModuleManager: Shutting down and abandoning module Sequencer (212)
[2019.01.16-21.10.14:489][140]LogModuleManager: Shutting down and abandoning module MessageLog (209)
[2019.01.16-21.10.14:489][140]LogModuleManager: Shutting down and abandoning module SlateReflector (204)
[2019.01.16-21.10.14:489][140]LogModuleManager: Shutting down and abandoning module Slate (202)
[2019.01.16-21.10.14:489][140]LogModuleManager: Shutting down and abandoning module EditorStyle (200)
[2019.01.16-21.10.14:492][140]LogModuleManager: Shutting down and abandoning module MRMesh (198)
[2019.01.16-21.10.14:492][140]LogModuleManager: Shutting down and abandoning module SourceCodeAccess (196)
[2019.01.16-21.10.14:492][140]LogModuleManager: Shutting down and abandoning module HeadMountedDisplay (194)
[2019.01.16-21.10.14:492][140]LogModuleManager: Shutting down and abandoning module XAudio2 (192)
[2019.01.16-21.10.14:492][140]LogModuleManager: Shutting down and abandoning module Networking (190)
[2019.01.16-21.10.14:492][140]LogModuleManager: Shutting down and abandoning module Core (188)
[2019.01.16-21.10.14:492][140]LogModuleManager: Shutting down and abandoning module LevelSequence (186)
[2019.01.16-21.10.14:492][140]LogModuleManager: Shutting down and abandoning module KismetCompiler (184)
[2019.01.16-21.10.14:492][140]LogModuleManager: Shutting down and abandoning module MeshUtilities (182)
[2019.01.16-21.10.14:492][140]LogModuleManager: Shutting down and abandoning module MeshMergeUtilities (181)
[2019.01.16-21.10.14:492][140]LogModuleManager: Shutting down and abandoning module MeshReductionInterface (180)
[2019.01.16-21.10.14:492][140]LogModuleManager: Shutting down and abandoning module SimplygonSwarm (179)
[2019.01.16-21.10.14:492][140]LogModuleManager: Shutting down and abandoning module ProxyLODMeshReduction (177)
[2019.01.16-21.10.14:492][140]LogModuleManager: Shutting down and abandoning module SimplygonMeshReduction (175)
[2019.01.16-21.10.14:492][140]LogModuleManager: Shutting down and abandoning module QuadricMeshReduction (173)
[2019.01.16-21.10.14:492][140]LogModuleManager: Shutting down and abandoning module MaterialBaking (169)
[2019.01.16-21.10.14:492][140]LogModuleManager: Shutting down and abandoning module DirectoryWatcher (165)
[2019.01.16-21.10.14:492][140]LogModuleManager: Shutting down and abandoning module DerivedDataCache (162)
[2019.01.16-21.10.14:499][140]LogDerivedDataCache: Shutdown
[2019.01.16-21.10.14:499][140]LogModuleManager: Shutting down and abandoning module XGEController (160)
[2019.01.16-21.10.14:499][140]LogXGEController: Cleaning working directory: C:/Users/u1127436/AppData/Local/Temp/UnrealXGEWorkingDir/
[2019.01.16-21.10.14:499][140]LogModuleManager: Shutting down and abandoning module TargetPlatform (158)
[2019.01.16-21.10.14:499][140]LogModuleManager: Shutting down and abandoning module VulkanShaderFormat (157)
[2019.01.16-21.10.14:499][140]LogModuleManager: Shutting down and abandoning module ShaderFormatVectorVM (155)
[2019.01.16-21.10.14:499][140]LogModuleManager: Shutting down and abandoning module ShaderFormatOpenGL (153)
[2019.01.16-21.10.14:499][140]LogModuleManager: Shutting down and abandoning module ShaderFormatD3D (151)
[2019.01.16-21.10.14:499][140]LogModuleManager: Shutting down and abandoning module MetalShaderFormat (149)
[2019.01.16-21.10.14:499][140]LogModuleManager: Shutting down and abandoning module TextureFormatUncompressed (147)
[2019.01.16-21.10.14:499][140]LogModuleManager: Shutting down and abandoning module TextureFormatPVR (145)
[2019.01.16-21.10.14:499][140]LogModuleManager: Shutting down and abandoning module TextureFormatDXT (143)
[2019.01.16-21.10.14:499][140]LogModuleManager: Shutting down and abandoning module TextureFormatIntelISPCTexComp (141)
[2019.01.16-21.10.14:499][140]LogModuleManager: Shutting down and abandoning module TextureFormatASTC (139)
[2019.01.16-21.10.14:499][140]LogModuleManager: Shutting down and abandoning module ImageWrapper (138)
[2019.01.16-21.10.14:499][140]LogModuleManager: Shutting down and abandoning module TextureFormatAndroid (135)
[2019.01.16-21.10.14:499][140]LogModuleManager: Shutting down and abandoning module AudioFormatOpus (133)
[2019.01.16-21.10.14:499][140]LogModuleManager: Shutting down and abandoning module AudioFormatOgg (131)
[2019.01.16-21.10.14:499][140]LogModuleManager: Shutting down and abandoning module AudioFormatADPCM (129)
[2019.01.16-21.10.14:499][140]LogModuleManager: Shutting down and abandoning module LuminTargetPlatform (127)
[2019.01.16-21.10.14:500][140]LogModuleManager: Shutting down and abandoning module LinuxTargetPlatform (125)
[2019.01.16-21.10.14:500][140]LogModuleManager: Shutting down and abandoning module LinuxServerTargetPlatform (123)
[2019.01.16-21.10.14:500][140]LogModuleManager: Shutting down and abandoning module LinuxNoEditorTargetPlatform (121)
[2019.01.16-21.10.14:500][140]LogModuleManager: Shutting down and abandoning module LinuxClientTargetPlatform (119)
[2019.01.16-21.10.14:500][140]LogModuleManager: Shutting down and abandoning module TVOSTargetPlatform (117)
[2019.01.16-21.10.14:501][140]LogModuleManager: Shutting down and abandoning module Messaging (115)
[2019.01.16-21.10.14:501][140]LogModuleManager: Shutting down and abandoning module IOSTargetPlatform (113)
[2019.01.16-21.10.14:502][140]LogModuleManager: Shutting down and abandoning module HTML5TargetPlatform (111)
[2019.01.16-21.10.14:502][140]LogModuleManager: Shutting down and abandoning module AndroidTargetPlatform (109)
[2019.01.16-21.10.14:510][140]LogModuleManager: Shutting down and abandoning module WindowsTargetPlatform (107)
[2019.01.16-21.10.14:510][140]LogModuleManager: Shutting down and abandoning module WindowsServerTargetPlatform (105)
[2019.01.16-21.10.14:510][140]LogModuleManager: Shutting down and abandoning module WindowsNoEditorTargetPlatform (103)
[2019.01.16-21.10.14:510][140]LogModuleManager: Shutting down and abandoning module WindowsClientTargetPlatform (101)
[2019.01.16-21.10.14:510][140]LogModuleManager: Shutting down and abandoning module MacTargetPlatform (99)
[2019.01.16-21.10.14:510][140]LogModuleManager: Shutting down and abandoning module MacServerTargetPlatform (97)
[2019.01.16-21.10.14:510][140]LogModuleManager: Shutting down and abandoning module MacNoEditorTargetPlatform (95)
[2019.01.16-21.10.14:510][140]LogModuleManager: Shutting down and abandoning module MacClientTargetPlatform (93)
[2019.01.16-21.10.14:511][140]LogModuleManager: Shutting down and abandoning module AllDesktopTargetPlatform (91)
[2019.01.16-21.10.14:511][140]LogModuleManager: Shutting down and abandoning module InputCore (88)
[2019.01.16-21.10.14:511][140]LogModuleManager: Shutting down and abandoning module Settings (86)
[2019.01.16-21.10.14:511][140]LogModuleManager: Shutting down and abandoning module PhysXCooking (84)
[2019.01.16-21.10.14:511][140]LogModuleManager: Shutting down and abandoning module SteamVR (82)
[2019.01.16-21.10.14:511][140]LogModuleManager: Shutting down and abandoning module OculusHMD (80)
[2019.01.16-21.10.14:511][140]LogModuleManager: Shutting down and abandoning module ExampleDeviceProfileSelector (78)
[2019.01.16-21.10.14:511][140]LogModuleManager: Shutting down and abandoning module LauncherChunkInstaller (76)
[2019.01.16-21.10.14:511][140]LogModuleManager: Shutting down and abandoning module OnlineBlueprintSupport (74)
[2019.01.16-21.10.14:511][140]LogModuleManager: Shutting down and abandoning module OnlineSubsystem (70)
[2019.01.16-21.10.14:512][140]LogModuleManager: Shutting down and abandoning module XMPP (65)
[2019.01.16-21.10.14:512][140]LogModuleManager: Shutting down and abandoning module WebSockets (64)
[2019.01.16-21.10.14:525][140]LogModuleManager: Shutting down and abandoning module HTTP (61)
[2019.01.16-21.10.14:525][140]LogHttp: Display: Http module shutting down, but needs to wait on 1 outstanding Http requests:
[2019.01.16-21.10.14:525][140]LogHttp: Display: 	verb=[POST] url=[https://datarouter.ol.epicgames.com/datarouter/api/v1/public/data?SessionID=%7B7D20F6F5-450B-11E1-1E91-DABF2CCB2879%7D&AppID=UEEditor.Rocket.Release&AppVersion=4.20.3-4369336%2B%2B%2BUE4%2BRelease-4.20&UserID=504bf836443e86ec9259b8b2b52b71bb%7Cc8f86d0738fc49c1ad0710571bb89c18%7Ce7b110cc-1a49-4b3b-976f-10b06697675e&AppEnvironment=datacollector-binary&UploadType=eteventstream] status=Processing
[2019.01.16-21.10.14:545][140]LogModuleManager: Shutting down and abandoning module SSL (60)
[2019.01.16-21.10.14:546][140]LogModuleManager: Shutting down and abandoning module MagicLeapEmulator (56)
[2019.01.16-21.10.14:546][140]LogModuleManager: Shutting down and abandoning module MagicLeapPrivileges (54)
[2019.01.16-21.10.14:546][140]LogModuleManager: Shutting down and abandoning module MagicLeapIdentity (52)
[2019.01.16-21.10.14:546][140]LogModuleManager: Shutting down and abandoning module MagicLeapHelperVulkan (50)
[2019.01.16-21.10.14:546][140]LogModuleManager: Shutting down and abandoning module MagicLeapHelperOpenGL (48)
[2019.01.16-21.10.14:546][140]LogModuleManager: Shutting down and abandoning module MagicLeapSecureStorage (46)
[2019.01.16-21.10.14:546][140]LogModuleManager: Shutting down and abandoning module MagicLeapGestures (44)
[2019.01.16-21.10.14:546][140]LogModuleManager: Shutting down and abandoning module MagicLeapEyeTracker (42)
[2019.01.16-21.10.14:546][140]LogModuleManager: Shutting down and abandoning module MagicLeapController (40)
[2019.01.16-21.10.14:546][140]LogSlate: Slate User Destroyed.  User Index 0, Is Virtual User: 0
[2019.01.16-21.10.14:546][140]LogModuleManager: Shutting down and abandoning module MagicLeap (38)
[2019.01.16-21.10.14:546][140]LogModuleManager: Shutting down and abandoning module AnimationModifiers (36)
[2019.01.16-21.10.14:546][140]LogModuleManager: Shutting down and abandoning module PropertyEditor (35)
[2019.01.16-21.10.14:546][140]LogModuleManager: Shutting down and abandoning module AudioEditor (32)
[2019.01.16-21.10.14:546][140]LogModuleManager: Shutting down and abandoning module TextureCompressor (30)
[2019.01.16-21.10.14:546][140]LogModuleManager: Shutting down and abandoning module ShaderCore (28)
[2019.01.16-21.10.14:546][140]LogModuleManager: Shutting down and abandoning module Landscape (26)
[2019.01.16-21.10.14:546][140]LogModuleManager: Shutting down and abandoning module SlateRHIRenderer (24)
[2019.01.16-21.10.14:547][140]LogModuleManager: Shutting down and abandoning module OpenGLDrv (22)
[2019.01.16-21.10.14:547][140]LogModuleManager: Shutting down and abandoning module D3D11RHI (20)
[2019.01.16-21.10.14:547][140]LogModuleManager: Shutting down and abandoning module AnimGraphRuntime (18)
[2019.01.16-21.10.14:547][140]LogModuleManager: Shutting down and abandoning module Renderer (16)
[2019.01.16-21.10.14:547][140]LogModuleManager: Shutting down and abandoning module Engine (14)
[2019.01.16-21.10.14:547][140]LogModuleManager: Shutting down and abandoning module CoreUObject (12)
[2019.01.16-21.10.14:547][140]LogModuleManager: Shutting down and abandoning module NetworkFile (10)
[2019.01.16-21.10.14:547][140]LogModuleManager: Shutting down and abandoning module CookedIterativeFile (8)
[2019.01.16-21.10.14:547][140]LogModuleManager: Shutting down and abandoning module StreamingFile (6)
[2019.01.16-21.10.14:547][140]LogModuleManager: Shutting down and abandoning module SandboxFile (4)
[2019.01.16-21.10.14:547][140]LogModuleManager: Shutting down and abandoning module PakFile (2)
[2019.01.16-21.10.14:552][140]LogExit: Exiting.
[2019.01.16-21.10.14:572][140]Log file closed, 01/16/19 14:10:14
