Log file open, 02/03/19 13:02:13
LogWindows: Failed to load 'aqProf.dll' (GetLastError=126)
LogWindows: File 'aqProf.dll' does not exist
LogWindows: Failed to load 'VSPerf140.dll' (GetLastError=126)
LogWindows: File 'VSPerf140.dll' does not exist
LogWindows: Failed to load 'VtuneApi.dll' (GetLastError=126)
LogWindows: File 'VtuneApi.dll' does not exist
LogWindows: Failed to load 'VtuneApi32e.dll' (GetLastError=126)
LogWindows: File 'VtuneApi32e.dll' does not exist
LogInit: Display: Running engine for game: JRH_WhiteBoxSc01
LogPlatformFile: Not using cached read wrapper
LogTaskGraph: Started task graph with 5 named threads and 23 total threads with 3 sets of task threads.
LogStats: Stats thread started at 1.098553
LogD3D11RHI: Loaded GFSDK_Aftermath_Lib.x64.dll
LogICUInternationalization: Display: ICU TimeZone Detection - Raw Offset: -7:00, Platform Override: ''
LogPluginManager: Mounting plugin Paper2D
LogPluginManager: Mounting plugin AISupport
LogPluginManager: Mounting plugin LightPropagationVolume
LogPluginManager: Mounting plugin CLionSourceCodeAccess
LogPluginManager: Mounting plugin CodeLiteSourceCodeAccess
LogPluginManager: Mounting plugin GitSourceControl
LogPluginManager: Mounting plugin KDevelopSourceCodeAccess
LogPluginManager: Mounting plugin NullSourceCodeAccess
LogPluginManager: Mounting plugin PerforceSourceControl
LogPluginManager: Mounting plugin SubversionSourceControl
LogPluginManager: Mounting plugin UObjectPlugin
LogPluginManager: Mounting plugin VisualStudioCodeSourceCodeAccess
LogPluginManager: Mounting plugin VisualStudioSourceCodeAccess
LogPluginManager: Mounting plugin XCodeSourceCodeAccess
LogPluginManager: Mounting plugin AssetManagerEditor
LogPluginManager: Mounting plugin CryptoKeys
LogPluginManager: Mounting plugin DataValidation
LogPluginManager: Mounting plugin FacialAnimation
LogPluginManager: Mounting plugin GameplayTagsEditor
LogPluginManager: Mounting plugin MacGraphicsSwitching
LogPluginManager: Mounting plugin MeshEditor
LogPluginManager: Mounting plugin MobileLauncherProfileWizard
LogPluginManager: Mounting plugin PluginBrowser
LogPluginManager: Mounting plugin SpeedTreeImporter
LogPluginManager: Mounting plugin DatasmithContent
LogPluginManager: Mounting plugin AlembicImporter
LogPluginManager: Mounting plugin AppleImageUtils
LogPluginManager: Mounting plugin AppleVision
LogPluginManager: Mounting plugin BackChannel
LogPluginManager: Mounting plugin CharacterAI
LogPluginManager: Mounting plugin GeometryCache
LogPluginManager: Mounting plugin HTML5Networking
LogPluginManager: Mounting plugin ProxyLODPlugin
LogPluginManager: Mounting plugin MagicLeap
LogPluginManager: Mounting plugin MagicLeapEmulator
LogPluginManager: Mounting plugin MagicLeapMedia
LogPluginManager: Mounting plugin AndroidMedia
LogPluginManager: Mounting plugin AvfMedia
LogPluginManager: Mounting plugin ImgMedia
LogPluginManager: Mounting plugin LinearTimecode
LogPluginManager: Mounting plugin MediaCompositing
LogPluginManager: Mounting plugin MediaPlayerEditor
LogPluginManager: Mounting plugin WmfMedia
LogPluginManager: Mounting plugin TcpMessaging
LogPluginManager: Mounting plugin UdpMessaging
LogPluginManager: Mounting plugin ActorSequence
LogPluginManager: Mounting plugin LevelSequenceEditor
LogPluginManager: Mounting plugin MatineeToLevelSequence
LogPluginManager: Mounting plugin NetcodeUnitTest
LogPluginManager: Mounting plugin NUTUnrealEngine4
LogPluginManager: Mounting plugin OnlineSubsystemGooglePlay
LogPluginManager: Mounting plugin OnlineSubsystemIOS
LogPluginManager: Mounting plugin OnlineSubsystem
LogPluginManager: Mounting plugin OnlineSubsystemNull
LogPluginManager: Mounting plugin OnlineSubsystemUtils
LogPluginManager: Mounting plugin LauncherChunkInstaller
LogPluginManager: Mounting plugin AndroidDeviceProfileSelector
LogPluginManager: Mounting plugin AndroidMoviePlayer
LogPluginManager: Mounting plugin AndroidPermission
LogPluginManager: Mounting plugin AppleMoviePlayer
LogPluginManager: Mounting plugin ArchVisCharacter
LogPluginManager: Mounting plugin AudioCapture
LogPluginManager: Mounting plugin CableComponent
LogPluginManager: Mounting plugin CustomMeshComponent
LogPluginManager: Mounting plugin EditableMesh
LogPluginManager: Mounting plugin ExampleDeviceProfileSelector
LogPluginManager: Mounting plugin GoogleCloudMessaging
LogPluginManager: Mounting plugin ImmediatePhysics
LogPluginManager: Mounting plugin IOSDeviceProfileSelector
LogPluginManager: Mounting plugin LinuxDeviceProfileSelector
LogPluginManager: Mounting plugin LocationServicesBPLibrary
LogPluginManager: Mounting plugin MobilePatchingUtils
LogPluginManager: Mounting plugin OculusVR
LogPluginManager: Plugin shader directory ../../../Engine/Plugins/Runtime/Oculus/OculusVR/Shaders found
LogPluginManager: Mapping shader source directory ../../../Engine/Plugins/Runtime/Oculus/OculusVR/Shaders to virtual directory /Plugin/OculusVR
LogPluginManager: Mounting plugin PhysXVehicles
LogPluginManager: Mounting plugin ProceduralMeshComponent
LogPluginManager: Mounting plugin RuntimePhysXCooking
LogPluginManager: Mounting plugin SteamVR
LogPluginManager: Mounting plugin WindowsMoviePlayer
LogStreaming: Display: Took  0.194s to configure plugins.
LogInit: Using libcurl 7.55.1-DEV
LogInit:  - built for x86_64-pc-win32
LogInit:  - supports SSL with OpenSSL/1.0.2h
LogInit:  - supports HTTP deflate (compression) using libz 1.2.8
LogInit:  - other features:
LogInit:      CURL_VERSION_SSL
LogInit:      CURL_VERSION_LIBZ
LogInit:      CURL_VERSION_IPV6
LogInit:      CURL_VERSION_ASYNCHDNS
LogInit:      CURL_VERSION_LARGEFILE
LogInit:      CURL_VERSION_IDN
LogInit:  CurlRequestOptions (configurable via config and command line):
LogInit:  - bVerifyPeer = false  - Libcurl will NOT verify peer certificate
LogInit:  - bUseHttpProxy = false  - Libcurl will NOT use HTTP proxy
LogInit:  - bDontReuseConnections = false  - Libcurl will reuse connections
LogInit:  - CertBundlePath = nullptr  - Libcurl will use whatever was configured at build time.
LogInit:  - MaxHostConnections = 16  - Libcurl will limit the number of connections to a host
LogInit:  - LocalHostAddr = Default
LogInit:  - BufferSize = 65536
LogInit: WinSock: version 1.1 (2.2), MaxSocks=32767, MaxUdp=65467
LogInit: Build: ++UE4+Release-4.20-CL-4369336
LogInit: Engine Version: 4.20.3-4369336+++UE4+Release-4.20
LogInit: Compatible Engine Version: 4.20.0-4212847+++UE4+Release-4.20
LogInit: Net CL: 4212847
LogInit: OS: Windows 10 (), CPU: Intel(R) Core(TM) i7-8809G CPU @ 3.10GHz, GPU: Radeon RX Vega M GH Graphics
LogInit: Compiled (64-bit): Sep 17 2018 12:26:19
LogInit: Compiled with Visual C++: 19.13.26129.00
LogInit: Build Configuration: Development
LogInit: Branch Name: ++UE4+Release-4.20
LogInit: Command Line:  
LogInit: Base Directory: C:/Program Files/Epic Games/UE_4.20/Engine/Binaries/Win64/
LogInit: Installed Engine Build: 1
LogDevObjectVersion: Number of dev versions registered: 20
LogDevObjectVersion:   Dev-Blueprints (B0D832E4-1F89-4F0D-ACCF-7EB736FD4AA2): 10
LogDevObjectVersion:   Dev-Build (E1C64328-A22C-4D53-A36C-8E866417BD8C): 0
LogDevObjectVersion:   Dev-Core (375EC13C-06E4-48FB-B500-84F0262A717E): 2
LogDevObjectVersion:   Dev-Editor (E4B068ED-F494-42E9-A231-DA0B2E46BB41): 24
LogDevObjectVersion:   Dev-Framework (CFFC743F-43B0-4480-9391-14DF171D2073): 34
LogDevObjectVersion:   Dev-Mobile (B02B49B5-BB20-44E9-A304-32B752E40360): 2
LogDevObjectVersion:   Dev-Networking (A4E4105C-59A1-49B5-A7C5-40C4547EDFEE): 0
LogDevObjectVersion:   Dev-Online (39C831C9-5AE6-47DC-9A44-9C173E1C8E7C): 0
LogDevObjectVersion:   Dev-Physics (78F01B33-EBEA-4F98-B9B4-84EACCB95AA2): 0
LogDevObjectVersion:   Dev-Platform (6631380F-2D4D-43E0-8009-CF276956A95A): 0
LogDevObjectVersion:   Dev-Rendering (12F88B9F-8875-4AFC-A67C-D90C383ABD29): 26
LogDevObjectVersion:   Dev-Sequencer (7B5AE74C-D270-4C10-A958-57980B212A5A): 9
LogDevObjectVersion:   Dev-VR (D7296918-1DD6-4BDD-9DE2-64A83CC13884): 2
LogDevObjectVersion:   Dev-LoadTimes (C2A15278-BFE7-4AFE-6C17-90FF531DF755): 1
LogDevObjectVersion:   Private-Geometry (6EACA3D4-40EC-4CC1-B786-8BED09428FC5): 3
LogDevObjectVersion:   Dev-AnimPhys (29E575DD-E0A3-4627-9D10-D276232CDCEA): 17
LogDevObjectVersion:   Dev-ReflectionCapture (6B266CEC-1EC7-4B8F-A30B-E4D90942FC07): 1
LogDevObjectVersion:   Dev-Automation (0DF73D61-A23F-47EA-B727-89E90C41499A): 1
LogDevObjectVersion:   FortniteMain (601D1886-AC64-4F84-AA16-D3DE0DEAC7D6): 12
LogDevObjectVersion:   Dev-Enterprise (9DFFBCD6-494F-0158-E221-12823C92A888): 1
LogStreaming: Display: Took  0.003s to delete old logs.
LogInit: Presizing for max 8388607 objects, including 0 objects not considered by GC, pre-allocating 0 bytes for permanent pool.
LogInit: Object subsystem initialized
[2019.02.03-20.02.14:731][  0]LogInit: Selected Device Profile: [Windows]
[2019.02.03-20.02.14:731][  0]LogInit: Applying CVar settings loaded from the selected device profile: [Windows]
[2019.02.03-20.02.14:760][  0]LogHAL: Display: Platform has ~ 8 GB [8504532992 / 8589934592 / 8], which maps to Default [LargestMinGB=32, LargerMinGB=12, DefaultMinGB=8, SmallerMinGB=6, SmallestMinGB=0)
[2019.02.03-20.02.14:760][  0]LogInit: Setting Device Profile CVar: [[r.Vulkan.UseRealUBs:1]]
[2019.02.03-20.02.14:760][  0]LogInit: Going up to parent DeviceProfile []
[2019.02.03-20.02.14:768][  0]LogInit: Computer: DESKTOP-LGRFALV
[2019.02.03-20.02.14:768][  0]LogInit: User: hjc13
[2019.02.03-20.02.14:768][  0]LogInit: CPU Page size=4096, Cores=4
[2019.02.03-20.02.14:768][  0]LogInit: High frequency timer resolution =3.023444 MHz
[2019.02.03-20.02.14:768][  0]LogMemory: Memory total: Physical=7.9GB (8GB approx)
[2019.02.03-20.02.14:768][  0]LogMemory: Platform Memory Stats for Windows
[2019.02.03-20.02.14:768][  0]LogMemory: Process Physical Memory: 100.44 MB used, 100.44 MB peak
[2019.02.03-20.02.14:768][  0]LogMemory: Process Virtual Memory: 91.95 MB used, 91.95 MB peak
[2019.02.03-20.02.14:768][  0]LogMemory: Physical Memory: 5736.97 MB used,  2373.59 MB free, 8110.55 MB total
[2019.02.03-20.02.14:768][  0]LogMemory: Virtual Memory: 4641.49 MB used,  2373.59 MB free, 134217728.00 MB total
[2019.02.03-20.02.15:028][  0]LogInit: Using OS detected language (en-US).
[2019.02.03-20.02.15:028][  0]LogInit: Using OS detected locale (en-US).
[2019.02.03-20.02.15:031][  0]LogTextLocalizationManager: No specific localization for 'en-US' exists, so the 'en' localization will be used.
[2019.02.03-20.02.15:459][  0]LogStreaming: Display: Took  0.430s to InitEngineTextLocalization.
[2019.02.03-20.02.15:459][  0]LogInit: Setting process to per monitor DPI aware
[2019.02.03-20.02.15:557][  0]LogSlate: New Slate User Created.  User Index 0, Is Virtual User: 0
[2019.02.03-20.02.15:557][  0]LogSlate: Slate User Registered.  User Index 0, Is Virtual User: 0
[2019.02.03-20.02.18:496][  0]LogHMD: Failed to initialize OpenVR with code 110
[2019.02.03-20.02.18:496][  0]LogD3D11RHI: D3D11 adapters:
[2019.02.03-20.02.18:539][  0]LogD3D11RHI:    0. 'Radeon RX Vega M GH Graphics' (Feature Level 11_0)
[2019.02.03-20.02.18:539][  0]LogD3D11RHI:       4042/0/4055 MB DedicatedVideo/DedicatedSystem/SharedSystem, Outputs:1, VendorId:0x1002
[2019.02.03-20.02.18:632][  0]LogD3D11RHI:    1. 'Intel(R) HD Graphics 630' (Feature Level 11_0)
[2019.02.03-20.02.18:632][  0]LogD3D11RHI:       128/0/4055 MB DedicatedVideo/DedicatedSystem/SharedSystem, Outputs:0, VendorId:0x8086
[2019.02.03-20.02.18:635][  0]LogD3D11RHI:    2. 'Microsoft Basic Render Driver' (Feature Level 11_0)
[2019.02.03-20.02.18:635][  0]LogD3D11RHI:       0/0/4055 MB DedicatedVideo/DedicatedSystem/SharedSystem, Outputs:0, VendorId:0x1414
[2019.02.03-20.02.18:635][  0]LogD3D11RHI: Chosen D3D11 Adapter: 0
[2019.02.03-20.02.18:653][  0]LogD3D11RHI: Creating new Direct3DDevice
[2019.02.03-20.02.18:653][  0]LogD3D11RHI:     GPU DeviceId: 0x694c (for the marketing name, search the web for "GPU Device Id")
[2019.02.03-20.02.18:657][  0]LogWindows: EnumDisplayDevices:
[2019.02.03-20.02.18:657][  0]LogWindows:    0. 'Radeon RX Vega M GH Graphics' (P:1 D:1)
[2019.02.03-20.02.18:657][  0]LogWindows:    1. 'Radeon RX Vega M GH Graphics' (P:0 D:0)
[2019.02.03-20.02.18:657][  0]LogWindows:    2. 'Radeon RX Vega M GH Graphics' (P:0 D:0)
[2019.02.03-20.02.18:658][  0]LogWindows:    3. 'Radeon RX Vega M GH Graphics' (P:0 D:0)
[2019.02.03-20.02.18:659][  0]LogWindows:    4. 'Radeon RX Vega M GH Graphics' (P:0 D:0)
[2019.02.03-20.02.18:659][  0]LogWindows:    5. 'Radeon RX Vega M GH Graphics' (P:0 D:0)
[2019.02.03-20.02.18:660][  0]LogWindows:    6. 'Radeon RX Vega M GH Graphics' (P:0 D:0)
[2019.02.03-20.02.18:660][  0]LogWindows:    7. 'Radeon RX Vega M GH Graphics' (P:0 D:0)
[2019.02.03-20.02.18:660][  0]LogWindows:    8. 'Radeon RX Vega M GH Graphics' (P:0 D:0)
[2019.02.03-20.02.18:661][  0]LogWindows:    9. 'Radeon RX Vega M GH Graphics' (P:0 D:0)
[2019.02.03-20.02.18:661][  0]LogWindows:    10. 'Radeon RX Vega M GH Graphics' (P:0 D:0)
[2019.02.03-20.02.18:661][  0]LogWindows:    11. 'Radeon RX Vega M GH Graphics' (P:0 D:0)
[2019.02.03-20.02.18:662][  0]LogWindows:    12. 'Radeon RX Vega M GH Graphics' (P:0 D:0)
[2019.02.03-20.02.18:662][  0]LogWindows:    13. 'Radeon RX Vega M GH Graphics' (P:0 D:0)
[2019.02.03-20.02.18:663][  0]LogWindows:    14. 'Radeon RX Vega M GH Graphics' (P:0 D:0)
[2019.02.03-20.02.18:664][  0]LogWindows:    15. 'Radeon RX Vega M GH Graphics' (P:0 D:0)
[2019.02.03-20.02.18:664][  0]LogWindows:    16. 'Intel(R) HD Graphics 630' (P:0 D:0)
[2019.02.03-20.02.18:664][  0]LogWindows:    17. 'Intel(R) HD Graphics 630' (P:0 D:0)
[2019.02.03-20.02.18:665][  0]LogWindows: DebugString: PrimaryIsNotTheChoosenAdapter PrimaryIsNotTheChoosenAdapter FoundDriverCount:16 
[2019.02.03-20.02.18:665][  0]LogD3D11RHI:     Adapter Name: Radeon RX Vega M GH Graphics
[2019.02.03-20.02.18:665][  0]LogD3D11RHI:   Driver Version: Adrenalin Q1 2018 (internal:23.20.792.2048, unified:23.20.792.2048)
[2019.02.03-20.02.18:665][  0]LogD3D11RHI:      Driver Date: 3-14-2018
[2019.02.03-20.02.18:665][  0]LogRHI: Texture pool is 2829 MB (70% of 4042 MB)
[2019.02.03-20.02.18:819][  0]LogD3D11RHI: Async texture creation enabled
[2019.02.03-20.02.18:837][  0]LogD3D11RHI: GPU Timing Frequency: 25.000000 (Debug: 2 1)
[2019.02.03-20.02.18:840][  0]LogShaderCompilers: Guid format shader working directory is -44 characters bigger than the processId version (../../../../../../Users/hjc13/OneDrive/Documents/GitHub/JRH_AssertPipline/JRH_WhiteBoxSc01/Intermediate/Shaders/WorkingDirectory/4412/).
[2019.02.03-20.02.18:840][  0]LogShaderCompilers: Cleaned the shader compiler working directory 'C:/Users/hjc13/AppData/Local/Temp/UnrealShaderWorkingDir/AA590145460BD0E632ED989259C904C9/'.
[2019.02.03-20.02.19:337][  0]LogTemp: Display: Loaded TP AllDesktopTargetPlatform
[2019.02.03-20.02.19:351][  0]LogTemp: Display: Loaded TP MacClientTargetPlatform
[2019.02.03-20.02.19:367][  0]LogTemp: Display: Loaded TP MacNoEditorTargetPlatform
[2019.02.03-20.02.19:381][  0]LogTemp: Display: Loaded TP MacServerTargetPlatform
[2019.02.03-20.02.19:402][  0]LogTemp: Display: Loaded TP MacTargetPlatform
[2019.02.03-20.02.19:417][  0]LogTemp: Display: Loaded TP WindowsClientTargetPlatform
[2019.02.03-20.02.19:430][  0]LogTemp: Display: Loaded TP WindowsNoEditorTargetPlatform
[2019.02.03-20.02.19:444][  0]LogTemp: Display: Loaded TP WindowsServerTargetPlatform
[2019.02.03-20.02.19:453][  0]LogTemp: Display: Loaded TP WindowsTargetPlatform
[2019.02.03-20.02.19:539][  0]LogTemp: Display: Loaded TP AndroidTargetPlatform
[2019.02.03-20.02.19:539][  0]LogTemp: Display: Loaded TP AndroidTargetPlatform
[2019.02.03-20.02.19:539][  0]LogTemp: Display: Loaded TP AndroidTargetPlatform
[2019.02.03-20.02.19:539][  0]LogTemp: Display: Loaded TP AndroidTargetPlatform
[2019.02.03-20.02.19:539][  0]LogTemp: Display: Loaded TP AndroidTargetPlatform
[2019.02.03-20.02.19:539][  0]LogTemp: Display: Loaded TP AndroidTargetPlatform
[2019.02.03-20.02.19:539][  0]LogTemp: Display: Loaded TP AndroidTargetPlatform
[2019.02.03-20.02.19:539][  0]LogTemp: Display: Loaded TP AndroidTargetPlatform
[2019.02.03-20.02.19:539][  0]LogTemp: Display: Loaded TP AndroidTargetPlatform
[2019.02.03-20.02.19:539][  0]LogTemp: Display: Loaded TP AndroidTargetPlatform
[2019.02.03-20.02.19:539][  0]LogTemp: Display: Loaded TP AndroidTargetPlatform
[2019.02.03-20.02.19:539][  0]LogTemp: Display: Loaded TP AndroidTargetPlatform
[2019.02.03-20.02.19:539][  0]LogTemp: Display: Loaded TP AndroidTargetPlatform
[2019.02.03-20.02.19:539][  0]LogTemp: Display: Loaded TP AndroidTargetPlatform
[2019.02.03-20.02.19:539][  0]LogTemp: Display: Loaded TP AndroidTargetPlatform
[2019.02.03-20.02.19:539][  0]LogTemp: Display: Loaded TP AndroidTargetPlatform
[2019.02.03-20.02.19:539][  0]LogTemp: Display: Loaded TP AndroidTargetPlatform
[2019.02.03-20.02.19:539][  0]LogTemp: Display: Loaded TP AndroidTargetPlatform
[2019.02.03-20.02.19:544][  0]LogTemp: Display: Loaded TP HTML5TargetPlatform
[2019.02.03-20.02.19:619][  0]LogTemp: Display: Loaded TP IOSTargetPlatform
[2019.02.03-20.02.19:619][  0]LogTemp: Display: Loaded TP IOSTargetPlatform
[2019.02.03-20.02.19:641][  0]LogTemp: Display: Loaded TP TVOSTargetPlatform
[2019.02.03-20.02.19:641][  0]LogTemp: Display: Loaded TP TVOSTargetPlatform
[2019.02.03-20.02.19:659][  0]LogTemp: Display: Loaded TP LinuxClientTargetPlatform
[2019.02.03-20.02.19:679][  0]LogTemp: Display: Loaded TP LinuxNoEditorTargetPlatform
[2019.02.03-20.02.19:700][  0]LogTemp: Display: Loaded TP LinuxServerTargetPlatform
[2019.02.03-20.02.19:728][  0]LogTemp: Display: Loaded TP LinuxTargetPlatform
[2019.02.03-20.02.19:737][  0]LogTemp: Display: Loaded TP LuminTargetPlatform
[2019.02.03-20.02.19:737][  0]LogTargetPlatformManager: Display: Building Assets For Windows
[2019.02.03-20.02.19:889][  0]LogXGEController: Cleaning working directory: C:/Users/hjc13/AppData/Local/Temp/UnrealXGEWorkingDir/
[2019.02.03-20.02.19:889][  0]LogXGEController: Cannot use XGE Controller as Incredibuild is not installed on this machine.
[2019.02.03-20.02.19:890][  0]LogShaderCompilers: Cannot use XGE Shader Compiler as Incredibuild is not installed on this machine.
[2019.02.03-20.02.19:890][  0]LogShaderCompilers: Display: Using Local Shader Compiler.
[2019.02.03-20.02.22:452][  0]LogDerivedDataCache: Display: Max Cache Size: 512 MB
[2019.02.03-20.02.22:788][  0]LogDerivedDataCache: Loaded boot cache 0.33s 87MB C:/Users/hjc13/AppData/Local/UnrealEngine/4.20/DerivedDataCache/Boot.ddc.
[2019.02.03-20.02.22:788][  0]LogDerivedDataCache: Display: Loaded Boot cache: C:/Users/hjc13/AppData/Local/UnrealEngine/4.20/DerivedDataCache/Boot.ddc
[2019.02.03-20.02.22:788][  0]LogDerivedDataCache: FDerivedDataBackendGraph:  Pak pak cache file ../../../../../../Users/hjc13/OneDrive/Documents/GitHub/JRH_AssertPipline/JRH_WhiteBoxSc01/DerivedDataCache/DDC.ddp not found, will not use a pak cache.
[2019.02.03-20.02.22:788][  0]LogDerivedDataCache: Unable to find inner node Pak for hierarchical cache Hierarchy.
[2019.02.03-20.02.22:788][  0]LogDerivedDataCache: FDerivedDataBackendGraph:  CompressedPak pak cache file ../../../../../../Users/hjc13/OneDrive/Documents/GitHub/JRH_AssertPipline/JRH_WhiteBoxSc01/DerivedDataCache/Compressed.ddp not found, will not use a pak cache.
[2019.02.03-20.02.22:788][  0]LogDerivedDataCache: Unable to find inner node CompressedPak for hierarchical cache Hierarchy.
[2019.02.03-20.02.22:811][  0]LogDerivedDataCache: Display: Pak cache opened for reading ../../../Engine/DerivedDataCache/Compressed.ddp.
[2019.02.03-20.02.22:824][  0]LogDerivedDataCache: Using Local data cache path C:/Users/hjc13/AppData/Local/UnrealEngine/Common/DerivedDataCache: Writable
[2019.02.03-20.02.22:824][  0]LogDerivedDataCache: Shared data cache path not found in *engine.ini, will not use an Shared cache.
[2019.02.03-20.02.22:824][  0]LogDerivedDataCache: Unable to find inner node Shared for hierarchical cache Hierarchy.
[2019.02.03-20.02.22:846][  0]LogMaterial: Verifying Global Shaders for PCD3D_SM5
[2019.02.03-20.02.22:853][  0]LogSlate: Using FreeType 2.6.0
[2019.02.03-20.02.22:871][  0]LogSlate: SlateFontServices - WITH_FREETYPE: 1, WITH_HARFBUZZ: 1
[2019.02.03-20.02.23:125][  0]LogAssetRegistry: FAssetRegistry took 0.0298 seconds to start up
[2019.02.03-20.02.23:981][  0]LogInit: Selected Device Profile: [Windows]
[2019.02.03-20.02.24:345][  0]LogSimplygon: Simplygon DLL not present - disabling.
[2019.02.03-20.02.24:369][  0]LogMeshReduction: Using SimplygonSwarm for distributed automatic mesh merging
[2019.02.03-20.02.24:369][  0]LogMeshReduction: Using ProxyLODMeshReduction for automatic mesh merging
[2019.02.03-20.02.24:370][  0]LogMeshReduction: Using QuadricMeshReduction for automatic static mesh reduction
[2019.02.03-20.02.24:370][  0]LogMeshReduction: No automatic skeletal mesh reduction module available
[2019.02.03-20.02.24:452][  0]LogNetVersion: JRH_WhiteBoxSc01 1.0.0, NetCL: 4212847, EngineNetVer: 5, GameNetVer: 0 (Checksum: 3664498742)
[2019.02.03-20.02.26:011][  0]LogPackageLocalizationCache: Processed 11 localized package path(s) for 2 prioritized culture(s) in 0.162450 seconds
[2019.02.03-20.02.26:018][  0]LogUObjectArray: 38425 objects as part of root set at end of initial load.
[2019.02.03-20.02.26:018][  0]LogUObjectAllocator: 6690872 out of 0 bytes used by permanent object pool.
[2019.02.03-20.02.26:018][  0]LogUObjectArray: CloseDisregardForGC: 0/0 objects in disregard for GC pool
[2019.02.03-20.02.29:460][  0]LogTcpMessaging: Initializing TcpMessaging bridge
[2019.02.03-20.02.29:477][  0]LogUdpMessaging: Initializing bridge on interface 0.0.0.0:0 to multicast group 230.0.0.1:6666.
[2019.02.03-20.02.29:794][  0]SourceControl: Source control is disabled
[2019.02.03-20.02.29:795][  0]SourceControl: Source control is disabled
[2019.02.03-20.02.29:805][  0]SourceControl: Source control is disabled
[2019.02.03-20.02.29:810][  0]SourceControl: Source control is disabled
[2019.02.03-20.02.30:124][  0]LogAndroidPermission: UAndroidPermissionCallbackProxy::GetInstance
[2019.02.03-20.02.30:229][  0]LogOcInput: OculusInput pre-init called
[2019.02.03-20.02.30:372][  0]LogEngine: Initializing Engine...
[2019.02.03-20.02.30:377][  0]LogHMD: Failed to initialize OpenVR with code 110
[2019.02.03-20.02.30:381][  0]LogStats: UGameplayTagsManager::ConstructGameplayTagTree: ImportINI prefixes -  0.001 s
[2019.02.03-20.02.30:381][  0]LogStats: UGameplayTagsManager::ConstructGameplayTagTree: Construct from data asset -  0.000 s
[2019.02.03-20.02.30:382][  0]LogStats: UGameplayTagsManager::ConstructGameplayTagTree: ImportINI -  0.000 s
[2019.02.03-20.02.30:382][  0]LogStats: UGameplayTagsManager::ConstructGameplayTagTree: GameplayTagTreeChangedEvent.Broadcast -  0.000 s
[2019.02.03-20.02.30:939][  0]LogInit: Initializing FReadOnlyCVARCache
[2019.02.03-20.02.31:001][  0]LogAIModule: Creating AISystem for world Untitled
[2019.02.03-20.02.31:051][  0]LogInit: XAudio2 using 'Speakers (Realtek High Definition Audio)' : 2 channels at 48 kHz using 32 bits per sample (channel mask 0x3)
[2019.02.03-20.02.31:081][  0]LogInit: FAudioDevice initialized.
[2019.02.03-20.02.31:083][  0]LogNetVersion: Set ProjectVersion to 1.0.0.0. Version Checksum will be recalculated on next use.
[2019.02.03-20.02.31:166][  0]LogDerivedDataCache: Saved boot cache 0.08s 87MB C:/Users/hjc13/AppData/Local/UnrealEngine/4.20/DerivedDataCache/Boot.ddc.
[2019.02.03-20.02.31:177][  0]LogInit: Texture streaming: Enabled
[2019.02.03-20.02.31:210][  0]LogEngineSessionManager: EngineSessionManager initialized
[2019.02.03-20.02.31:240][  0]LogInit: Transaction tracking system initialized
[2019.02.03-20.02.31:303][  0]BlueprintLog: New page: Editor Load
[2019.02.03-20.02.31:538][  0]LocalizationService: Localization service is disabled
[2019.02.03-20.02.32:336][  0]LogFileCache: Scanning file cache for directory 'C:/Users/hjc13/OneDrive/Documents/GitHub/JRH_AssertPipline/JRH_WhiteBoxSc01/Content/' took 0.02s
[2019.02.03-20.02.32:337][  0]LogCook: Display: Max memory allowance for cook 16384mb min free memory 0mb
[2019.02.03-20.02.32:337][  0]LogCook: Display: Mobile HDR setting 1
[2019.02.03-20.02.32:339][  0]LogGameplayTags: Display: UGameplayTagsManager::DoneAddingNativeTags. DelegateIsBound: 0
[2019.02.03-20.02.32:339][  0]LogStats: UGameplayTagsManager::ConstructGameplayTagTree: ImportINI prefixes -  0.000 s
[2019.02.03-20.02.32:339][  0]LogStats: UGameplayTagsManager::ConstructGameplayTagTree: Construct from data asset -  0.000 s
[2019.02.03-20.02.32:339][  0]LogStats: UGameplayTagsManager::ConstructGameplayTagTree: ImportINI -  0.000 s
[2019.02.03-20.02.32:339][  0]LogStats: UGameplayTagsManager::ConstructGameplayTagTree: GameplayTagTreeChangedEvent.Broadcast -  0.000 s
[2019.02.03-20.02.32:703][  0]SourceControl: Source control is disabled
[2019.02.03-20.02.32:705][  0]Cmd: MAP LOAD FILE="../../../Engine/Content/Maps/Templates/Template_Default.umap" TEMPLATE=1 SHOWPROGRESS=1 FEATURELEVEL=3
[2019.02.03-20.02.32:712][  0]LightingResults: New page: Lighting Build
[2019.02.03-20.02.32:727][  0]MapCheck: New page: Map Check
[2019.02.03-20.02.32:727][  0]LightingResults: New page: Lighting Build
[2019.02.03-20.02.33:132][  0]LogAIModule: Creating AISystem for world Untitled_1
[2019.02.03-20.02.33:174][  0]LogEditorServer: Finished looking for orphan Actors (0.000 secs)
[2019.02.03-20.02.33:199][  0]Cmd: MAP CHECKDEP NOCLEARLOG
[2019.02.03-20.02.33:266][  0]MapCheck: Map check complete: 0 Error(s), 0 Warning(s), took 66.437ms to complete.
[2019.02.03-20.02.33:266][  0]LogFileHelpers: Loading map 'Template_Default' took 0.563
[2019.02.03-20.02.33:457][  0]LogSlate: Updating window title bar state: overlay mode, drag disabled, window buttons hidden, title bar hidden
[2019.02.03-20.02.33:466][  0]LogSlate: Updating window title bar state: overlay mode, drag disabled, window buttons hidden, title bar hidden
[2019.02.03-20.02.33:472][  0]LogSlate: Updating window title bar state: overlay mode, drag disabled, window buttons hidden, title bar hidden
[2019.02.03-20.02.33:479][  0]LogSlate: Updating window title bar state: overlay mode, drag disabled, window buttons hidden, title bar hidden
[2019.02.03-20.02.33:500][  0]LogCollectionManager: Loaded 0 collections in 0.001809 seconds
[2019.02.03-20.02.33:562][  0]LogFileCache: Scanning file cache for directory 'C:/Users/hjc13/OneDrive/Documents/GitHub/JRH_AssertPipline/JRH_WhiteBoxSc01/Saved/Collections/' took 0.01s
[2019.02.03-20.02.33:562][  0]LogFileCache: Scanning file cache for directory 'C:/Users/hjc13/OneDrive/Documents/GitHub/JRH_AssertPipline/JRH_WhiteBoxSc01/Content/Developers/hjc13/Collections/' took 0.01s
[2019.02.03-20.02.33:562][  0]LogFileCache: Scanning file cache for directory 'C:/Users/hjc13/OneDrive/Documents/GitHub/JRH_AssertPipline/JRH_WhiteBoxSc01/Content/Collections/' took 0.01s
[2019.02.03-20.02.33:562][  0]LogCollectionManager: Rebuilt the GUID cache for 0 collections in 0.000000 seconds
[2019.02.03-20.02.33:573][  0]LogContentBrowser: Native class hierarchy populated in 0.0096 seconds. Added 2572 classes and 603 folders.
[2019.02.03-20.02.33:588][  0]LogContentBrowser: Native class hierarchy updated for 'WidgetCarousel' in 0.0003 seconds. Added 0 classes and 0 folders.
[2019.02.03-20.02.34:081][  0]LogContentBrowser: Native class hierarchy updated for 'AddContentDialog' in 0.0002 seconds. Added 0 classes and 0 folders.
[2019.02.03-20.02.34:093][  0]LogContentBrowser: Native class hierarchy updated for 'SceneOutliner' in 0.0002 seconds. Added 1 classes and 2 folders.
[2019.02.03-20.02.34:156][  0]LogSlate: Took 0.005670 seconds to synchronously load lazily loaded font '../../../Engine/Content/Slate/Fonts/Roboto-Regular.ttf' (155K)
[2019.02.03-20.02.34:169][  0]LogSlate: Took 0.006468 seconds to synchronously load lazily loaded font '../../../Engine/Content/Slate/Fonts/Roboto-Bold.ttf' (160K)
[2019.02.03-20.02.34:177][  0]LogSlate: Took 0.005609 seconds to synchronously load lazily loaded font '../../../Engine/Content/Editor/Slate/Fonts/FontAwesome.ttf' (139K)
[2019.02.03-20.02.34:279][  0]LogRenderer: Reallocating scene render targets to support 1528x884 Format 10 NumSamples 1 (Frame:1).
[2019.02.03-20.02.34:464][  0]LogContentBrowser: Native class hierarchy updated for 'HierarchicalLODOutliner' in 0.0003 seconds. Added 0 classes and 0 folders.
[2019.02.03-20.02.34:464][  0]LogLoad: (Engine Initialization) Total time: 25.68 seconds
[2019.02.03-20.02.34:464][  0]LogLoad: (Engine Initialization) Total Blueprint compile time: 0.00 seconds
[2019.02.03-20.02.34:520][  0]LogContentStreaming: Texture pool size now 1000 MB
[2019.02.03-20.02.34:585][  0]LogSlate: Took 0.006069 seconds to synchronously load lazily loaded font '../../../Engine/Content/Slate/Fonts/Roboto-Light.ttf' (167K)
[2019.02.03-20.02.34:636][  1]LogAssetRegistry: Asset discovery search completed in 11.5356 seconds
[2019.02.03-20.02.34:638][  1]LogCollectionManager: Rebuilt the object cache for 0 collections in 0.000000 seconds (found 0 objects)
[2019.02.03-20.02.34:638][  1]LogCollectionManager: Fixed up redirectors for 0 collections in 0.000056 seconds (updated 0 objects)
[2019.02.03-20.05.05:556][665]LogSlate: FSceneViewport::OnFocusLost() reason 0
[2019.02.03-20.05.05:674][678]LogSlate: Took 0.000246 seconds to synchronously load lazily loaded font '../../../Engine/Content/Slate/Fonts/Roboto-Light.ttf' (167K)
[2019.02.03-20.05.07:021][678]LogAIModule: Creating AISystem for world My_city
[2019.02.03-20.05.07:293][678]LogAssetEditorManager: Opening Asset editor for World /Game/My_city.My_city
[2019.02.03-20.05.07:325][678]Cmd: MAP LOAD FILE="../../../../../../Users/hjc13/OneDrive/Documents/GitHub/JRH_AssertPipline/JRH_WhiteBoxSc01/Content/My_city.umap" TEMPLATE=0 SHOWPROGRESS=1 FEATURELEVEL=3
[2019.02.03-20.05.07:325][678]LightingResults: New page: Lighting Build
[2019.02.03-20.05.07:326][678]LoadErrors: New page: Loading map: My_city.umap
[2019.02.03-20.05.07:330][678]MapCheck: New page: Map Check
[2019.02.03-20.05.07:330][678]LightingResults: New page: Lighting Build
[2019.02.03-20.05.07:416][678]LogEditorServer: Finished looking for orphan Actors (0.000 secs)
[2019.02.03-20.05.07:675][678]Cmd: MAP CHECKDEP NOCLEARLOG
[2019.02.03-20.05.07:747][678]MapCheck: Map check complete: 0 Error(s), 0 Warning(s), took 72.122ms to complete.
[2019.02.03-20.05.07:747][678]LogFileHelpers: Loading map 'My_city' took 0.426
[2019.02.03-20.05.45:280][ 26]Cmd: TRANSACTION UNDO
[2019.02.03-20.05.45:280][ 26]LogEditorTransaction: Undo Move Actors
[2019.02.03-20.05.46:076][ 26]LogActorComponent: ~FComponentReregisterContext: (/Game/My_city.My_city:PersistentLevel.BoxBrush251.BrushComponent0) Component already registered.
[2019.02.03-20.05.46:076][ 26]LogActorComponent: ~FComponentReregisterContext: (/Game/My_city.My_city:PersistentLevel.BoxBrush277.BrushComponent0) Component already registered.
[2019.02.03-20.05.46:076][ 26]LogActorComponent: ~FComponentReregisterContext: (/Game/My_city.My_city:PersistentLevel.BoxBrush264.BrushComponent0) Component already registered.
[2019.02.03-20.05.46:078][ 26]LogActorComponent: ~FComponentReregisterContext: (/Game/My_city.My_city:PersistentLevel.BoxBrush229.BrushComponent0) Component already registered.
[2019.02.03-20.05.46:078][ 26]LogActorComponent: ~FComponentReregisterContext: (/Game/My_city.My_city:PersistentLevel.BoxBrush216.BrushComponent0) Component already registered.
[2019.02.03-20.05.46:079][ 26]LogActorComponent: ~FComponentReregisterContext: (/Game/My_city.My_city:PersistentLevel.BoxBrush242.BrushComponent0) Component already registered.
[2019.02.03-20.05.46:082][ 26]LogActorComponent: ~FComponentReregisterContext: (/Game/My_city.My_city:PersistentLevel.BoxBrush320.BrushComponent0) Component already registered.
[2019.02.03-20.05.46:083][ 26]LogActorComponent: ~FComponentReregisterContext: (/Game/My_city.My_city:PersistentLevel.BoxBrush341.BrushComponent0) Component already registered.
[2019.02.03-20.05.46:084][ 26]LogActorComponent: ~FComponentReregisterContext: (/Game/My_city.My_city:PersistentLevel.BoxBrush298.BrushComponent0) Component already registered.
[2019.02.03-20.05.46:084][ 26]LogActorComponent: ~FComponentReregisterContext: (/Game/My_city.My_city:PersistentLevel.BoxBrush285.BrushComponent0) Component already registered.
[2019.02.03-20.05.46:084][ 26]LogActorComponent: ~FComponentReregisterContext: (/Game/My_city.My_city:PersistentLevel.BoxBrush307.BrushComponent0) Component already registered.
[2019.02.03-20.05.46:086][ 26]LogActorComponent: ~FComponentReregisterContext: (/Game/My_city.My_city:PersistentLevel.BoxBrush180.BrushComponent0) Component already registered.
[2019.02.03-20.05.46:086][ 26]LogActorComponent: ~FComponentReregisterContext: (/Game/My_city.My_city:PersistentLevel.BoxBrush101.BrushComponent0) Component already registered.
[2019.02.03-20.05.46:087][ 26]LogActorComponent: ~FComponentReregisterContext: (/Game/My_city.My_city:PersistentLevel.BoxBrush65.BrushComponent0) Component already registered.
[2019.02.03-20.05.46:087][ 26]LogActorComponent: ~FComponentReregisterContext: (/Game/My_city.My_city:PersistentLevel.BoxBrush147.BrushComponent0) Component already registered.
[2019.02.03-20.05.46:088][ 26]LogActorComponent: ~FComponentReregisterContext: (/Game/My_city.My_city:PersistentLevel.BoxBrush167.BrushComponent0) Component already registered.
[2019.02.03-20.05.46:089][ 26]LogActorComponent: ~FComponentReregisterContext: (/Game/My_city.My_city:PersistentLevel.BoxBrush186.BrushComponent0) Component already registered.
[2019.02.03-20.05.46:090][ 26]LogActorComponent: ~FComponentReregisterContext: (/Game/My_city.My_city:PersistentLevel.BoxBrush208.BrushComponent0) Component already registered.
[2019.02.03-20.05.46:090][ 26]LogActorComponent: ~FComponentReregisterContext: (/Game/My_city.My_city:PersistentLevel.CylinderBrush17.BrushComponent0) Component already registered.
[2019.02.03-20.05.46:091][ 26]LogActorComponent: ~FComponentReregisterContext: (/Game/My_city.My_city:PersistentLevel.Brush_St_237.BrushComponent0) Component already registered.
[2019.02.03-20.05.46:091][ 26]LogActorComponent: ~FComponentReregisterContext: (/Game/My_city.My_city:PersistentLevel.Brush_St_184.BrushComponent0) Component already registered.
[2019.02.03-20.05.46:091][ 26]LogActorComponent: ~FComponentReregisterContext: (/Game/My_city.My_city:PersistentLevel.Brush_St_250.BrushComponent0) Component already registered.
[2019.02.03-20.05.46:094][ 26]LogActorComponent: ~FComponentReregisterContext: (/Game/My_city.My_city:PersistentLevel.BoxBrush527.BrushComponent0) Component already registered.
[2019.02.03-20.05.46:094][ 26]LogActorComponent: ~FComponentReregisterContext: (/Game/My_city.My_city:PersistentLevel.BoxBrush552.BrushComponent0) Component already registered.
[2019.02.03-20.05.46:095][ 26]LogActorComponent: ~FComponentReregisterContext: (/Game/My_city.My_city:PersistentLevel.BoxBrush548.BrushComponent0) Component already registered.
[2019.02.03-20.05.46:096][ 26]LogActorComponent: ~FComponentReregisterContext: (/Game/My_city.My_city:PersistentLevel.BoxBrush505.BrushComponent0) Component already registered.
[2019.02.03-20.05.46:096][ 26]LogActorComponent: ~FComponentReregisterContext: (/Game/My_city.My_city:PersistentLevel.BoxBrush492.BrushComponent0) Component already registered.
[2019.02.03-20.05.46:096][ 26]LogActorComponent: ~FComponentReregisterContext: (/Game/My_city.My_city:PersistentLevel.BoxBrush514.BrushComponent0) Component already registered.
[2019.02.03-20.05.46:097][ 26]LogActorComponent: ~FComponentReregisterContext: (/Game/My_city.My_city:PersistentLevel.BoxBrush600.BrushComponent0) Component already registered.
[2019.02.03-20.05.46:098][ 26]LogActorComponent: ~FComponentReregisterContext: (/Game/My_city.My_city:PersistentLevel.BoxBrush623.BrushComponent0) Component already registered.
[2019.02.03-20.05.46:100][ 26]LogActorComponent: ~FComponentReregisterContext: (/Game/My_city.My_city:PersistentLevel.BoxBrush565.BrushComponent0) Component already registered.
[2019.02.03-20.05.46:101][ 26]LogActorComponent: ~FComponentReregisterContext: (/Game/My_city.My_city:PersistentLevel.BoxBrush587.BrushComponent0) Component already registered.
[2019.02.03-20.05.46:101][ 26]LogActorComponent: ~FComponentReregisterContext: (/Game/My_city.My_city:PersistentLevel.BoxBrush578.BrushComponent0) Component already registered.
[2019.02.03-20.05.46:103][ 26]LogActorComponent: ~FComponentReregisterContext: (/Game/My_city.My_city:PersistentLevel.BoxBrush394.BrushComponent0) Component already registered.
[2019.02.03-20.05.46:103][ 26]LogActorComponent: ~FComponentReregisterContext: (/Game/My_city.My_city:PersistentLevel.BoxBrush420.BrushComponent0) Component already registered.
[2019.02.03-20.05.46:104][ 26]LogActorComponent: ~FComponentReregisterContext: (/Game/My_city.My_city:PersistentLevel.BoxBrush407.BrushComponent0) Component already registered.
[2019.02.03-20.05.46:105][ 26]LogActorComponent: ~FComponentReregisterContext: (/Game/My_city.My_city:PersistentLevel.BoxBrush367.BrushComponent0) Component already registered.
[2019.02.03-20.05.46:105][ 26]LogActorComponent: ~FComponentReregisterContext: (/Game/My_city.My_city:PersistentLevel.BoxBrush354.BrushComponent0) Component already registered.
[2019.02.03-20.05.46:106][ 26]LogActorComponent: ~FComponentReregisterContext: (/Game/My_city.My_city:PersistentLevel.BoxBrush385.BrushComponent0) Component already registered.
[2019.02.03-20.05.46:109][ 26]LogActorComponent: ~FComponentReregisterContext: (/Game/My_city.My_city:PersistentLevel.BoxBrush458.BrushComponent0) Component already registered.
[2019.02.03-20.05.46:110][ 26]LogActorComponent: ~FComponentReregisterContext: (/Game/My_city.My_city:PersistentLevel.BoxBrush479.BrushComponent0) Component already registered.
[2019.02.03-20.05.46:111][ 26]LogActorComponent: ~FComponentReregisterContext: (/Game/My_city.My_city:PersistentLevel.BoxBrush375_687.BrushComponent0) Component already registered.
[2019.02.03-20.05.46:111][ 26]LogActorComponent: ~FComponentReregisterContext: (/Game/My_city.My_city:PersistentLevel.BoxBrush428.BrushComponent0) Component already registered.
[2019.02.03-20.05.46:112][ 26]LogActorComponent: ~FComponentReregisterContext: (/Game/My_city.My_city:PersistentLevel.BoxBrush445.BrushComponent0) Component already registered.
[2019.02.03-20.05.46:115][ 26]LogActorComponent: ~FComponentReregisterContext: (/Game/My_city.My_city:PersistentLevel.Brush_SW_16.BrushComponent0) Component already registered.
[2019.02.03-20.05.46:115][ 26]LogActorComponent: ~FComponentReregisterContext: (/Game/My_city.My_city:PersistentLevel.Brush_St_158.BrushComponent0) Component already registered.
[2019.02.03-20.05.46:116][ 26]LogActorComponent: ~FComponentReregisterContext: (/Game/My_city.My_city:PersistentLevel.Brush_SW_34.BrushComponent0) Component already registered.
[2019.02.03-20.05.46:118][ 26]LogActorComponent: ~FComponentReregisterContext: (/Game/My_city.My_city:PersistentLevel.Brush_St_119.BrushComponent0) Component already registered.
[2019.02.03-20.05.46:119][ 26]LogActorComponent: ~FComponentReregisterContext: (/Game/My_city.My_city:PersistentLevel.Brush_St_140.BrushComponent0) Component already registered.
[2019.02.03-20.05.46:120][ 26]LogActorComponent: ~FComponentReregisterContext: (/Game/My_city.My_city:PersistentLevel.Brush_SW_105.BrushComponent0) Component already registered.
[2019.02.03-20.05.46:120][ 26]LogActorComponent: ~FComponentReregisterContext: (/Game/My_city.My_city:PersistentLevel.Brush_SW_81.BrushComponent0) Component already registered.
[2019.02.03-20.05.46:121][ 26]LogActorComponent: ~FComponentReregisterContext: (/Game/My_city.My_city:PersistentLevel.Brush_SW_117.BrushComponent0) Component already registered.
[2019.02.03-20.05.46:122][ 26]LogActorComponent: ~FComponentReregisterContext: (/Game/My_city.My_city:PersistentLevel.Brush_SW_47.BrushComponent0) Component already registered.
[2019.02.03-20.05.46:123][ 26]LogActorComponent: ~FComponentReregisterContext: (/Game/My_city.My_city:PersistentLevel.Brush_SW_68.BrushComponent0) Component already registered.
[2019.02.03-20.05.46:124][ 26]LogActorComponent: ~FComponentReregisterContext: (/Game/My_city.My_city:PersistentLevel.Brush_St_40.BrushComponent0) Component already registered.
[2019.02.03-20.05.46:124][ 26]LogActorComponent: ~FComponentReregisterContext: (/Game/My_city.My_city:PersistentLevel.Brush_St_31.BrushComponent0) Component already registered.
[2019.02.03-20.05.46:125][ 26]LogActorComponent: ~FComponentReregisterContext: (/Game/My_city.My_city:PersistentLevel.Brush_St_45.BrushComponent0) Component already registered.
[2019.02.03-20.05.46:155][ 26]LogActorComponent: ~FComponentReregisterContext: (/Game/My_city.My_city:PersistentLevel.Brush_St_18.BrushComponent0) Component already registered.
[2019.02.03-20.05.46:155][ 26]LogActorComponent: ~FComponentReregisterContext: (/Game/My_city.My_city:PersistentLevel.Brush_St_97.BrushComponent0) Component already registered.
[2019.02.03-20.05.46:156][ 26]LogActorComponent: ~FComponentReregisterContext: (/Game/My_city.My_city:PersistentLevel.Brush_St_84.BrushComponent0) Component already registered.
[2019.02.03-20.05.46:156][ 26]LogActorComponent: ~FComponentReregisterContext: (/Game/My_city.My_city:PersistentLevel.Brush_St_106.BrushComponent0) Component already registered.
[2019.02.03-20.05.46:158][ 26]LogActorComponent: ~FComponentReregisterContext: (/Game/My_city.My_city:PersistentLevel.Brush_St_54.BrushComponent0) Component already registered.
[2019.02.03-20.05.46:158][ 26]LogActorComponent: ~FComponentReregisterContext: (/Game/My_city.My_city:PersistentLevel.Brush_St_71.BrushComponent0) Component already registered.
[2019.02.03-20.05.46:160][ 26]LogActorComponent: ~FComponentReregisterContext: (/Game/My_city.My_city:PersistentLevel.BoxBrush42.BrushComponent0) Component already registered.
[2019.02.03-20.05.46:161][ 26]LogActorComponent: ~FComponentReregisterContext: (/Game/My_city.My_city:PersistentLevel.BoxBrush58.BrushComponent0) Component already registered.
[2019.02.03-20.05.46:161][ 26]LogActorComponent: ~FComponentReregisterContext: (/Game/My_city.My_city:PersistentLevel.Brush_St_223.BrushComponent0) Component already registered.
[2019.02.03-20.05.46:163][ 26]LogActorComponent: ~FComponentReregisterContext: (/Game/My_city.My_city:PersistentLevel.CylinderBrush8_22.BrushComponent0) Component already registered.
[2019.02.03-20.05.46:165][ 26]LogActorComponent: ~FComponentReregisterContext: (/Game/My_city.My_city:PersistentLevel.BoxBrush124.BrushComponent0) Component already registered.
[2019.02.03-20.05.46:165][ 26]LogActorComponent: ~FComponentReregisterContext: (/Game/My_city.My_city:PersistentLevel.BoxBrush75.BrushComponent0) Component already registered.
[2019.02.03-20.05.46:167][ 26]LogActorComponent: ~FComponentReregisterContext: (/Game/My_city.My_city:PersistentLevel.BoxBrush86.BrushComponent0) Component already registered.
[2019.02.03-20.05.46:169][ 26]LogActorComponent: ~FComponentReregisterContext: (/Game/My_city.My_city:PersistentLevel.Brush_SW_182.BrushComponent0) Component already registered.
[2019.02.03-20.05.46:170][ 26]LogActorComponent: ~FComponentReregisterContext: (/Game/My_city.My_city:PersistentLevel.Brush_St_168.BrushComponent0) Component already registered.
[2019.02.03-20.05.46:170][ 26]LogActorComponent: ~FComponentReregisterContext: (/Game/My_city.My_city:PersistentLevel.Brush_SW_138.BrushComponent0) Component already registered.
[2019.02.03-20.05.46:172][ 26]LogActorComponent: ~FComponentReregisterContext: (/Game/My_city.My_city:PersistentLevel.Brush_SW_147.BrushComponent0) Component already registered.
[2019.02.03-20.05.46:174][ 26]LogActorComponent: ~FComponentReregisterContext: (/Game/My_city.My_city:PersistentLevel.Brush_SW_203.BrushComponent0) Component already registered.
[2019.02.03-20.05.46:174][ 26]LogActorComponent: ~FComponentReregisterContext: (/Game/My_city.My_city:PersistentLevel.Brush_St_420.BrushComponent0) Component already registered.
[2019.02.03-20.05.46:176][ 26]LogActorComponent: ~FComponentReregisterContext: (/Game/My_city.My_city:PersistentLevel.Brush_St_421.BrushComponent0) Component already registered.
[2019.02.03-20.05.46:177][ 26]LogActorComponent: ~FComponentReregisterContext: (/Game/My_city.My_city:PersistentLevel.BoxBrush1357.BrushComponent0) Component already registered.
[2019.02.03-20.05.46:178][ 26]LogActorComponent: ~FComponentReregisterContext: (/Game/My_city.My_city:PersistentLevel.BoxBrush1383.BrushComponent0) Component already registered.
[2019.02.03-20.05.46:178][ 26]LogActorComponent: ~FComponentReregisterContext: (/Game/My_city.My_city:PersistentLevel.BoxBrush1370.BrushComponent0) Component already registered.
[2019.02.03-20.05.46:179][ 26]LogActorComponent: ~FComponentReregisterContext: (/Game/My_city.My_city:PersistentLevel.BoxBrush1335.BrushComponent0) Component already registered.
[2019.02.03-20.05.46:179][ 26]LogActorComponent: ~FComponentReregisterContext: (/Game/My_city.My_city:PersistentLevel.BoxBrush1322.BrushComponent0) Component already registered.
[2019.02.03-20.05.46:179][ 26]LogActorComponent: ~FComponentReregisterContext: (/Game/My_city.My_city:PersistentLevel.BoxBrush1348.BrushComponent0) Component already registered.
[2019.02.03-20.05.46:181][ 26]LogActorComponent: ~FComponentReregisterContext: (/Game/My_city.My_city:PersistentLevel.BoxBrush1426.BrushComponent0) Component already registered.
[2019.02.03-20.05.46:183][ 26]LogActorComponent: ~FComponentReregisterContext: (/Game/My_city.My_city:PersistentLevel.BoxBrush1447.BrushComponent0) Component already registered.
[2019.02.03-20.05.46:184][ 26]LogActorComponent: ~FComponentReregisterContext: (/Game/My_city.My_city:PersistentLevel.BoxBrush1404.BrushComponent0) Component already registered.
[2019.02.03-20.05.46:184][ 26]LogActorComponent: ~FComponentReregisterContext: (/Game/My_city.My_city:PersistentLevel.BoxBrush1391.BrushComponent0) Component already registered.
[2019.02.03-20.05.46:185][ 26]LogActorComponent: ~FComponentReregisterContext: (/Game/My_city.My_city:PersistentLevel.BoxBrush1413.BrushComponent0) Component already registered.
[2019.02.03-20.05.46:188][ 26]LogActorComponent: ~FComponentReregisterContext: (/Game/My_city.My_city:PersistentLevel.BoxBrush1223.BrushComponent0) Component already registered.
[2019.02.03-20.05.46:189][ 26]LogActorComponent: ~FComponentReregisterContext: (/Game/My_city.My_city:PersistentLevel.BoxBrush1245.BrushComponent0) Component already registered.
[2019.02.03-20.05.46:189][ 26]LogActorComponent: ~FComponentReregisterContext: (/Game/My_city.My_city:PersistentLevel.BoxBrush1236.BrushComponent0) Component already registered.
[2019.02.03-20.05.46:190][ 26]LogActorComponent: ~FComponentReregisterContext: (/Game/My_city.My_city:PersistentLevel.BoxBrush1189.BrushComponent0) Component already registered.
[2019.02.03-20.05.46:190][ 26]LogActorComponent: ~FComponentReregisterContext: (/Game/My_city.My_city:PersistentLevel.BoxBrush1210.BrushComponent0) Component already registered.
[2019.02.03-20.05.46:192][ 26]LogActorComponent: ~FComponentReregisterContext: (/Game/My_city.My_city:PersistentLevel.BoxBrush1288.BrushComponent0) Component already registered.
[2019.02.03-20.05.46:193][ 26]LogActorComponent: ~FComponentReregisterContext: (/Game/My_city.My_city:PersistentLevel.BoxBrush1314.BrushComponent0) Component already registered.
[2019.02.03-20.05.46:193][ 26]LogActorComponent: ~FComponentReregisterContext: (/Game/My_city.My_city:PersistentLevel.BoxBrush1301.BrushComponent0) Component already registered.
[2019.02.03-20.05.46:194][ 26]LogActorComponent: ~FComponentReregisterContext: (/Game/My_city.My_city:PersistentLevel.BoxBrush1266.BrushComponent0) Component already registered.
[2019.02.03-20.05.46:194][ 26]LogActorComponent: ~FComponentReregisterContext: (/Game/My_city.My_city:PersistentLevel.BoxBrush1253.BrushComponent0) Component already registered.
[2019.02.03-20.05.46:194][ 26]LogActorComponent: ~FComponentReregisterContext: (/Game/My_city.My_city:PersistentLevel.BoxBrush1279.BrushComponent0) Component already registered.
[2019.02.03-20.05.46:197][ 26]LogActorComponent: ~FComponentReregisterContext: (/Game/My_city.My_city:PersistentLevel.BoxBrush1633.BrushComponent0) Component already registered.
[2019.02.03-20.05.46:198][ 26]LogActorComponent: ~FComponentReregisterContext: (/Game/My_city.My_city:PersistentLevel.BoxBrush1659.BrushComponent0) Component already registered.
[2019.02.03-20.05.46:199][ 26]LogActorComponent: ~FComponentReregisterContext: (/Game/My_city.My_city:PersistentLevel.BoxBrush1646.BrushComponent0) Component already registered.
[2019.02.03-20.05.46:200][ 26]LogActorComponent: ~FComponentReregisterContext: (/Game/My_city.My_city:PersistentLevel.BoxBrush1611.BrushComponent0) Component already registered.
[2019.02.03-20.05.46:201][ 26]LogActorComponent: ~FComponentReregisterContext: (/Game/My_city.My_city:PersistentLevel.BoxBrush1598.BrushComponent0) Component already registered.
[2019.02.03-20.05.46:201][ 26]LogActorComponent: ~FComponentReregisterContext: (/Game/My_city.My_city:PersistentLevel.BoxBrush1624.BrushComponent0) Component already registered.
[2019.02.03-20.05.46:203][ 26]LogActorComponent: ~FComponentReregisterContext: (/Game/My_city.My_city:PersistentLevel.BoxBrush1702.BrushComponent0) Component already registered.
[2019.02.03-20.05.46:205][ 26]LogActorComponent: ~FComponentReregisterContext: (/Game/My_city.My_city:PersistentLevel.BoxBrush1723.BrushComponent0) Component already registered.
[2019.02.03-20.05.46:206][ 26]LogActorComponent: ~FComponentReregisterContext: (/Game/My_city.My_city:PersistentLevel.BoxBrush1680.BrushComponent0) Component already registered.
[2019.02.03-20.05.46:206][ 26]LogActorComponent: ~FComponentReregisterContext: (/Game/My_city.My_city:PersistentLevel.BoxBrush1667.BrushComponent0) Component already registered.
[2019.02.03-20.05.46:206][ 26]LogActorComponent: ~FComponentReregisterContext: (/Game/My_city.My_city:PersistentLevel.BoxBrush1689.BrushComponent0) Component already registered.
[2019.02.03-20.05.46:208][ 26]LogActorComponent: ~FComponentReregisterContext: (/Game/My_city.My_city:PersistentLevel.BoxBrush1495.BrushComponent0) Component already registered.
[2019.02.03-20.05.46:208][ 26]LogActorComponent: ~FComponentReregisterContext: (/Game/My_city.My_city:PersistentLevel.BoxBrush1521.BrushComponent0) Component already registered.
[2019.02.03-20.05.46:209][ 26]LogActorComponent: ~FComponentReregisterContext: (/Game/My_city.My_city:PersistentLevel.BoxBrush1508.BrushComponent0) Component already registered.
[2019.02.03-20.05.46:210][ 26]LogActorComponent: ~FComponentReregisterContext: (/Game/My_city.My_city:PersistentLevel.BoxBrush1473.BrushComponent0) Component already registered.
[2019.02.03-20.05.46:210][ 26]LogActorComponent: ~FComponentReregisterContext: (/Game/My_city.My_city:PersistentLevel.BoxBrush1460.BrushComponent0) Component already registered.
[2019.02.03-20.05.46:210][ 26]LogActorComponent: ~FComponentReregisterContext: (/Game/My_city.My_city:PersistentLevel.BoxBrush1486.BrushComponent0) Component already registered.
[2019.02.03-20.05.46:212][ 26]LogActorComponent: ~FComponentReregisterContext: (/Game/My_city.My_city:PersistentLevel.BoxBrush1565.BrushComponent0) Component already registered.
[2019.02.03-20.05.46:213][ 26]LogActorComponent: ~FComponentReregisterContext: (/Game/My_city.My_city:PersistentLevel.BoxBrush1585.BrushComponent0) Component already registered.
[2019.02.03-20.05.46:213][ 26]LogActorComponent: ~FComponentReregisterContext: (/Game/My_city.My_city:PersistentLevel.BoxBrush1544.BrushComponent0) Component already registered.
[2019.02.03-20.05.46:213][ 26]LogActorComponent: ~FComponentReregisterContext: (/Game/My_city.My_city:PersistentLevel.BoxBrush1530.BrushComponent0) Component already registered.
[2019.02.03-20.05.46:214][ 26]LogActorComponent: ~FComponentReregisterContext: (/Game/My_city.My_city:PersistentLevel.BoxBrush1554.BrushComponent0) Component already registered.
[2019.02.03-20.05.46:215][ 26]LogActorComponent: ~FComponentReregisterContext: (/Game/My_city.My_city:PersistentLevel.BoxBrush818.BrushComponent0) Component already registered.
[2019.02.03-20.05.46:215][ 26]LogActorComponent: ~FComponentReregisterContext: (/Game/My_city.My_city:PersistentLevel.BoxBrush805.BrushComponent0) Component already registered.
[2019.02.03-20.05.46:216][ 26]LogActorComponent: ~FComponentReregisterContext: (/Game/My_city.My_city:PersistentLevel.BoxBrush827.BrushComponent0) Component already registered.
[2019.02.03-20.05.46:218][ 26]LogActorComponent: ~FComponentReregisterContext: (/Game/My_city.My_city:PersistentLevel.BoxBrush771.BrushComponent0) Component already registered.
[2019.02.03-20.05.46:218][ 26]LogActorComponent: ~FComponentReregisterContext: (/Game/My_city.My_city:PersistentLevel.BoxBrush792.BrushComponent0) Component already registered.
[2019.02.03-20.05.46:219][ 26]LogActorComponent: ~FComponentReregisterContext: (/Game/My_city.My_city:PersistentLevel.BoxBrush887.BrushComponent0) Component already registered.
[2019.02.03-20.05.46:220][ 26]LogActorComponent: ~FComponentReregisterContext: (/Game/My_city.My_city:PersistentLevel.BoxBrush874.BrushComponent0) Component already registered.
[2019.02.03-20.05.46:220][ 26]LogActorComponent: ~FComponentReregisterContext: (/Game/My_city.My_city:PersistentLevel.BoxBrush896.BrushComponent0) Component already registered.
[2019.02.03-20.05.46:223][ 26]LogActorComponent: ~FComponentReregisterContext: (/Game/My_city.My_city:PersistentLevel.BoxBrush840.BrushComponent0) Component already registered.
[2019.02.03-20.05.46:225][ 26]LogActorComponent: ~FComponentReregisterContext: (/Game/My_city.My_city:PersistentLevel.BoxBrush861.BrushComponent0) Component already registered.
[2019.02.03-20.05.46:226][ 26]LogActorComponent: ~FComponentReregisterContext: (/Game/My_city.My_city:PersistentLevel.BoxBrush680.BrushComponent0) Component already registered.
[2019.02.03-20.05.46:226][ 26]LogActorComponent: ~FComponentReregisterContext: (/Game/My_city.My_city:PersistentLevel.BoxBrush666.BrushComponent0) Component already registered.
[2019.02.03-20.05.46:227][ 26]LogActorComponent: ~FComponentReregisterContext: (/Game/My_city.My_city:PersistentLevel.BoxBrush689.BrushComponent0) Component already registered.
[2019.02.03-20.05.46:231][ 26]LogActorComponent: ~FComponentReregisterContext: (/Game/My_city.My_city:PersistentLevel.BoxBrush632.BrushComponent0) Component already registered.
[2019.02.03-20.05.46:233][ 26]LogActorComponent: ~FComponentReregisterContext: (/Game/My_city.My_city:PersistentLevel.BoxBrush653.BrushComponent0) Component already registered.
[2019.02.03-20.05.46:234][ 26]LogActorComponent: ~FComponentReregisterContext: (/Game/My_city.My_city:PersistentLevel.BoxBrush749.BrushComponent0) Component already registered.
[2019.02.03-20.05.46:234][ 26]LogActorComponent: ~FComponentReregisterContext: (/Game/My_city.My_city:PersistentLevel.BoxBrush736.BrushComponent0) Component already registered.
[2019.02.03-20.05.46:236][ 26]LogActorComponent: ~FComponentReregisterContext: (/Game/My_city.My_city:PersistentLevel.BoxBrush758.BrushComponent0) Component already registered.
[2019.02.03-20.05.46:237][ 26]LogActorComponent: ~FComponentReregisterContext: (/Game/My_city.My_city:PersistentLevel.BoxBrush702.BrushComponent0) Component already registered.
[2019.02.03-20.05.46:238][ 26]LogActorComponent: ~FComponentReregisterContext: (/Game/My_city.My_city:PersistentLevel.BoxBrush723.BrushComponent0) Component already registered.
[2019.02.03-20.05.46:240][ 26]LogActorComponent: ~FComponentReregisterContext: (/Game/My_city.My_city:PersistentLevel.BoxBrush1098.BrushComponent0) Component already registered.
[2019.02.03-20.05.46:240][ 26]LogActorComponent: ~FComponentReregisterContext: (/Game/My_city.My_city:PersistentLevel.BoxBrush1111.BrushComponent0) Component already registered.
[2019.02.03-20.05.46:240][ 26]LogActorComponent: ~FComponentReregisterContext: (/Game/My_city.My_city:PersistentLevel.BoxBrush1056.BrushComponent0) Component already registered.
[2019.02.03-20.05.46:243][ 26]LogActorComponent: ~FComponentReregisterContext: (/Game/My_city.My_city:PersistentLevel.BoxBrush1065.BrushComponent0) Component already registered.
[2019.02.03-20.05.46:245][ 26]LogActorComponent: ~FComponentReregisterContext: (/Game/My_city.My_city:PersistentLevel.BoxBrush1167.BrushComponent0) Component already registered.
[2019.02.03-20.05.46:246][ 26]LogActorComponent: ~FComponentReregisterContext: (/Game/My_city.My_city:PersistentLevel.BoxBrush1124.BrushComponent0) Component already registered.
[2019.02.03-20.05.46:248][ 26]LogActorComponent: ~FComponentReregisterContext: (/Game/My_city.My_city:PersistentLevel.BoxBrush1133.BrushComponent0) Component already registered.
[2019.02.03-20.05.46:250][ 26]LogActorComponent: ~FComponentReregisterContext: (/Game/My_city.My_city:PersistentLevel.BoxBrush960.BrushComponent0) Component already registered.
[2019.02.03-20.05.46:251][ 26]LogActorComponent: ~FComponentReregisterContext: (/Game/My_city.My_city:PersistentLevel.BoxBrush973.BrushComponent0) Component already registered.
[2019.02.03-20.05.46:251][ 26]LogActorComponent: ~FComponentReregisterContext: (/Game/My_city.My_city:PersistentLevel.BoxBrush917.BrushComponent0) Component already registered.
[2019.02.03-20.05.46:253][ 26]LogActorComponent: ~FComponentReregisterContext: (/Game/My_city.My_city:PersistentLevel.BoxBrush926.BrushComponent0) Component already registered.
[2019.02.03-20.05.46:255][ 26]LogActorComponent: ~FComponentReregisterContext: (/Game/My_city.My_city:PersistentLevel.BoxBrush1029.BrushComponent0) Component already registered.
[2019.02.03-20.05.46:256][ 26]LogActorComponent: ~FComponentReregisterContext: (/Game/My_city.My_city:PersistentLevel.BoxBrush986.BrushComponent0) Component already registered.
[2019.02.03-20.05.46:257][ 26]LogActorComponent: ~FComponentReregisterContext: (/Game/My_city.My_city:PersistentLevel.BoxBrush995.BrushComponent0) Component already registered.
[2019.02.03-20.05.48:639][124]LogEditorViewport: Clicking on Actor (LMB): BP_Sky_Sphere_C (Sky Sphere)
[2019.02.03-20.08.25:515][ 96]LogEditorViewport: Clicking on Actor (LMB): BP_Sky_Sphere_C (Sky Sphere)
[2019.02.03-20.08.26:797][245]LogEditorViewport: Clicking on Actor (LMB): BP_Sky_Sphere_C (Sky Sphere)
[2019.02.03-20.08.26:874][252]LogEditorViewport: Clicking on Component (LMB): StaticMeshComponent (Sky Sphere mesh)
[2019.02.03-20.08.36:177][352]LogEditorViewport: Clicking on Component (LMB): StaticMeshComponent (Sky Sphere mesh)
[2019.02.03-20.08.36:228][356]LogEditorViewport: Clicking on Actor (double click): BP_Sky_Sphere_C (Sky Sphere)
[2019.02.03-20.08.38:736][643]Cmd: TRANSACTION UNDO
[2019.02.03-20.08.38:736][643]LogEditorTransaction: Undo Move Actors
[2019.02.03-20.15.09:320][168]LogSavePackage: Moving '../../../../../../Users/hjc13/OneDrive/Documents/GitHub/JRH_AssertPipline/JRH_WhiteBoxSc01/Saved/My_city_Auto1085888FA43C840243C1C81A159C4D750.tmp' to '../../../../../../Users/hjc13/OneDrive/Documents/GitHub/JRH_AssertPipline/JRH_WhiteBoxSc01/Saved/Autosaves/Game/My_city_Auto1.umap'
[2019.02.03-20.15.09:333][168]LogFileHelpers: Editor autosave (incl. sublevels) for '/Game/My_city' took 3.584
[2019.02.03-20.15.09:333][168]LogFileHelpers: Editor autosave (incl. sublevels) for all levels took 3.584
[2019.02.03-20.22.52:520][415]LogSlate: FSceneViewport::OnFocusLost() reason 0
[2019.02.03-20.25.27:078][624]LogSavePackage: Moving '../../../../../../Users/hjc13/OneDrive/Documents/GitHub/JRH_AssertPipline/JRH_WhiteBoxSc01/Saved/My_city_Auto2C03B146947A95D85B88D2EB2E3A4A121.tmp' to '../../../../../../Users/hjc13/OneDrive/Documents/GitHub/JRH_AssertPipline/JRH_WhiteBoxSc01/Saved/Autosaves/Game/My_city_Auto2.umap'
[2019.02.03-20.25.27:089][624]LogFileHelpers: Editor autosave (incl. sublevels) for '/Game/My_city' took 3.135
[2019.02.03-20.25.27:089][624]LogFileHelpers: Editor autosave (incl. sublevels) for all levels took 3.135
[2019.02.03-20.26.44:060][179]LogSlate: FSceneViewport::OnFocusLost() reason 0
[2019.02.03-20.26.45:336][329]LogSlate: FSceneViewport::OnFocusLost() reason 0
[2019.02.03-20.29.18:333][557]LogSlate: FSceneViewport::OnFocusLost() reason 0
[2019.02.03-20.29.22:495][565]LogSlate: Window 'Save Content' being destroyed
[2019.02.03-20.29.25:765][565]LogSavePackage: Moving '../../../../../../Users/hjc13/OneDrive/Documents/GitHub/JRH_AssertPipline/JRH_WhiteBoxSc01/Saved/My_city3F18E7C9473B30957E4EA589D6E0D011.tmp' to '../../../../../../Users/hjc13/OneDrive/Documents/GitHub/JRH_AssertPipline/JRH_WhiteBoxSc01/Content/My_city.umap'
[2019.02.03-20.29.25:802][565]LogFileHelpers: Saving map 'My_city' took 3.285
[2019.02.03-20.29.25:871][565]LogSlate: Window 'JRH_WhiteBoxSc01 - Unreal Editor' being destroyed
[2019.02.03-20.29.26:069][566]Cmd: QUIT_EDITOR
[2019.02.03-20.29.26:106][566]LogWindowsTextInputMethodSystem: Display: IME system now activated using TSF (Microsoft Pinyin).
[2019.02.03-20.29.26:120][566]LogExit: Preparing to exit.
[2019.02.03-20.29.26:314][566]LogDirectoryWatcher: A directory notification failed for 'C:/Users/hjc13/OneDrive/Documents/GitHub/JRH_AssertPipline/JRH_WhiteBoxSc01/Content/', and we were unable to create a new request.
[2019.02.03-20.29.26:361][566]LogExit: Editor shut down
[2019.02.03-20.29.26:362][566]LogExit: Transaction tracking system shut down
[2019.02.03-20.29.26:729][566]LogExit: Object subsystem successfully closed.
[2019.02.03-20.29.26:760][566]LogShaderCompilers: Display: Shaders left to compile 0
[2019.02.03-20.29.26:763][566]LogD3D11RHI: Shutdown
[2019.02.03-20.29.26:763][566]LogD3D11RHI: CleanupD3DDevice
[2019.02.03-20.29.26:775][566]LogD3D11RHI: ~FD3D11DynamicRHI
[2019.02.03-20.29.26:829][566]LogModuleManager: Shutting down and abandoning module HierarchicalLODOutliner (612)
[2019.02.03-20.29.26:829][566]LogModuleManager: Shutting down and abandoning module SceneOutliner (610)
[2019.02.03-20.29.26:829][566]LogModuleManager: Shutting down and abandoning module AddContentDialog (608)
[2019.02.03-20.29.26:830][566]LogModuleManager: Shutting down and abandoning module WidgetCarousel (607)
[2019.02.03-20.29.26:830][566]LogModuleManager: Shutting down and abandoning module EditorWidgets (604)
[2019.02.03-20.29.26:830][566]LogModuleManager: Shutting down and abandoning module CollectionManager (602)
[2019.02.03-20.29.26:831][566]LogModuleManager: Shutting down and abandoning module HierarchicalLODUtilities (600)
[2019.02.03-20.29.26:831][566]LogModuleManager: Shutting down and abandoning module StatsViewer (598)
[2019.02.03-20.29.26:831][566]LogModuleManager: Shutting down and abandoning module FoliageEdit (596)
[2019.02.03-20.29.26:832][566]LogModuleManager: Shutting down and abandoning module LandscapeEditor (594)
[2019.02.03-20.29.26:833][566]LogModuleManager: Shutting down and abandoning module MeshPaintMode (592)
[2019.02.03-20.29.26:833][566]LogModuleManager: Shutting down and abandoning module SceneDepthPickerMode (590)
[2019.02.03-20.29.26:833][566]LogModuleManager: Shutting down and abandoning module ActorPickerMode (588)
[2019.02.03-20.29.26:833][566]LogModuleManager: Shutting down and abandoning module GeometryMode (586)
[2019.02.03-20.29.26:833][566]LogModuleManager: Shutting down and abandoning module TextureAlignMode (584)
[2019.02.03-20.29.26:833][566]LogModuleManager: Shutting down and abandoning module BspMode (582)
[2019.02.03-20.29.26:833][566]LogModuleManager: Shutting down and abandoning module PIEPreviewDeviceProfileSelector (580)
[2019.02.03-20.29.26:834][566]LogModuleManager: Shutting down and abandoning module SequenceRecorderSections (578)
[2019.02.03-20.29.26:834][566]LogModuleManager: Shutting down and abandoning module AutomationWorker (576)
[2019.02.03-20.29.26:834][566]LogModuleManager: Shutting down and abandoning module AudioCaptureEditor (574)
[2019.02.03-20.29.26:834][566]LogModuleManager: Shutting down and abandoning module SequenceRecorder (573)
[2019.02.03-20.29.26:834][566]LogModuleManager: Shutting down and abandoning module MatineeToLevelSequence (570)
[2019.02.03-20.29.26:834][566]LogModuleManager: Shutting down and abandoning module LevelSequenceEditor (568)
[2019.02.03-20.29.26:836][566]LogModuleManager: Shutting down and abandoning module PlacementMode (567)
[2019.02.03-20.29.26:836][566]LogModuleManager: Shutting down and abandoning module MaterialEditor (566)
[2019.02.03-20.29.26:837][566]LogModuleManager: Shutting down and abandoning module WmfMediaFactory (562)
[2019.02.03-20.29.26:837][566]LogModuleManager: Shutting down and abandoning module WmfMediaEditor (560)
[2019.02.03-20.29.26:837][566]LogModuleManager: Shutting down and abandoning module MediaPlayerEditor (558)
[2019.02.03-20.29.26:838][566]LogModuleManager: Shutting down and abandoning module OpenExrWrapper (556)
[2019.02.03-20.29.26:838][566]LogModuleManager: Shutting down and abandoning module ImgMediaFactory (554)
[2019.02.03-20.29.26:838][566]LogModuleManager: Shutting down and abandoning module ImgMediaEditor (552)
[2019.02.03-20.29.26:838][566]LogModuleManager: Shutting down and abandoning module AvfMediaFactory (550)
[2019.02.03-20.29.26:838][566]LogModuleManager: Shutting down and abandoning module AvfMediaEditor (548)
[2019.02.03-20.29.26:838][566]LogModuleManager: Shutting down and abandoning module AndroidMediaFactory (546)
[2019.02.03-20.29.26:838][566]LogModuleManager: Shutting down and abandoning module AndroidMediaEditor (544)
[2019.02.03-20.29.26:838][566]LogModuleManager: Shutting down and abandoning module MagicLeapCameraPreviewFactory (542)
[2019.02.03-20.29.26:838][566]LogModuleManager: Shutting down and abandoning module MagicLeapMediaFactory (540)
[2019.02.03-20.29.26:839][566]LogModuleManager: Shutting down and abandoning module MagicLeapMediaEditor (538)
[2019.02.03-20.29.26:839][566]LogModuleManager: Shutting down and abandoning module CharacterAI (536)
[2019.02.03-20.29.26:839][566]LogModuleManager: Shutting down and abandoning module SmartSnapping (534)
[2019.02.03-20.29.26:839][566]LogModuleManager: Shutting down and abandoning module SessionServices (532)
[2019.02.03-20.29.26:839][566]LogModuleManager: Shutting down and abandoning module ViewportSnapping (530)
[2019.02.03-20.29.26:839][566]LogModuleManager: Shutting down and abandoning module ViewportInteraction (528)
[2019.02.03-20.29.26:839][566]LogModuleManager: Shutting down and abandoning module ClothPainter (526)
[2019.02.03-20.29.26:840][566]LogModuleManager: Shutting down and abandoning module SkeletalMeshEditor (525)
[2019.02.03-20.29.26:841][566]LogModuleManager: Shutting down and abandoning module LogVisualizer (522)
[2019.02.03-20.29.26:842][566]LogModuleManager: Shutting down and abandoning module IntroTutorials (520)
[2019.02.03-20.29.26:843][566]LogModuleManager: Shutting down and abandoning module GameProjectGeneration (519)
[2019.02.03-20.29.26:843][566]LogModuleManager: Shutting down and abandoning module LuminPlatformEditor (516)
[2019.02.03-20.29.26:843][566]LogModuleManager: Shutting down and abandoning module IOSPlatformEditor (514)
[2019.02.03-20.29.26:844][566]LogModuleManager: Shutting down and abandoning module HTML5PlatformEditor (512)
[2019.02.03-20.29.26:844][566]LogModuleManager: Shutting down and abandoning module AndroidPlatformEditor (510)
[2019.02.03-20.29.26:844][566]LogModuleManager: Shutting down and abandoning module AndroidDeviceDetection (509)
[2019.02.03-20.29.27:635][566]LogModuleManager: Shutting down and abandoning module WindowsPlatformEditor (506)
[2019.02.03-20.29.27:635][566]LogModuleManager: Shutting down and abandoning module LuminRuntimeSettings (504)
[2019.02.03-20.29.27:635][566]LogModuleManager: Shutting down and abandoning module IOSRuntimeSettings (502)
[2019.02.03-20.29.27:635][566]LogModuleManager: Shutting down and abandoning module AndroidRuntimeSettings (500)
[2019.02.03-20.29.27:635][566]LogModuleManager: Shutting down and abandoning module InputBindingEditor (498)
[2019.02.03-20.29.27:636][566]LogModuleManager: Shutting down and abandoning module MergeActors (496)
[2019.02.03-20.29.27:636][566]LogModuleManager: Shutting down and abandoning module LocalizationDashboard (494)
[2019.02.03-20.29.27:637][566]LogModuleManager: Shutting down and abandoning module LocalizationService (493)
[2019.02.03-20.29.27:638][566]LogModuleManager: Shutting down and abandoning module HardwareTargeting (490)
[2019.02.03-20.29.27:638][566]LogModuleManager: Shutting down and abandoning module DeviceProfileEditor (488)
[2019.02.03-20.29.27:638][566]LogModuleManager: Shutting down and abandoning module UndoHistory (486)
[2019.02.03-20.29.27:638][566]LogModuleManager: Shutting down and abandoning module XmlParser (484)
[2019.02.03-20.29.27:638][566]LogModuleManager: Shutting down and abandoning module Blutility (482)
[2019.02.03-20.29.27:638][566]LogModuleManager: Shutting down and abandoning module ProjectSettingsViewer (480)
[2019.02.03-20.29.27:638][566]LogModuleManager: Shutting down and abandoning module ProjectTargetPlatformEditor (479)
[2019.02.03-20.29.27:639][566]LogModuleManager: Shutting down and abandoning module EditorSettingsViewer (476)
[2019.02.03-20.29.27:639][566]LogModuleManager: Shutting down and abandoning module SettingsEditor (474)
[2019.02.03-20.29.27:639][566]LogModuleManager: Shutting down and abandoning module ProjectLauncher (472)
[2019.02.03-20.29.27:640][566]LogModuleManager: Shutting down and abandoning module SessionFrontend (470)
[2019.02.03-20.29.27:640][566]LogModuleManager: Shutting down and abandoning module ProfilerClient (468)
[2019.02.03-20.29.27:640][566]LogModuleManager: Shutting down and abandoning module DeviceManager (466)
[2019.02.03-20.29.27:641][566]LogModuleManager: Shutting down and abandoning module TargetDeviceServices (465)
[2019.02.03-20.29.27:696][566]LogModuleManager: Shutting down and abandoning module AutomationController (462)
[2019.02.03-20.29.27:697][566]LogModuleManager: Shutting down and abandoning module AutomationWindow (460)
[2019.02.03-20.29.27:698][566]LogModuleManager: Shutting down and abandoning module Layers (458)
[2019.02.03-20.29.27:699][566]LogModuleManager: Shutting down and abandoning module ComponentVisualizers (456)
[2019.02.03-20.29.27:699][566]LogModuleManager: Shutting down and abandoning module DetailCustomizations (454)
[2019.02.03-20.29.27:700][566]LogModuleManager: Shutting down and abandoning module PackagesDialog (452)
[2019.02.03-20.29.27:700][566]LogModuleManager: Shutting down and abandoning module Persona (450)
[2019.02.03-20.29.27:701][566]LogModuleManager: Shutting down and abandoning module AdvancedPreviewScene (449)
[2019.02.03-20.29.27:701][566]LogModuleManager: Shutting down and abandoning module AnimGraph (447)
[2019.02.03-20.29.27:702][566]LogModuleManager: Shutting down and abandoning module Kismet (444)
[2019.02.03-20.29.27:703][566]LogModuleManager: Shutting down and abandoning module GraphEditor (442)
[2019.02.03-20.29.27:705][566]LogModuleManager: Shutting down and abandoning module ClassViewer (440)
[2019.02.03-20.29.27:705][566]LogModuleManager: Shutting down and abandoning module Toolbox (438)
[2019.02.03-20.29.27:705][566]LogModuleManager: Shutting down and abandoning module ModuleUI (436)
[2019.02.03-20.29.27:706][566]LogModuleManager: Shutting down and abandoning module MovieSceneTools (434)
[2019.02.03-20.29.27:706][566]LogModuleManager: Shutting down and abandoning module OutputLog (432)
[2019.02.03-20.29.27:706][566]LogModuleManager: Shutting down and abandoning module GammaUI (430)
[2019.02.03-20.29.27:707][566]LogModuleManager: Shutting down and abandoning module Documentation (428)
[2019.02.03-20.29.27:707][566]LogModuleManager: Shutting down and abandoning module MovieSceneTracks (426)
[2019.02.03-20.29.27:707][566]LogModuleManager: Shutting down and abandoning module MovieScene (424)
[2019.02.03-20.29.27:707][566]LogModuleManager: Shutting down and abandoning module StreamingPauseRendering (422)
[2019.02.03-20.29.27:707][566]LogModuleManager: Shutting down and abandoning module LauncherPlatform (420)
[2019.02.03-20.29.27:707][566]LogModuleManager: Shutting down and abandoning module AnalyticsET (418)
[2019.02.03-20.29.27:707][566]LogModuleManager: Shutting down and abandoning module PortalServices (416)
[2019.02.03-20.29.27:707][566]LogModuleManager: Shutting down and abandoning module PortalRpc (414)
[2019.02.03-20.29.27:707][566]LogModuleManager: Shutting down and abandoning module MessagingRpc (412)
[2019.02.03-20.29.27:707][566]LogModuleManager: Shutting down and abandoning module AIModule (410)
[2019.02.03-20.29.27:708][566]LogModuleManager: Shutting down and abandoning module GameplayDebugger (409)
[2019.02.03-20.29.27:708][566]LogModuleManager: Shutting down and abandoning module AITestSuite (407)
[2019.02.03-20.29.27:709][566]LogModuleManager: Shutting down and abandoning module NavigationSystem (405)
[2019.02.03-20.29.27:709][566]LogModuleManager: Shutting down and abandoning module DesktopPlatform (402)
[2019.02.03-20.29.27:709][566]LogModuleManager: Shutting down and abandoning module ProfilerService (400)
[2019.02.03-20.29.27:934][566]LogModuleManager: Shutting down and abandoning module TaskGraph (398)
[2019.02.03-20.29.27:935][566]LogModuleManager: Shutting down and abandoning module SteamVRController (396)
[2019.02.03-20.29.27:935][566]LogModuleManager: Shutting down and abandoning module ProceduralMeshComponentEditor (394)
[2019.02.03-20.29.27:935][566]LogModuleManager: Shutting down and abandoning module ProceduralMeshComponent (392)
[2019.02.03-20.29.27:935][566]LogModuleManager: Shutting down and abandoning module OculusInput (390)
[2019.02.03-20.29.27:936][566]LogModuleManager: Shutting down and abandoning module MobilePatchingUtils (388)
[2019.02.03-20.29.27:936][566]LogModuleManager: Shutting down and abandoning module EditableMesh (386)
[2019.02.03-20.29.27:936][566]LogModuleManager: Shutting down and abandoning module CustomMeshComponent (384)
[2019.02.03-20.29.27:936][566]LogModuleManager: Shutting down and abandoning module CableComponent (382)
[2019.02.03-20.29.27:936][566]LogModuleManager: Shutting down and abandoning module AudioCapture (380)
[2019.02.03-20.29.27:936][566]LogModuleManager: Shutting down and abandoning module ArchVisCharacter (378)
[2019.02.03-20.29.27:936][566]LogModuleManager: Shutting down and abandoning module AndroidPermission (376)
[2019.02.03-20.29.27:936][566]LogModuleManager: Shutting down and abandoning module NUTUnrealEngine4 (374)
[2019.02.03-20.29.27:936][566]LogModuleManager: Shutting down and abandoning module NetcodeUnitTest (372)
[2019.02.03-20.29.27:938][566]LogModuleManager: Shutting down and abandoning module MediaCompositingEditor (370)
[2019.02.03-20.29.27:938][566]LogModuleManager: Shutting down and abandoning module MediaCompositing (368)
[2019.02.03-20.29.27:938][566]LogModuleManager: Shutting down and abandoning module LinearTimecode (366)
[2019.02.03-20.29.27:938][566]LogModuleManager: Shutting down and abandoning module ImgMedia (364)
[2019.02.03-20.29.27:941][566]LogModuleManager: Shutting down and abandoning module HTML5Networking (362)
[2019.02.03-20.29.27:942][566]LogModuleManager: Shutting down and abandoning module GeometryCacheTracks (360)
[2019.02.03-20.29.27:942][566]LogModuleManager: Shutting down and abandoning module GeometryCacheSequencer (358)
[2019.02.03-20.29.27:942][566]LogModuleManager: Shutting down and abandoning module BackChannel (356)
[2019.02.03-20.29.27:942][566]LogModuleManager: Shutting down and abandoning module AppleVision (354)
[2019.02.03-20.29.27:942][566]LogModuleManager: Shutting down and abandoning module AppleImageUtils (352)
[2019.02.03-20.29.27:942][566]LogModuleManager: Shutting down and abandoning module AlembicImporter (350)
[2019.02.03-20.29.27:942][566]LogModuleManager: Shutting down and abandoning module AlembicLibrary (349)
[2019.02.03-20.29.27:942][566]LogModuleManager: Shutting down and abandoning module GeometryCache (348)
[2019.02.03-20.29.27:942][566]LogModuleManager: Shutting down and abandoning module GeometryCacheEd (347)
[2019.02.03-20.29.27:942][566]LogModuleManager: Shutting down and abandoning module DatasmithContentEditor (342)
[2019.02.03-20.29.27:943][566]LogModuleManager: Shutting down and abandoning module DatasmithContent (340)
[2019.02.03-20.29.27:943][566]LogModuleManager: Shutting down and abandoning module SpeedTreeImporter (338)
[2019.02.03-20.29.27:943][566]LogModuleManager: Shutting down and abandoning module PluginBrowser (336)
[2019.02.03-20.29.27:945][566]LogModuleManager: Shutting down and abandoning module MobileLauncherProfileWizard (334)
[2019.02.03-20.29.27:946][566]LogModuleManager: Shutting down and abandoning module PolygonModeling (332)
[2019.02.03-20.29.27:946][566]LogModuleManager: Shutting down and abandoning module MeshEditor (330)
[2019.02.03-20.29.27:946][566]LogModuleManager: Shutting down and abandoning module CryptoKeysOpenSSL (328)
[2019.02.03-20.29.27:946][566]LogModuleManager: Shutting down and abandoning module CryptoKeys (326)
[2019.02.03-20.29.27:946][566]LogModuleManager: Shutting down and abandoning module VisualStudioSourceCodeAccess (324)
[2019.02.03-20.29.27:946][566]LogModuleManager: Shutting down and abandoning module VisualStudioCodeSourceCodeAccess (322)
[2019.02.03-20.29.27:946][566]LogModuleManager: Shutting down and abandoning module UObjectPlugin (320)
[2019.02.03-20.29.27:946][566]LogModuleManager: Shutting down and abandoning module SubversionSourceControl (318)
[2019.02.03-20.29.27:947][566]LogModuleManager: Shutting down and abandoning module PerforceSourceControl (316)
[2019.02.03-20.29.27:948][566]LogModuleManager: Shutting down and abandoning module GitSourceControl (314)
[2019.02.03-20.29.27:949][566]LogModuleManager: Shutting down and abandoning module SourceControl (313)
[2019.02.03-20.29.27:949][566]LogModuleManager: Shutting down and abandoning module CLionSourceCodeAccess (310)
[2019.02.03-20.29.27:949][566]LogModuleManager: Shutting down and abandoning module LightPropagationVolumeEditor (308)
[2019.02.03-20.29.27:949][566]LogModuleManager: Shutting down and abandoning module PaperTiledImporter (306)
[2019.02.03-20.29.27:949][566]LogModuleManager: Shutting down and abandoning module PaperSpriteSheetImporter (304)
[2019.02.03-20.29.27:949][566]LogModuleManager: Shutting down and abandoning module Paper2DEditor (302)
[2019.02.03-20.29.27:951][566]LogModuleManager: Shutting down and abandoning module MeshPaint (301)
[2019.02.03-20.29.27:951][566]LogModuleManager: Shutting down and abandoning module RuntimePhysXCooking (298)
[2019.02.03-20.29.27:951][566]LogModuleManager: Shutting down and abandoning module PhysXVehiclesEditor (296)
[2019.02.03-20.29.27:951][566]LogModuleManager: Shutting down and abandoning module PhysXVehicles (294)
[2019.02.03-20.29.27:951][566]LogModuleManager: Shutting down and abandoning module OculusEditor (292)
[2019.02.03-20.29.27:951][566]LogModuleManager: Shutting down and abandoning module LocationServicesBPLibrary (290)
[2019.02.03-20.29.27:951][566]LogModuleManager: Shutting down and abandoning module ImmediatePhysicsEditor (288)
[2019.02.03-20.29.27:951][566]LogModuleManager: Shutting down and abandoning module ImmediatePhysics (286)
[2019.02.03-20.29.27:952][566]LogModuleManager: Shutting down and abandoning module ActorSequence (284)
[2019.02.03-20.29.27:952][566]LogModuleManager: Shutting down and abandoning module UdpMessaging (282)
[2019.02.03-20.29.28:053][566]LogModuleManager: Shutting down and abandoning module TcpMessaging (280)
[2019.02.03-20.29.28:154][566]LogModuleManager: Shutting down and abandoning module MagicLeapAudio (278)
[2019.02.03-20.29.28:154][566]LogModuleManager: Shutting down and abandoning module GameplayTagsEditor (276)
[2019.02.03-20.29.28:154][566]LogModuleManager: Shutting down and abandoning module FacialAnimationEditor (274)
[2019.02.03-20.29.28:154][566]LogModuleManager: Shutting down and abandoning module FacialAnimation (272)
[2019.02.03-20.29.28:154][566]LogModuleManager: Shutting down and abandoning module DataValidation (270)
[2019.02.03-20.29.28:154][566]LogModuleManager: Shutting down and abandoning module AssetManagerEditor (268)
[2019.02.03-20.29.28:156][566]LogModuleManager: Shutting down and abandoning module LevelEditor (267)
[2019.02.03-20.29.28:157][566]LogModuleManager: Shutting down and abandoning module PixelInspectorModule (266)
[2019.02.03-20.29.28:157][566]LogModuleManager: Shutting down and abandoning module CommonMenuExtensions (264)
[2019.02.03-20.29.28:158][566]LogModuleManager: Shutting down and abandoning module MainFrame (262)
[2019.02.03-20.29.28:158][566]LogModuleManager: Shutting down and abandoning module HotReload (261)
[2019.02.03-20.29.28:159][566]LogModuleManager: Shutting down and abandoning module ContentBrowser (257)
[2019.02.03-20.29.28:160][566]LogModuleManager: Shutting down and abandoning module TreeMap (255)
[2019.02.03-20.29.28:160][566]LogModuleManager: Shutting down and abandoning module LightPropagationVolumeRuntime (252)
[2019.02.03-20.29.28:160][566]LogModuleManager: Shutting down and abandoning module AISupportModule (250)
[2019.02.03-20.29.28:160][566]LogModuleManager: Shutting down and abandoning module Paper2D (248)
[2019.02.03-20.29.28:160][566]LogModuleManager: Shutting down and abandoning module WindowsMoviePlayer (246)
[2019.02.03-20.29.28:161][566]LogModuleManager: Shutting down and abandoning module WmfMedia (244)
[2019.02.03-20.29.28:163][566]LogModuleManager: Shutting down and abandoning module Media (243)
[2019.02.03-20.29.28:169][566]LogModuleManager: Shutting down and abandoning module PacketHandler (240)
[2019.02.03-20.29.28:169][566]LogModuleManager: Shutting down and abandoning module ClothingSystemEditor (238)
[2019.02.03-20.29.28:169][566]LogModuleManager: Shutting down and abandoning module ClothingSystemRuntime (236)
[2019.02.03-20.29.28:170][566]LogModuleManager: Shutting down and abandoning module MediaAssets (234)
[2019.02.03-20.29.28:170][566]LogModuleManager: Shutting down and abandoning module Overlay (232)
[2019.02.03-20.29.28:170][566]LogModuleManager: Shutting down and abandoning module OverlayEditor (231)
[2019.02.03-20.29.28:170][566]LogModuleManager: Shutting down and abandoning module VREditor (228)
[2019.02.03-20.29.28:170][566]LogModuleManager: Shutting down and abandoning module StringTableEditor (226)
[2019.02.03-20.29.28:171][566]LogModuleManager: Shutting down and abandoning module GameplayTasksEditor (224)
[2019.02.03-20.29.28:171][566]LogModuleManager: Shutting down and abandoning module BehaviorTreeEditor (222)
[2019.02.03-20.29.28:172][566]LogModuleManager: Shutting down and abandoning module FunctionalTesting (220)
[2019.02.03-20.29.28:173][566]LogModuleManager: Shutting down and abandoning module CollisionAnalyzer (218)
[2019.02.03-20.29.28:173][566]LogModuleManager: Shutting down and abandoning module WorkspaceMenuStructure (217)
[2019.02.03-20.29.28:173][566]LogModuleManager: Shutting down and abandoning module UMG (214)
[2019.02.03-20.29.28:174][566]LogModuleManager: Shutting down and abandoning module UMGEditor (213)
[2019.02.03-20.29.28:175][566]LogModuleManager: Shutting down and abandoning module Sequencer (212)
[2019.02.03-20.29.28:176][566]LogModuleManager: Shutting down and abandoning module MessageLog (209)
[2019.02.03-20.29.28:176][566]LogModuleManager: Shutting down and abandoning module SlateReflector (204)
[2019.02.03-20.29.28:178][566]LogModuleManager: Shutting down and abandoning module Slate (202)
[2019.02.03-20.29.28:178][566]LogModuleManager: Shutting down and abandoning module EditorStyle (200)
[2019.02.03-20.29.28:181][566]LogModuleManager: Shutting down and abandoning module MRMesh (198)
[2019.02.03-20.29.28:181][566]LogModuleManager: Shutting down and abandoning module SourceCodeAccess (196)
[2019.02.03-20.29.28:181][566]LogModuleManager: Shutting down and abandoning module HeadMountedDisplay (194)
[2019.02.03-20.29.28:181][566]LogModuleManager: Shutting down and abandoning module XAudio2 (192)
[2019.02.03-20.29.28:181][566]LogModuleManager: Shutting down and abandoning module Networking (190)
[2019.02.03-20.29.28:181][566]LogModuleManager: Shutting down and abandoning module Core (188)
[2019.02.03-20.29.28:181][566]LogModuleManager: Shutting down and abandoning module LevelSequence (186)
[2019.02.03-20.29.28:181][566]LogModuleManager: Shutting down and abandoning module KismetCompiler (184)
[2019.02.03-20.29.28:181][566]LogModuleManager: Shutting down and abandoning module MeshUtilities (182)
[2019.02.03-20.29.28:182][566]LogModuleManager: Shutting down and abandoning module MeshMergeUtilities (181)
[2019.02.03-20.29.28:183][566]LogModuleManager: Shutting down and abandoning module MeshReductionInterface (180)
[2019.02.03-20.29.28:183][566]LogModuleManager: Shutting down and abandoning module SimplygonSwarm (179)
[2019.02.03-20.29.28:183][566]LogModuleManager: Shutting down and abandoning module ProxyLODMeshReduction (177)
[2019.02.03-20.29.28:184][566]LogModuleManager: Shutting down and abandoning module SimplygonMeshReduction (175)
[2019.02.03-20.29.28:184][566]LogModuleManager: Shutting down and abandoning module QuadricMeshReduction (173)
[2019.02.03-20.29.28:184][566]LogModuleManager: Shutting down and abandoning module MaterialBaking (169)
[2019.02.03-20.29.28:184][566]LogModuleManager: Shutting down and abandoning module DirectoryWatcher (165)
[2019.02.03-20.29.28:185][566]LogModuleManager: Shutting down and abandoning module DerivedDataCache (162)
[2019.02.03-20.29.28:247][566]LogDerivedDataCache: Shutdown
[2019.02.03-20.29.28:247][566]LogModuleManager: Shutting down and abandoning module XGEController (160)
[2019.02.03-20.29.28:247][566]LogXGEController: Cleaning working directory: C:/Users/hjc13/AppData/Local/Temp/UnrealXGEWorkingDir/
[2019.02.03-20.29.28:248][566]LogModuleManager: Shutting down and abandoning module TargetPlatform (158)
[2019.02.03-20.29.28:248][566]LogModuleManager: Shutting down and abandoning module VulkanShaderFormat (157)
[2019.02.03-20.29.28:248][566]LogModuleManager: Shutting down and abandoning module ShaderFormatVectorVM (155)
[2019.02.03-20.29.28:248][566]LogModuleManager: Shutting down and abandoning module ShaderFormatOpenGL (153)
[2019.02.03-20.29.28:248][566]LogModuleManager: Shutting down and abandoning module ShaderFormatD3D (151)
[2019.02.03-20.29.28:248][566]LogModuleManager: Shutting down and abandoning module MetalShaderFormat (149)
[2019.02.03-20.29.28:248][566]LogModuleManager: Shutting down and abandoning module TextureFormatUncompressed (147)
[2019.02.03-20.29.28:248][566]LogModuleManager: Shutting down and abandoning module TextureFormatPVR (145)
[2019.02.03-20.29.28:248][566]LogModuleManager: Shutting down and abandoning module TextureFormatDXT (143)
[2019.02.03-20.29.28:249][566]LogModuleManager: Shutting down and abandoning module TextureFormatIntelISPCTexComp (141)
[2019.02.03-20.29.28:249][566]LogModuleManager: Shutting down and abandoning module TextureFormatASTC (139)
[2019.02.03-20.29.28:249][566]LogModuleManager: Shutting down and abandoning module ImageWrapper (138)
[2019.02.03-20.29.28:249][566]LogModuleManager: Shutting down and abandoning module TextureFormatAndroid (135)
[2019.02.03-20.29.28:249][566]LogModuleManager: Shutting down and abandoning module AudioFormatOpus (133)
[2019.02.03-20.29.28:249][566]LogModuleManager: Shutting down and abandoning module AudioFormatOgg (131)
[2019.02.03-20.29.28:249][566]LogModuleManager: Shutting down and abandoning module AudioFormatADPCM (129)
[2019.02.03-20.29.28:249][566]LogModuleManager: Shutting down and abandoning module LuminTargetPlatform (127)
[2019.02.03-20.29.28:249][566]LogModuleManager: Shutting down and abandoning module LinuxTargetPlatform (125)
[2019.02.03-20.29.28:249][566]LogModuleManager: Shutting down and abandoning module LinuxServerTargetPlatform (123)
[2019.02.03-20.29.28:249][566]LogModuleManager: Shutting down and abandoning module LinuxNoEditorTargetPlatform (121)
[2019.02.03-20.29.28:250][566]LogModuleManager: Shutting down and abandoning module LinuxClientTargetPlatform (119)
[2019.02.03-20.29.28:250][566]LogModuleManager: Shutting down and abandoning module TVOSTargetPlatform (117)
[2019.02.03-20.29.28:251][566]LogModuleManager: Shutting down and abandoning module Messaging (115)
[2019.02.03-20.29.28:251][566]LogModuleManager: Shutting down and abandoning module IOSTargetPlatform (113)
[2019.02.03-20.29.28:251][566]LogModuleManager: Shutting down and abandoning module HTML5TargetPlatform (111)
[2019.02.03-20.29.28:251][566]LogModuleManager: Shutting down and abandoning module AndroidTargetPlatform (109)
[2019.02.03-20.29.28:257][566]LogModuleManager: Shutting down and abandoning module WindowsTargetPlatform (107)
[2019.02.03-20.29.28:257][566]LogModuleManager: Shutting down and abandoning module WindowsServerTargetPlatform (105)
[2019.02.03-20.29.28:257][566]LogModuleManager: Shutting down and abandoning module WindowsNoEditorTargetPlatform (103)
[2019.02.03-20.29.28:257][566]LogModuleManager: Shutting down and abandoning module WindowsClientTargetPlatform (101)
[2019.02.03-20.29.28:257][566]LogModuleManager: Shutting down and abandoning module MacTargetPlatform (99)
[2019.02.03-20.29.28:257][566]LogModuleManager: Shutting down and abandoning module MacServerTargetPlatform (97)
[2019.02.03-20.29.28:257][566]LogModuleManager: Shutting down and abandoning module MacNoEditorTargetPlatform (95)
[2019.02.03-20.29.28:257][566]LogModuleManager: Shutting down and abandoning module MacClientTargetPlatform (93)
[2019.02.03-20.29.28:257][566]LogModuleManager: Shutting down and abandoning module AllDesktopTargetPlatform (91)
[2019.02.03-20.29.28:257][566]LogModuleManager: Shutting down and abandoning module InputCore (88)
[2019.02.03-20.29.28:257][566]LogModuleManager: Shutting down and abandoning module Settings (86)
[2019.02.03-20.29.28:257][566]LogModuleManager: Shutting down and abandoning module PhysXCooking (84)
[2019.02.03-20.29.28:257][566]LogModuleManager: Shutting down and abandoning module SteamVR (82)
[2019.02.03-20.29.28:257][566]LogModuleManager: Shutting down and abandoning module OculusHMD (80)
[2019.02.03-20.29.28:258][566]LogModuleManager: Shutting down and abandoning module ExampleDeviceProfileSelector (78)
[2019.02.03-20.29.28:258][566]LogModuleManager: Shutting down and abandoning module LauncherChunkInstaller (76)
[2019.02.03-20.29.28:258][566]LogModuleManager: Shutting down and abandoning module OnlineBlueprintSupport (74)
[2019.02.03-20.29.28:258][566]LogModuleManager: Shutting down and abandoning module OnlineSubsystem (70)
[2019.02.03-20.29.28:260][566]LogModuleManager: Shutting down and abandoning module XMPP (65)
[2019.02.03-20.29.28:262][566]LogModuleManager: Shutting down and abandoning module WebSockets (64)
[2019.02.03-20.29.28:279][566]LogModuleManager: Shutting down and abandoning module HTTP (61)
[2019.02.03-20.29.28:279][566]LogHttp: Display: Http module shutting down, but needs to wait on 1 outstanding Http requests:
[2019.02.03-20.29.28:279][566]LogHttp: Display: 	verb=[POST] url=[https://datarouter.ol.epicgames.com/datarouter/api/v1/public/data?SessionID=%7B5B0296F3-475A-3E40-BEA3-22AF0F4404B3%7D&AppID=UEEditor.Rocket.Release&AppVersion=4.20.3-4369336%2B%2B%2BUE4%2BRelease-4.20&UserID=4a58142e473bbf9e5b24d6b4f79f8123%7Cc8f86d0738fc49c1ad0710571bb89c18%7C56f0771c-a2ff-430e-b9e7-94fd301a95ff&AppEnvironment=datacollector-binary&UploadType=eteventstream] status=Processing
[2019.02.03-20.29.28:306][566]LogModuleManager: Shutting down and abandoning module SSL (60)
[2019.02.03-20.29.28:308][566]LogModuleManager: Shutting down and abandoning module MagicLeapEmulator (56)
[2019.02.03-20.29.28:308][566]LogModuleManager: Shutting down and abandoning module MagicLeapPrivileges (54)
[2019.02.03-20.29.28:308][566]LogModuleManager: Shutting down and abandoning module MagicLeapIdentity (52)
[2019.02.03-20.29.28:308][566]LogModuleManager: Shutting down and abandoning module MagicLeapHelperVulkan (50)
[2019.02.03-20.29.28:308][566]LogModuleManager: Shutting down and abandoning module MagicLeapHelperOpenGL (48)
[2019.02.03-20.29.28:308][566]LogModuleManager: Shutting down and abandoning module MagicLeapSecureStorage (46)
[2019.02.03-20.29.28:308][566]LogModuleManager: Shutting down and abandoning module MagicLeapGestures (44)
[2019.02.03-20.29.28:308][566]LogModuleManager: Shutting down and abandoning module MagicLeapEyeTracker (42)
[2019.02.03-20.29.28:308][566]LogModuleManager: Shutting down and abandoning module MagicLeapController (40)
[2019.02.03-20.29.28:308][566]LogSlate: Slate User Destroyed.  User Index 0, Is Virtual User: 0
[2019.02.03-20.29.28:308][566]LogModuleManager: Shutting down and abandoning module MagicLeap (38)
[2019.02.03-20.29.28:308][566]LogModuleManager: Shutting down and abandoning module AnimationModifiers (36)
[2019.02.03-20.29.28:309][566]LogModuleManager: Shutting down and abandoning module PropertyEditor (35)
[2019.02.03-20.29.28:310][566]LogModuleManager: Shutting down and abandoning module AudioEditor (32)
[2019.02.03-20.29.28:311][566]LogModuleManager: Shutting down and abandoning module TextureCompressor (30)
[2019.02.03-20.29.28:312][566]LogModuleManager: Shutting down and abandoning module ShaderCore (28)
[2019.02.03-20.29.28:312][566]LogModuleManager: Shutting down and abandoning module Landscape (26)
[2019.02.03-20.29.28:312][566]LogModuleManager: Shutting down and abandoning module SlateRHIRenderer (24)
[2019.02.03-20.29.28:313][566]LogModuleManager: Shutting down and abandoning module OpenGLDrv (22)
[2019.02.03-20.29.28:313][566]LogModuleManager: Shutting down and abandoning module D3D11RHI (20)
[2019.02.03-20.29.28:313][566]LogModuleManager: Shutting down and abandoning module AnimGraphRuntime (18)
[2019.02.03-20.29.28:313][566]LogModuleManager: Shutting down and abandoning module Renderer (16)
[2019.02.03-20.29.28:314][566]LogModuleManager: Shutting down and abandoning module Engine (14)
[2019.02.03-20.29.28:314][566]LogModuleManager: Shutting down and abandoning module CoreUObject (12)
[2019.02.03-20.29.28:314][566]LogModuleManager: Shutting down and abandoning module NetworkFile (10)
[2019.02.03-20.29.28:314][566]LogModuleManager: Shutting down and abandoning module CookedIterativeFile (8)
[2019.02.03-20.29.28:314][566]LogModuleManager: Shutting down and abandoning module StreamingFile (6)
[2019.02.03-20.29.28:314][566]LogModuleManager: Shutting down and abandoning module SandboxFile (4)
[2019.02.03-20.29.28:314][566]LogModuleManager: Shutting down and abandoning module PakFile (2)
[2019.02.03-20.29.28:320][566]LogExit: Exiting.
[2019.02.03-20.29.28:330][566]Log file closed, 02/03/19 13:29:28
